2021-05-27T20:25:25.626367,12,11.457215865447997,0.017603,11.439612865447998,502,None,
2021-05-27T20:25:25.617723,2,23.973197959152223,0.014766,23.95843195915222,502,None,
2021-05-27T20:25:25.618662,3,23.592856752609254,0.019549,23.573307752609253,502,None,
2021-05-27T20:25:25.690235,25,5.979865004470825,0.006828,5.973037004470825,502,None,
2021-05-27T20:25:25.623579,9,14.470762232528687,0.011286,14.459476232528687,502,None,
2021-05-27T20:25:25.619860,4,20.204922881500245,0.022742,20.182180881500244,502,None,
2021-05-27T20:25:25.697621,28,3.031809147842407,0.006033,3.0257761478424072,502,None,
2021-05-27T20:25:25.617178,1,25.906078046295168,0.011697,25.894381046295166,502,None,
2021-05-27T20:25:25.685149,24,7.749985808288574,0.007887,7.742098808288574,502,None,
2021-05-27T20:25:25.621339,6,21.113237927764892,0.017294,21.095943927764893,502,None,
2021-05-27T20:25:25.700040,29,4.901402881896972,0.002438,4.898964881896973,502,None,
2021-05-27T20:25:25.648669,18,11.205300313278197,0.014971,11.190329313278198,502,None,
2021-05-27T20:25:25.625006,11,14.151706185409546,0.016422,14.135284185409546,502,None,
2021-05-27T20:25:25.629237,13,23.42512393937683,0.016531,23.40859293937683,502,None,
2021-05-27T20:25:25.671191,21,8.819528244064331,0.014573,8.804955244064331,502,None,
2021-05-27T20:25:25.675242,22,9.229793061401367,0.007627,9.222166061401367,502,None,
2021-05-27T20:25:25.636757,16,15.228219036514282,0.028157,15.200062036514282,502,None,
2021-05-27T20:25:25.694439,27,5.549025106826782,0.005091,5.543934106826782,502,None,
2021-05-27T20:25:25.630193,14,20.163629859298705,0.021669,20.141960859298706,502,None,
2021-05-27T20:25:25.639837,17,17.548376210845948,0.021114,17.527262210845947,502,None,
2021-05-27T20:25:25.692089,26,6.113905294387817,0.004243,6.109662294387817,502,None,
2021-05-27T20:25:25.624024,10,12.420127900741576,0.020798,12.399329900741577,502,None,
2021-05-27T20:25:25.662497,20,11.249927936401367,0.01409,11.235837936401367,502,None,
2021-05-27T20:25:25.679748,23,8.698511987426757,0.010003,8.688508987426758,502,None,
2021-05-27T20:25:25.622487,8,18.069912071487426,0.019122,18.050790071487427,502,None,
2021-05-27T20:25:25.633590,15,17.303497066238403,0.028378,17.275119066238403,502,None,
2021-05-27T20:25:25.621808,7,21.255148174072264,0.013201,21.241947174072266,502,None,
2021-05-27T20:25:25.616333,0,18.623338378707885,0.019267,18.604071378707886,502,None,
2021-05-27T20:25:25.620664,5,23.531634061157227,0.013787,23.517847061157227,502,None,
2021-05-27T20:25:25.659031,19,14.421400732101441,0.010889,14.41051173210144,502,None,
2021-05-27T20:25:52.308637,19,2.9168050912628174,0.003676,2.9131290912628174,502,None,
2021-05-27T20:25:51.644649,6,3.603817165100098,0.007312,3.5965051651000977,502,None,
2021-05-27T20:25:52.240831,0,3.0482360811157228,0.003092,3.0451440811157227,502,None,
2021-05-27T20:25:51.880337,16,3.4070322001190187,0.004497,3.4025352001190186,502,None,
2021-05-27T20:25:52.003001,17,3.356847084197998,0.00366,3.353187084197998,502,None,
2021-05-27T20:25:51.863482,21,3.5375081977996827,0.005691,3.5318171977996826,502,None,
2021-05-27T20:25:51.666075,11,3.735157055114746,0.004674,3.730483055114746,502,None,
2021-05-27T20:25:51.622158,24,3.7845140594177247,0.005643,3.7788710594177246,502,None,
2021-05-27T20:25:51.533958,12,3.8625040326843263,0.011251,3.851253032684326,502,None,
2021-05-27T20:25:51.665975,18,3.7434921260528564,0.003968,3.7395241260528564,502,None,
2021-05-27T20:25:51.572830,25,3.8329630179595946,0.004895,3.8280680179595947,502,None,
2021-05-27T20:25:51.880234,22,3.570251087112427,0.005545,3.5647060871124268,502,None,
2021-05-27T20:25:51.658856,29,4.110484109237671,0.003978,4.106506109237671,502,None,
2021-05-27T20:25:51.534284,3,4.224657955383301,0.013174,4.211483955383301,502,None,
2021-05-27T20:25:52.223547,7,3.5485970769348145,0.004369,3.5442280769348145,502,None,
2021-05-27T20:25:51.534101,2,4.237768930480957,0.007448,4.230320930480957,502,None,
2021-05-27T20:25:52.082373,10,3.7028158712005617,0.01046,3.6923558712005615,502,None,
2021-05-27T20:25:51.782221,13,4.005042176177978,0.006703,3.9983391761779785,502,None,
2021-05-27T20:25:51.580203,4,4.281113932327271,0.004654,4.2764599323272705,502,None,
2021-05-27T20:25:51.589535,28,4.334640048782348,0.004267,4.330373048782349,502,None,
2021-05-27T20:25:52.141464,8,3.7897809788360597,0.004614,3.7851669788360596,502,None,
2021-05-27T20:25:52.176569,15,3.755593882644653,0.003363,3.7522308826446533,502,None,
2021-05-27T20:25:51.905558,27,4.02903897467041,0.004479,4.02455997467041,502,None,
2021-05-27T20:25:52.079563,26,3.851619055389404,0.014324,3.8372950553894043,502,None,
2021-05-27T20:25:52.119860,20,3.8158861816864014,0.003498,3.8123881816864014,502,None,
2021-05-27T20:25:51.604439,1,4.327923918380737,0.00639,4.321533918380737,502,None,
2021-05-27T20:25:52.133963,23,3.8024871035461425,0.003113,3.7993741035461426,502,None,
2021-05-27T20:25:51.974128,14,3.963121954574585,0.00364,3.959481954574585,502,None,
2021-05-27T20:25:51.580078,9,4.370324875137329,0.006372,4.363952875137329,502,None,
2021-05-27T20:25:52.289275,5,3.6724308412475586,0.003517,3.6689138412475586,502,None,
2021-05-27T20:25:55.426819,25,3.5047350171966554,0.004617,3.5001180171966553,502,None,
2021-05-27T20:25:55.233051,19,3.7055271919403077,0.030491,3.6750361919403076,502,None,
2021-05-27T20:25:55.418994,12,3.532039985076904,0.007367,3.5246729850769043,502,None,
2021-05-27T20:25:55.294611,0,3.6958179990081788,0.019028,3.6767899990081787,502,None,
2021-05-27T20:25:55.981552,9,3.01505781111145,0.003294,3.01176381111145,502,None,
2021-05-27T20:25:55.777519,29,3.2653279588012696,0.005878,3.2594499588012695,502,None,
2021-05-27T20:25:55.941007,27,3.7362860197906493,0.008638,3.7276480197906494,502,None,
2021-05-27T20:25:55.257495,6,4.468503087265015,0.047582,4.420921087265015,502,None,
2021-05-27T20:25:55.982018,5,3.8068839542541504,0.003266,3.8036179542541504,502,None,
2021-05-27T20:25:55.940977,15,3.839837935714722,0.011655,3.8281829357147217,502,None,
2021-05-27T20:25:55.883211,4,3.900473939224243,0.004346,3.896127939224243,502,None,
2021-05-27T20:25:55.941042,26,3.840533832824707,0.009688,3.830845832824707,502,None,
2021-05-27T20:25:55.460042,22,4.324583895339966,0.010265,4.314318895339966,502,None,
2021-05-27T20:25:55.941096,1,3.8400197216186522,0.006166,3.8338537216186523,502,None,
2021-05-27T20:25:55.414186,11,4.378034967575073,0.00341,4.374624967575073,502,None,
2021-05-27T20:25:55.940874,28,3.8458241495666505,0.008881,3.8369431495666504,502,None,
2021-05-27T20:25:55.943466,23,3.840042184234619,0.005426,3.834616184234619,502,None,
2021-05-27T20:25:55.365831,17,4.43155788092041,0.006119,4.42543888092041,502,None,
2021-05-27T20:25:55.941069,20,3.9420370110321046,0.01113,3.9309070110321045,502,None,
2021-05-27T20:25:55.419044,18,4.482258029464722,0.008079,4.474179029464722,502,None,
2021-05-27T20:25:55.777641,3,4.1281579193572995,0.004973,4.1231849193573,502,None,
2021-05-27T20:25:55.796108,2,4.0478159026031495,0.002663,4.045152902603149,502,None,
2021-05-27T20:25:55.418897,24,4.483409968719482,0.007485,4.475924968719482,502,None,
2021-05-27T20:25:55.407450,21,4.5102491749114995,0.004432,4.505817174911499,502,None,
2021-05-27T20:25:55.940944,8,3.9664050483093263,0.007486,3.958919048309326,502,None,
2021-05-27T20:25:55.781958,7,4.1410049972229,0.002243,4.1387619972229,502,None,
2021-05-27T20:25:55.796476,13,4.066477089157105,0.00349,4.0629870891571045,502,None,
2021-05-27T20:25:55.796310,10,4.0718709329986575,0.003065,4.068805932998657,502,None,
2021-05-27T20:25:55.948291,14,3.979157196609497,0.003942,3.975215196609497,502,None,
2021-05-27T20:25:55.297541,16,4.6409078535461425,0.017315,4.623592853546143,502,None,
2021-05-27T20:25:58.951078,19,1.3485060675811769,0.00432,1.3441860675811768,502,None,
2021-05-27T20:25:58.964632,12,1.3484620051422118,0.004954,1.343508005142212,502,None,
2021-05-27T20:25:58.946000,25,1.3678930445709228,0.003429,1.3644640445709229,502,None,
2021-05-27T20:25:59.837796,28,3.056009070541382,0.013752,3.042257070541382,502,None,
2021-05-27T20:25:59.805539,5,3.0778709857330324,0.016786,3.0610849857330322,502,None,
2021-05-27T20:26:00.308366,19,2.628010242477417,0.002691,2.625319242477417,502,None,
2021-05-27T20:25:59.934524,7,2.993871121582031,0.008634,2.9852371215820312,502,None,
2021-05-27T20:25:59.956801,16,2.9804681562347413,0.003492,2.976976156234741,502,None,
2021-05-27T20:25:59.004757,0,3.9551648400421144,0.005037,3.9501278400421143,502,None,
2021-05-27T20:25:59.837603,1,3.1854630101623536,0.014669,3.1707940101623535,502,None,
2021-05-27T20:25:59.050796,29,3.998439083480835,0.002275,3.996164083480835,502,None,
2021-05-27T20:26:00.320927,12,3.2805239761657714,0.002557,3.2779669761657715,502,None,
2021-05-27T20:25:59.714985,27,3.882817889633179,0.006565,3.8762528896331787,502,None,
2021-05-27T20:25:59.805860,4,3.7782821214141844,0.045819,3.7324631214141846,502,None,
2021-05-27T20:26:00.321928,25,3.2873989436798094,0.002293,3.2851059436798096,502,None,
2021-05-27T20:25:59.006128,9,4.625805000473022,0.004351,4.6214540004730225,502,None,
2021-05-27T20:25:59.956602,14,3.6756932323913576,0.003998,3.6716952323913574,502,None,
2021-05-27T20:25:59.837847,23,3.7806668810272215,0.016815,3.7638518810272217,502,None,
2021-05-27T20:25:59.805798,15,3.797536966293335,0.015118,3.782418966293335,502,None,
2021-05-27T20:25:59.772545,6,3.8741412606658936,0.003619,3.8705222606658936,502,None,
2021-05-27T20:25:59.805903,26,3.9956112597808837,0.016136,3.979475259780884,502,None,
2021-05-27T20:25:59.837723,11,3.9797107452545166,0.016591,3.9631197452545166,502,None,
2021-05-27T20:25:59.916354,3,3.920723925735474,0.004627,3.9160969257354736,502,None,
2021-05-27T20:25:59.929306,24,3.9056538118743895,0.00344,3.9022138118743896,502,None,
2021-05-27T20:25:59.916277,18,3.9219550642700196,0.006072,3.9158830642700195,502,None,
2021-05-27T20:25:59.949264,10,3.8868162435455322,0.002367,3.8844492435455322,502,None,
2021-05-27T20:25:59.805946,22,4.004498202209473,0.007755,3.9967432022094727,502,None,
2021-05-27T20:25:59.916390,2,3.9314391622924805,0.004915,3.9265241622924805,502,None,
2021-05-27T20:25:59.934348,21,3.9112789730377195,0.006032,3.9052469730377197,502,None,
2021-05-27T20:25:59.904741,20,3.949242041366577,0.002793,3.946449041366577,502,None,
2021-05-27T20:25:59.941632,13,3.905343859161377,0.004289,3.901054859161377,502,None,
2021-05-27T20:25:59.934476,8,3.9306678425140382,0.003607,3.927060842514038,502,None,
2021-05-27T20:25:59.842700,17,4.015774007720947,0.01317,4.002604007720947,502,None,
2021-05-27T20:26:02.946071,7,1.3729900764465333,0.003025,1.3699650764465332,503,None,
2021-05-27T20:26:02.945794,19,1.3741803540802002,0.003835,1.3703453540802002,503,None,
2021-05-27T20:26:02.920890,28,1.4196640103912352,0.00361,1.4160540103912354,502,None,
2021-05-27T20:26:02.929667,5,1.4138109656219482,0.001863,1.4119479656219482,503,None,
2021-05-27T20:26:02.958688,16,1.3916647867279053,0.003058,1.3886067867279053,503,None,
2021-05-27T20:26:02.968997,0,1.3973270563354492,0.004624,1.3927030563354492,503,None,
2021-05-27T20:26:03.613718,27,3.1061662605285645,0.0078,3.0983662605285645,503,None,
2021-05-27T20:26:03.883250,20,3.159965011291504,0.00318,3.156785011291504,503,None,
2021-05-27T20:26:04.357724,5,2.6997609464263914,0.002785,2.6969759464263916,503,None,
2021-05-27T20:26:03.052624,1,4.005818897567749,0.012636,3.993182897567749,503,None,
2021-05-27T20:26:03.647888,23,3.4163820913848877,0.002656,3.4137260913848877,503,None,
2021-05-27T20:26:03.620119,25,3.4508350978546143,0.005468,3.4453670978546143,503,None,
2021-05-27T20:26:03.850915,26,3.208783127655029,0.002439,3.2063441276550293,503,None,
2021-05-27T20:26:03.901182,8,3.782986807785034,0.002335,3.780651807785034,503,None,
2021-05-27T20:26:04.350653,28,3.4282131307525634,0.001642,3.4265711307525635,503,None,
2021-05-27T20:26:03.911279,17,3.9500071841583253,0.004436,3.945571184158325,503,None,
2021-05-27T20:26:03.863327,3,3.9875369915618895,0.003414,3.9841229915618896,503,None,
2021-05-27T20:26:03.883200,21,3.972900783920288,0.004275,3.968625783920288,503,None,
2021-05-27T20:26:04.333920,7,3.5428952947235106,0.00581,3.5370852947235107,503,None,
2021-05-27T20:26:03.072730,29,4.788937307250976,0.005038,4.783899307250977,503,None,
2021-05-27T20:26:03.863589,18,4.021715147781372,0.00405,4.017665147781372,503,None,
2021-05-27T20:26:03.644828,14,4.260734735687256,0.002608,4.258126735687256,503,None,
2021-05-27T20:26:03.658705,6,4.251307869735718,0.003616,4.247691869735718,503,None,
2021-05-27T20:26:03.616786,4,4.327324761489868,0.003554,4.323770761489868,503,None,
2021-05-27T20:26:03.851548,11,4.099486864608765,0.001869,4.097617864608765,503,None,
2021-05-27T20:26:03.883104,2,4.056096983459472,0.004178,4.051918983459473,503,None,
2021-05-27T20:26:03.863501,24,4.0744590646667485,0.004292,4.070167064666748,503,None,
2021-05-27T20:26:04.372640,0,3.59220708392334,0.002082,3.59012508392334,503,None,
2021-05-27T20:26:03.653879,15,4.305754731262207,0.002863,4.302891731262207,503,None,
2021-05-27T20:26:04.335353,19,3.629654793121338,0.004702,3.624952793121338,503,None,
2021-05-27T20:26:04.358780,16,3.6165167211761475,0.001624,3.6148927211761475,503,None,
2021-05-27T20:26:03.640349,9,4.338631184158325,0.002435,4.336196184158325,503,None,
2021-05-27T20:26:03.607819,12,4.3783553188934325,0.004314,4.374041318893433,503,None,
2021-05-27T20:26:03.883292,13,4.091551971817017,0.004775,4.086776971817017,503,None,
2021-05-27T20:26:03.876766,22,4.102104138671875,0.002037,4.100067138671875,503,None,
2021-05-27T20:26:06.766470,27,1.2390839815979005,0.004863,1.2342209815979004,503,None,
2021-05-27T20:26:03.863664,10,4.1347800227966305,0.003759,4.131021022796631,503,None,
2021-05-27T20:26:07.920372,6,2.850780175628662,0.003565,2.847215175628662,503,None,
2021-05-27T20:26:07.997241,9,2.7848849599761962,0.006017,2.7788679599761963,503,None,
2021-05-27T20:26:07.088419,26,3.7013848158874514,0.004154,3.697230815887451,503,None,
2021-05-27T20:26:07.982024,0,2.8028278940124514,0.004767,2.798060894012451,503,None,
2021-05-27T20:26:07.881859,17,3.0570672001037598,0.004216,3.0528512001037598,503,None,
2021-05-27T20:26:07.062622,20,4.479602116012574,0.004025,4.475577116012573,503,None,
2021-05-27T20:26:07.063372,5,4.486667705612183,0.00258,4.484087705612183,503,None,
2021-05-27T20:26:08.033483,10,3.5236149602355957,0.003244,3.5203709602355957,503,None,
2021-05-27T20:26:08.010590,13,3.5375530662231447,0.002743,3.5348100662231445,503,None,
2021-05-27T20:26:07.706706,8,3.855889067123413,0.002223,3.853666067123413,503,None,
2021-05-27T20:26:07.920189,18,3.637440143661499,0.003205,3.634235143661499,503,None,
2021-05-27T20:26:07.881952,3,3.732163877441406,0.003427,3.7287368774414062,503,None,
2021-05-27T20:26:08.010691,22,3.598781274581909,0.003951,3.594830274581909,503,None,
2021-05-27T20:26:07.088364,25,4.553231943878174,0.003484,4.549747943878174,503,None,
2021-05-27T20:26:07.790861,28,3.8513001331176757,0.004959,3.846341133117676,503,None,
2021-05-27T20:26:07.882002,21,3.755555940261841,0.002791,3.752764940261841,503,None,
2021-05-27T20:26:07.895014,7,3.7456898017425537,0.002402,3.7432878017425537,503,None,
2021-05-27T20:26:08.026899,27,3.6238832859802246,0.002605,3.6212782859802246,503,None,
2021-05-27T20:26:07.982062,15,3.687428850326538,0.00341,3.684018850326538,503,None,
2021-05-27T20:26:07.997175,16,3.6806918506622313,0.00675,3.6739418506622314,503,None,
2021-05-27T20:26:07.076345,1,4.6619140096893315,0.003199,4.658715009689331,503,None,
2021-05-27T20:26:07.982090,19,3.7548880668182374,0.004277,3.7506110668182373,503,None,
2021-05-27T20:26:07.969454,2,3.7728191364135744,0.004109,3.768710136413574,503,None,
2021-05-27T20:26:07.981937,24,3.7633516898498534,0.002836,3.7605156898498535,503,None,
2021-05-27T20:26:07.955611,4,3.775315952606201,0.003195,3.772120952606201,503,None,
2021-05-27T20:26:07.969334,11,3.776362930267334,0.004118,3.772244930267334,503,None,
2021-05-27T20:26:07.900900,29,3.853556057632446,0.003338,3.8502180576324463,503,None,
2021-05-27T20:26:08.006275,12,3.7461581103820802,0.007102,3.73905611038208,503,None,
2021-05-27T20:26:07.920318,14,3.8461960646057127,0.00289,3.843306064605713,503,None,
2021-05-27T20:26:07.080749,23,4.689267890914917,0.002059,4.687208890914917,503,None,
2021-05-27T20:26:10.794875,9,1.3535890221557618,0.003046,1.3505430221557617,503,None,
2021-05-27T20:26:10.799478,26,1.3626302493896485,0.002334,1.3602962493896484,503,None,
2021-05-27T20:26:10.783415,6,1.383642086517334,0.003487,1.380155086517334,503,None,
2021-05-27T20:26:10.805155,0,1.3759830932922363,0.001757,1.3742260932922363,503,None,
2021-05-27T20:26:11.795523,14,2.997766241821289,0.002609,2.995157241821289,503,None,
2021-05-27T20:26:11.656565,28,3.1347492627868654,0.001901,3.1328482627868652,503,None,
2021-05-27T20:26:12.169119,26,2.663916126373291,0.002903,2.661013126373291,503,None,
2021-05-27T20:26:11.576054,10,3.6495886827850343,0.011515,3.638073682785034,503,None,
2021-05-27T20:26:12.186729,0,3.072249836654663,0.00197,3.070279836654663,503,None,
2021-05-27T20:26:11.795583,23,3.453835845550537,0.002159,3.451676845550537,503,None,
2021-05-27T20:26:10.953922,17,4.303289946411133,0.002873,4.300416946411133,503,None,
2021-05-27T20:26:11.749735,1,3.551034902130127,0.002336,3.548698902130127,503,None,
2021-05-27T20:26:11.575953,5,3.8962809593963623,0.01478,3.8815009593963623,503,None,
2021-05-27T20:26:11.578511,8,3.9018682752990723,0.012515,3.8893532752990723,503,None,
2021-05-27T20:26:11.670299,27,3.8149448095550538,0.002199,3.8127458095550537,503,None,
2021-05-27T20:26:11.656470,25,3.8308659645233156,0.002416,3.8284499645233154,503,None,
2021-05-27T20:26:11.699718,15,3.806474964416504,0.003938,3.802536964416504,503,None,
2021-05-27T20:26:11.665128,21,3.8394729998168944,0.004431,3.8350419998168945,503,None,
2021-05-27T20:26:11.779103,4,3.8667058662109377,0.005393,3.8613128662109375,503,None,
2021-05-27T20:26:12.155369,9,3.5078370510406494,0.002357,3.5054800510406494,503,None,
2021-05-27T20:26:11.779176,11,3.868432044570923,0.003968,3.864464044570923,503,None,
2021-05-27T20:26:11.640925,22,4.0331263438873295,0.001693,4.031433343887329,503,None,
2021-05-27T20:26:11.778993,2,3.892602850326538,0.005459,3.887143850326538,503,None,
2021-05-27T20:26:11.779406,12,3.894735920883179,0.006276,3.8884599208831787,503,None,
2021-05-27T20:26:11.640497,3,4.0411340281829835,0.002911,4.038223028182983,503,None,
2021-05-27T20:26:11.565756,20,4.090146861083984,0.003908,4.086238861083984,503,None,
2021-05-27T20:26:12.175437,6,3.543764189025879,0.002122,3.541642189025879,503,None,
2021-05-27T20:26:11.670145,7,4.055533080169678,0.003297,4.052236080169678,503,None,
2021-05-27T20:26:11.576098,13,4.136692152679443,0.011088,4.125604152679443,503,None,
2021-05-27T20:26:11.578615,18,4.14268004032898,0.005993,4.1366870403289795,503,None,
2021-05-27T20:26:11.699968,16,4.040325308502197,0.004213,4.036112308502197,503,None,
2021-05-27T20:26:11.779241,29,3.9453433334960937,0.001839,3.9435043334960938,503,None,
2021-05-27T20:26:11.779066,24,3.949723243499756,0.004951,3.944772243499756,503,None,
2021-05-27T20:26:11.769681,19,3.961259136260986,0.001889,3.9593701362609863,503,None,
2021-05-27T20:26:14.813850,28,1.2894030634002684,0.008633,1.2807700634002686,503,None,
2021-05-27T20:26:14.809875,14,1.3037920001220704,0.00632,1.2974720001220703,503,None,
2021-05-27T20:26:14.839618,26,1.2798840973205567,0.010957,1.2689270973205566,503,None,
2021-05-27T20:26:15.751407,19,3.0597518734588625,0.004789,3.0549628734588623,503,None,
2021-05-27T20:26:15.257222,10,3.5521251595306396,0.02778,3.5243451595306396,503,None,
2021-05-27T20:26:15.283981,17,3.431440048309326,0.003771,3.427669048309326,503,None,
2021-05-27T20:26:15.730754,6,3.096013072433472,0.00544,3.0905730724334717,503,None,
2021-05-27T20:26:15.265494,23,3.4403430329742433,0.007594,3.432749032974243,503,None,
2021-05-27T20:26:15.263943,0,3.572265088760376,0.007312,3.564953088760376,503,None,
2021-05-27T20:26:15.693148,9,3.23021796635437,0.002188,3.22802996635437,503,None,
2021-05-27T20:26:15.531483,15,3.889138942932129,0.004174,3.884964942932129,503,None,
2021-05-27T20:26:15.512192,27,3.984932913970947,0.003325,3.9816079139709473,503,None,
2021-05-27T20:26:15.404433,1,4.0847348559722905,0.002011,4.08272385597229,503,None,
2021-05-27T20:26:15.751131,29,3.7995449211273193,0.003641,3.7959039211273193,503,None,
2021-05-27T20:26:15.538732,21,4.038635036453247,0.002934,4.035701036453247,503,None,
2021-05-27T20:26:15.696239,11,3.873129922164917,0.001839,3.871290922164917,503,None,
2021-05-27T20:26:15.751168,24,3.908141828872681,0.004827,3.9033148288726807,503,None,
2021-05-27T20:26:15.703288,12,3.959859597503662,0.002537,3.957322597503662,503,None,
2021-05-27T20:26:15.751046,18,3.9186832205963134,0.005845,3.9128382205963135,503,None,
2021-05-27T20:26:16.128280,14,3.5561860840301516,0.002648,3.5535380840301514,503,None,
2021-05-27T20:26:15.750897,7,3.9219250668792727,0.006953,3.9149720668792725,503,None,
2021-05-27T20:26:15.703364,3,3.968683973953247,0.004272,3.964411973953247,503,None,
2021-05-27T20:26:15.505595,8,4.19989680078125,0.002326,4.19757080078125,503,None,
2021-05-27T20:26:15.703224,2,3.9997779492034913,0.004064,3.995713949203491,503,None,
2021-05-27T20:26:15.751093,16,3.9624699381256105,0.009215,3.9532549381256104,503,None,
2021-05-27T20:26:15.703392,20,4.006941050552368,0.003849,4.003092050552368,503,None,
2021-05-27T20:26:16.118357,28,3.612237139419556,0.002654,3.6095831394195557,503,None,
2021-05-27T20:26:15.685066,4,4.03898912814331,0.002132,4.0368571281433105,503,None,
2021-05-27T20:26:15.750993,13,3.9745299636688234,0.009634,3.9648959636688232,503,None,
2021-05-27T20:26:16.132536,26,3.6067639973754884,0.002412,3.6043519973754883,503,None,
2021-05-27T20:26:15.504471,5,4.226392915237427,0.002263,4.224129915237427,503,None,
2021-05-27T20:26:15.512298,25,4.226744170852661,0.002496,4.224248170852661,503,None,
2021-05-27T20:26:15.696356,22,4.150932041122436,0.002552,4.1483800411224365,503,None,
2021-05-27T20:26:18.834643,19,1.401684973815918,0.006304,1.395380973815918,503,None,
2021-05-27T20:26:18.837975,23,1.4153039790039061,0.002363,1.4129409790039062,503,None,
2021-05-27T20:26:18.836153,6,1.425792098876953,0.004722,1.4210700988769531,503,None,
2021-05-27T20:26:18.877669,0,1.404302838470459,0.002877,1.401425838470459,503,None,
2021-05-27T20:26:18.834710,10,1.4482029517211914,0.004629,1.4435739517211914,503,None,
2021-05-27T20:26:18.834745,17,1.4768348401794433,0.004551,1.4722838401794434,503,None,
2021-05-27T20:26:18.938795,9,1.3859088744659425,0.001802,1.3841068744659424,503,None,
2021-05-27T20:26:19.594279,21,3.3044777111358643,0.094157,3.2103207111358643,503,None,
2021-05-27T20:26:19.753645,7,3.184655293899536,0.046131,3.138524293899536,503,None,
2021-05-27T20:26:19.433125,15,3.519772133270264,0.004716,3.5150561332702637,503,None,
2021-05-27T20:26:20.289235,0,2.7898532242126466,0.001907,2.7879462242126465,503,None,
2021-05-27T20:26:19.753798,2,3.3144409661407472,0.044487,3.269953966140747,503,None,
2021-05-27T20:26:19.753991,13,3.828702910934448,0.043586,3.7851169109344482,503,None,
2021-05-27T20:26:19.753918,28,3.871445119216919,0.040353,3.831092119216919,503,None,
2021-05-27T20:26:19.754025,26,3.874059972244263,0.043006,3.8310539722442627,503,None,
2021-05-27T20:26:19.753834,16,3.8790978589630125,0.03956,3.8395378589630127,503,None,
2021-05-27T20:26:19.680276,24,3.926788780456543,0.008306,3.918482780456543,503,None,
2021-05-27T20:26:19.573204,1,4.081758897140503,0.004728,4.077030897140503,503,None,
2021-05-27T20:26:19.594381,11,4.033856738449097,0.092301,3.9415557384490967,503,None,
2021-05-27T20:26:20.269515,23,3.4614269317932127,0.002032,3.459394931793213,503,None,
2021-05-27T20:26:19.865937,22,3.886201888885498,0.00384,3.882361888885498,503,None,
2021-05-27T20:26:19.682625,12,4.0407687904205325,0.013009,4.027759790420532,503,None,
2021-05-27T20:26:19.753749,8,4.053110908721924,0.034674,4.018436908721924,503,None,
2021-05-27T20:26:19.573098,27,4.257444355789184,0.003741,4.253703355789185,503,None,
2021-05-27T20:26:20.276683,6,3.5609349990997314,0.004791,3.5561439990997314,503,None,
2021-05-27T20:26:19.753873,20,4.061759289489746,0.044411,4.017348289489746,503,None,
2021-05-27T20:26:20.247549,19,3.59199210887146,0.002902,3.58909010887146,503,None,
2021-05-27T20:26:19.753503,18,4.068701058685303,0.043412,4.025289058685303,503,None,
2021-05-27T20:26:19.753955,4,4.081217675567627,0.046801,4.034416675567627,503,None,
2021-05-27T20:26:20.330237,9,3.5358808531951906,0.001895,3.5339858531951904,503,None,
2021-05-27T20:26:19.579139,29,4.279565832641602,0.004303,4.275262832641602,503,None,
2021-05-27T20:26:20.294049,10,3.5737871416931153,0.001913,3.5718741416931152,503,None,
2021-05-27T20:26:19.753697,3,4.095626808242798,0.043205,4.052421808242798,503,None,
2021-05-27T20:26:20.320634,17,3.553302046096802,0.001688,3.5516140460968018,503,None,
2021-05-27T20:26:19.786034,5,4.080612921508789,0.026984,4.053628921508789,503,None,
2021-05-27T20:26:19.753598,14,4.096096636322022,0.042678,4.0534186363220215,503,None,
2021-05-27T20:26:19.789969,25,4.079636043731689,0.025917,4.0537190437316895,503,None,
2021-05-27T20:26:23.887287,14,2.765222075805664,0.00386,2.761362075805664,503,None,
2021-05-27T20:26:23.879846,9,2.790243895874023,0.00261,2.7876338958740234,503,None,
2021-05-27T20:26:23.613946,13,3.0849138885498046,0.004975,3.0799388885498047,503,None,
2021-05-27T20:26:23.849712,20,2.892557033065796,0.002329,2.890228033065796,503,None,
2021-05-27T20:26:23.092352,2,3.672284663421631,0.001957,3.670327663421631,503,None,
2021-05-27T20:26:23.879953,10,2.8756568699798586,0.001771,2.8738858699798584,503,None,
2021-05-27T20:26:23.887247,5,3.407803065765381,0.004138,3.403665065765381,503,None,
2021-05-27T20:26:23.668718,16,3.7480712147369384,0.004514,3.7435572147369385,503,None,
2021-05-27T20:26:23.675983,24,3.714778186691284,0.018538,3.696240186691284,503,None,
2021-05-27T20:26:23.887208,17,3.5336248748779298,0.004925,3.5286998748779297,503,None,
2021-05-27T20:26:23.849629,6,3.6303521513977053,0.003204,3.627148151397705,503,None,
2021-05-27T20:26:23.887144,3,3.6102168851165772,0.006053,3.604163885116577,503,None,
2021-05-27T20:26:23.843886,27,3.667036127990723,0.002019,3.6650171279907227,503,None,
2021-05-27T20:26:23.655080,28,3.8598600142974853,0.002827,3.8570330142974854,503,None,
2021-05-27T20:26:23.764590,23,3.751474151428223,0.003083,3.7483911514282227,503,None,
2021-05-27T20:26:23.656508,26,3.8626059836883546,0.002927,3.8596789836883545,503,None,
2021-05-27T20:26:22.964874,7,4.549760822845459,0.006001,4.543759822845459,503,None,
2021-05-27T20:26:22.962340,21,4.5584451183319095,0.009025,4.549420118331909,503,None,
2021-05-27T20:26:23.851988,19,3.6688139891357423,0.003197,3.665616989135742,503,None,
2021-05-27T20:26:23.768730,22,3.751791203903198,0.002624,3.7491672039031982,503,None,
2021-05-27T20:26:23.676081,1,3.848152121826172,0.002346,3.845806121826172,503,None,
2021-05-27T20:26:23.083041,0,4.447808756942749,0.001745,4.446063756942749,503,None,
2021-05-27T20:26:23.896127,25,3.630234030303955,0.00156,3.628674030303955,503,None,
2021-05-27T20:26:23.879918,29,3.639158734603882,0.005471,3.633687734603882,503,None,
2021-05-27T20:26:23.870541,4,3.6585958207244875,0.002162,3.6564338207244873,503,None,
2021-05-27T20:26:23.010109,15,4.5564147186889645,0.002514,4.553900718688965,503,None,
2021-05-27T20:26:23.843296,8,3.721859901565552,0.002094,3.7197659015655518,503,None,
2021-05-27T20:26:23.784089,12,3.7873208066711426,0.002351,3.7849698066711426,503,None,
2021-05-27T20:26:23.858327,18,3.73728998336792,0.002225,3.73506498336792,503,None,
2021-05-27T20:26:23.695652,11,3.8896359339752196,0.003554,3.8860819339752197,503,None,
2021-05-27T20:26:26.673275,14,1.3705291508483888,0.00388,1.3666491508483887,503,None,
2021-05-27T20:26:26.715305,13,1.3340358098449707,0.002294,1.3317418098449707,503,None,
2021-05-27T20:26:26.691256,9,1.361444852661133,0.003899,1.3575458526611328,503,None,
2021-05-27T20:26:26.780280,10,1.3076760819854736,0.002419,1.3052570819854736,503,None,
2021-05-27T20:26:26.760021,20,1.3338780593109132,0.002795,1.331083059310913,503,None,
2021-05-27T20:26:26.771838,2,1.3633800471343993,0.002004,1.3613760471343994,503,None,
2021-05-27T20:26:27.541374,7,3.2140517150115966,0.01212,3.2019317150115967,503,None,
2021-05-27T20:26:27.608144,8,3.2936270252990725,0.00193,3.2916970252990723,503,None,
2021-05-27T20:26:27.541332,26,3.3721688370056153,0.009157,3.3630118370056152,503,None,
2021-05-27T20:26:27.541236,28,3.382917028930664,0.007053,3.375864028930664,503,None,
2021-05-27T20:26:27.541581,0,3.795312926208496,0.007762,3.787550926208496,503,None,
2021-05-27T20:26:27.318129,5,4.0404719348449705,0.003652,4.036819934844971,503,None,
2021-05-27T20:26:27.627825,18,3.9522249878082274,0.005991,3.9462339878082275,503,None,
2021-05-27T20:26:27.615488,12,4.010145041870117,0.008499,4.001646041870117,503,None,
2021-05-27T20:26:27.541541,1,4.124862002563477,0.00295,4.121912002563477,503,None,
2021-05-27T20:26:28.099901,20,3.607385727661133,0.001793,3.605592727661133,503,None,
2021-05-27T20:26:28.055823,14,3.6525267518005373,0.003096,3.649430751800537,503,None,
2021-05-27T20:26:27.645219,11,4.059868832321167,0.00297,4.056898832321167,503,None,
2021-05-27T20:26:28.092201,10,3.620167902145386,0.003035,3.6171329021453857,503,None,
2021-05-27T20:26:27.541498,22,4.146866738754272,0.008506,4.1383607387542725,503,None,
2021-05-27T20:26:27.576937,4,4.105763873703003,0.002732,4.103031873703003,503,None,
2021-05-27T20:26:27.439400,24,4.270215949172973,0.00512,4.265095949172974,503,None,
2021-05-27T20:26:27.541459,19,4.141402954055786,0.008677,4.132725954055786,503,None,
2021-05-27T20:26:27.532785,3,4.170611909912109,0.001823,4.168788909912109,503,None,
2021-05-27T20:26:27.589830,15,4.096616018844604,0.002501,4.0941150188446045,503,None,
2021-05-27T20:26:27.570894,25,4.117830933761597,0.002325,4.115505933761597,503,None,
2021-05-27T20:26:27.541417,21,4.145862810150146,0.007941,4.1379218101501465,503,None,
2021-05-27T20:26:27.439307,16,4.285313204986572,0.005457,4.279856204986572,503,None,
2021-05-27T20:26:28.065462,9,3.6654378411102293,0.003055,3.6623828411102295,503,None,
2021-05-27T20:26:27.445434,17,4.282924264373779,0.00169,4.281234264373779,503,None,
2021-05-27T20:26:27.541147,27,4.1609021842803955,0.011609,4.1492931842803955,503,None,
2021-05-27T20:26:27.495809,6,4.235202260070801,0.002356,4.232846260070801,503,None,
2021-05-27T20:26:27.576850,29,4.132213138626098,0.003073,4.129140138626099,503,None,
2021-05-27T20:26:27.541287,23,4.162254767807007,0.006808,4.155446767807007,503,None,
2021-05-27T20:26:28.139279,2,3.600048069519043,0.002244,3.597804069519043,503,None,
2021-05-27T20:26:28.061078,13,3.7325658345336916,0.002737,3.7298288345336914,503,None,
2021-05-27T20:26:30.791954,7,1.3665528000030518,0.002866,1.3636868000030518,503,None,
2021-05-27T20:26:30.928841,8,1.2391450988464356,0.001818,1.2373270988464355,503,None,
2021-05-27T20:26:30.949965,26,1.229777129196167,0.002224,1.227553129196167,503,None,
2021-05-27T20:26:30.974756,28,3.8964541393737795,0.007798,3.8886561393737793,503,None,
2021-05-27T20:26:31.773372,29,3.2041850015563966,0.005167,3.1990180015563965,503,None,
2021-05-27T20:26:31.773413,23,3.395754080795288,0.006474,3.389280080795288,503,None,
2021-05-27T20:26:31.773298,6,3.3991199768981932,0.008196,3.3909239768981934,503,None,
2021-05-27T20:26:31.378544,5,3.825044331573486,0.004224,3.8208203315734863,503,None,
2021-05-27T20:26:31.742080,15,3.480765721359253,0.013415,3.467350721359253,503,None,
2021-05-27T20:26:31.741968,24,3.489647162994385,0.008909,3.4807381629943848,503,None,
2021-05-27T20:26:31.773100,9,3.4716308289489746,0.007396,3.4642348289489746,503,None,
2021-05-27T20:26:31.742115,25,3.4935178930511475,0.006799,3.4867188930511475,503,None,
2021-05-27T20:26:31.833496,13,3.4574590270843504,0.002734,3.4547250270843506,503,None,
2021-05-27T20:26:31.724783,1,3.556301917892456,0.002781,3.553520917892456,503,None,
2021-05-27T20:26:31.594958,18,3.7223781331939696,0.002617,3.7197611331939697,503,None,
2021-05-27T20:26:31.742040,3,3.539518923980713,0.008957,3.530561923980713,503,None,
2021-05-27T20:26:31.741930,4,3.537014121017456,0.00571,3.531304121017456,503,None,
2021-05-27T20:26:32.184698,26,3.14303187701416,0.002322,3.14070987701416,503,None,
2021-05-27T20:26:31.793577,2,3.8822390458984377,0.001517,3.8807220458984375,503,None,
2021-05-27T20:26:31.742318,21,3.9636870367584227,0.012431,3.951256036758423,503,None,
2021-05-27T20:26:32.172588,8,3.604823831314087,0.002069,3.602754831314087,503,None,
2021-05-27T20:26:31.641541,12,4.114500952346802,0.005758,4.108742952346802,503,None,
2021-05-27T20:26:31.742006,19,3.9996469640045165,0.013578,3.9860689640045166,503,None,
2021-05-27T20:26:31.374768,0,4.4066702507476805,0.002623,4.404047250747681,503,None,
2021-05-27T20:26:31.741661,14,4.012603946044922,0.010853,4.001750946044922,503,None,
2021-05-27T20:26:31.741774,11,4.023350942626953,0.007066,4.016284942626953,503,None,
2021-05-27T20:26:31.772989,16,4.010020707138062,0.010658,3.9993627071380615,503,None,
2021-05-27T20:26:31.725560,20,4.0554958675079344,0.002293,4.053202867507935,503,None,
2021-05-27T20:26:31.741847,10,4.063445028182984,0.009597,4.053848028182983,503,None,
2021-05-27T20:26:31.773221,27,4.038834169067383,0.008864,4.029970169067383,503,None,
2021-05-27T20:26:31.773159,17,4.038334264099121,0.004537,4.033797264099121,503,None,
2021-05-27T20:26:31.741892,22,4.061214908493042,0.006788,4.054426908493042,503,None,
2021-05-27T20:26:32.171195,7,3.6787130883636476,0.002419,3.6762940883636475,503,None,
2021-05-27T20:26:34.882489,28,1.2891928414306641,0.033446,1.255746841430664,503,None,
2021-05-27T20:26:35.334306,4,3.687471932723999,0.006728,3.680743932723999,503,None,
2021-05-27T20:26:35.828073,16,3.205498760131836,0.003604,3.201894760131836,503,None,
2021-05-27T20:26:35.225080,23,3.796502939147949,0.00817,3.788332939147949,503,None,
2021-05-27T20:26:35.854232,27,3.201315198577881,0.007489,3.193826198577881,503,None,
2021-05-27T20:26:35.051011,29,3.9957023551483153,0.006852,3.9888503551483154,503,None,
2021-05-27T20:26:35.854267,17,3.204113891296387,0.00918,3.1949338912963867,503,None,
2021-05-27T20:26:35.836306,20,3.2403808711547852,0.003327,3.237053871154785,503,None,
2021-05-27T20:26:35.330735,18,3.7442370766296387,0.006189,3.7380480766296387,503,None,
2021-05-27T20:26:35.756307,21,3.3118679815826417,0.005456,3.3064119815826416,503,None,
2021-05-27T20:26:35.225699,5,3.8412831271362307,0.00857,3.8327131271362305,503,None,
2021-05-27T20:26:35.854161,10,3.4540907509155274,0.008207,3.4458837509155273,503,None,
2021-05-27T20:26:35.225615,6,4.4184872611694335,0.008393,4.410094261169434,503,None,
2021-05-27T20:26:35.290672,25,4.44123721824646,0.004735,4.43650221824646,503,None,
2021-05-27T20:26:35.334608,26,4.469210204940796,0.004031,4.465179204940796,503,None,
2021-05-27T20:26:35.818406,14,3.989138198364258,0.003388,3.985750198364258,503,None,
2021-05-27T20:26:35.787266,8,4.019447729110718,0.006375,4.013072729110718,503,None,
2021-05-27T20:26:35.856387,22,3.9528121920776367,0.00562,3.9471921920776367,503,None,
2021-05-27T20:26:35.787367,12,4.021373105667115,0.006548,4.014825105667114,503,None,
2021-05-27T20:26:35.723960,2,4.104973097488403,0.005147,4.099826097488403,503,None,
2021-05-27T20:26:35.285101,24,4.545583908737183,0.005588,4.539995908737183,503,None,
2021-05-27T20:26:35.794710,0,4.026202930862427,0.006907,4.019295930862427,503,None,
2021-05-27T20:26:35.308086,1,4.527143982711792,0.015991,4.511152982711792,503,None,
2021-05-27T20:26:35.859199,7,3.9768809318237306,0.005618,3.9712629318237305,503,None,
2021-05-27T20:26:35.827960,11,4.009751110824585,0.004859,4.004892110824585,503,None,
2021-05-27T20:26:35.288827,9,4.552721972564697,0.003304,4.549417972564697,503,None,
2021-05-27T20:26:36.191300,28,3.710170995513916,0.001642,3.708528995513916,503,None,
2021-05-27T20:26:35.331856,3,4.565823070343018,0.006958,4.558865070343018,503,None,
2021-05-27T20:26:35.302048,13,4.5961919291229245,0.003372,4.592819929122925,503,None,
2021-05-27T20:26:35.271507,15,4.627582086502075,0.003361,4.624221086502075,503,None,
2021-05-27T20:26:35.787868,19,4.12084832220459,0.006004,4.11484432220459,503,None,
2021-05-27T20:26:39.866554,9,2.9648530798187256,0.002224,2.9626290798187256,503,None,
2021-05-27T20:26:39.851362,2,2.978213832992554,0.003969,2.9742448329925537,503,None,
2021-05-27T20:26:39.663519,6,3.176334285827637,0.098771,3.0775632858276367,503,None,
2021-05-27T20:26:39.066670,27,3.7743931617736814,0.00275,3.7716431617736816,503,None,
2021-05-27T20:26:39.089872,21,3.7480930005493165,0.003219,3.7448740005493164,503,None,
2021-05-27T20:26:39.920453,19,2.924717018600464,0.003671,2.921046018600464,503,None,
2021-05-27T20:26:39.073342,29,3.7672283054351805,0.001975,3.7652533054351807,503,None,
2021-05-27T20:26:39.821929,26,3.7773249160461426,0.004318,3.7730069160461426,503,None,
2021-05-27T20:26:39.086339,18,4.546133139968872,0.004176,4.541957139968872,503,None,
2021-05-27T20:26:39.822134,22,3.8324638266296387,0.004572,3.8278918266296387,503,None,
2021-05-27T20:26:39.851627,1,3.810437146713257,0.005027,3.805410146713257,503,None,
2021-05-27T20:26:39.908806,13,3.7578379465332032,0.003699,3.754138946533203,503,None,
2021-05-27T20:26:39.050884,16,4.615529875976563,0.003332,4.6121978759765625,503,None,
2021-05-27T20:26:39.086248,20,4.576342788970948,0.002938,4.573404788970947,503,None,
2021-05-27T20:26:39.073403,17,4.6003090412750245,0.001964,4.598345041275024,503,None,
2021-05-27T20:26:39.906303,28,3.7697260897216798,0.002806,3.7669200897216797,503,None,
2021-05-27T20:26:39.906372,3,3.8781752056274414,0.005341,3.8728342056274414,503,None,
2021-05-27T20:26:39.035091,4,4.836362047744751,0.003251,4.833111047744751,503,None,
2021-05-27T20:26:39.772822,25,4.11304418107605,0.006766,4.10627818107605,503,None,
2021-05-27T20:26:39.050993,23,4.831640908233642,0.003092,4.828548908233643,503,None,
2021-05-27T20:26:39.851560,0,4.026034985305786,0.006102,4.019932985305786,503,None,
2021-05-27T20:26:39.822048,14,4.054633790115356,0.004929,4.0497047901153564,503,None,
2021-05-27T20:26:39.822099,8,4.05425188999939,0.004333,4.04991888999939,503,None,
2021-05-27T20:26:39.856145,7,4.0265080773620605,0.003628,4.0228800773620605,503,None,
2021-05-27T20:26:39.851483,24,4.031808846343994,0.005939,4.025869846343994,503,None,
2021-05-27T20:26:39.089967,5,4.796707359710694,0.002341,4.794366359710693,503,None,
2021-05-27T20:26:39.822161,12,4.060874145950318,0.005289,4.055585145950317,503,None,
2021-05-27T20:26:39.908877,15,3.9831089689331054,0.002233,3.9808759689331055,503,None,
2021-05-27T20:26:39.866477,11,4.023524979644775,0.001981,4.021543979644775,503,None,
2021-05-27T20:26:39.320521,10,4.463325961105347,0.042217,4.421108961105347,503,None,
2021-05-27T20:26:42.851898,9,1.5344639047698974,0.006058,1.5284059047698975,503,None,
2021-05-27T20:26:42.854357,29,1.5544209400634765,0.003798,1.5506229400634766,503,None,
2021-05-27T20:26:42.854334,19,1.5721411499633788,0.002789,1.569352149963379,503,None,
2021-05-27T20:26:42.854310,21,1.5797819374389648,0.002932,1.5768499374389648,503,None,
2021-05-27T20:26:42.854252,6,1.591631604827881,0.004739,1.5868926048278809,503,None,
2021-05-27T20:26:42.854190,2,1.6077560735473633,0.005876,1.6018800735473633,503,None,
2021-05-27T20:26:42.854282,27,1.619633802093506,0.005489,1.6141448020935059,503,None,
2021-05-27T20:26:43.901902,25,3.339258304321289,0.007187,3.332071304321289,503,None,
2021-05-27T20:26:43.622111,26,3.6554893852996826,0.003555,3.6519343852996826,503,None,
2021-05-27T20:26:43.684767,16,3.5917661639556884,0.002811,3.5889551639556885,503,None,
2021-05-27T20:26:43.902150,7,3.358402133529663,0.008093,3.350309133529663,503,None,
2021-05-27T20:26:44.464634,6,2.8266139023132326,0.003582,2.8230319023132324,503,None,
2021-05-27T20:26:44.426212,29,2.865974899963379,0.003654,2.862320899963379,503,None,
2021-05-27T20:26:44.449980,21,2.847966005706787,0.00365,2.844316005706787,503,None,
2021-05-27T20:26:44.441314,19,2.8791630254364016,0.00281,2.8763530254364014,503,None,
2021-05-27T20:26:43.902392,12,3.4381860853118895,0.011192,3.4269940853118896,503,None,
2021-05-27T20:26:43.806597,3,3.6398869725494385,0.002653,3.6372339725494385,503,None,
2021-05-27T20:26:44.478973,2,2.9843188690948486,0.00148,2.9828388690948486,503,None,
2021-05-27T20:26:44.487790,27,3.0589038511657716,0.00164,3.0572638511657715,503,None,
2021-05-27T20:26:43.930066,15,3.9340297906951904,0.002583,3.9314467906951904,503,None,
2021-05-27T20:26:43.953059,10,4.012651977722168,0.004417,4.008234977722168,503,None,
2021-05-27T20:26:43.902309,5,4.084238195266724,0.006215,4.078023195266724,503,None,
2021-05-27T20:26:43.700321,28,4.306550899169922,0.002798,4.303752899169922,503,None,
2021-05-27T20:26:43.902036,0,4.091796800491333,0.006972,4.084824800491333,503,None,
2021-05-27T20:26:43.930204,11,4.071925051727295,0.00254,4.069385051727295,503,None,
2021-05-27T20:26:43.902072,14,4.100879076095581,0.008021,4.092858076095581,503,None,
2021-05-27T20:26:43.676141,1,4.3714610105895995,0.003265,4.3681960105896,503,None,
2021-05-27T20:26:43.901989,23,4.129326816177368,0.00685,4.122476816177368,503,None,
2021-05-27T20:26:43.902265,24,4.135285027572632,0.006297,4.128988027572632,503,None,
2021-05-27T20:26:43.685064,20,4.370690981536865,0.003956,4.366734981536865,503,None,
2021-05-27T20:26:43.884418,4,4.211720889404297,0.002603,4.209117889404297,503,None,
2021-05-27T20:26:43.676194,13,4.425853047897339,0.002152,4.423701047897339,503,None,
2021-05-27T20:26:43.902109,8,4.1776430486145015,0.006294,4.171349048614502,503,None,
2021-05-27T20:26:43.692985,17,4.40704090826416,0.004124,4.40291690826416,503,None,
2021-05-27T20:26:44.400505,9,3.7079470735321043,0.002626,3.7053210735321045,503,None,
2021-05-27T20:26:43.648907,18,4.449525132995605,0.041281,4.4082441329956055,503,None,
2021-05-27T20:26:43.676043,22,4.422264046127319,0.015032,4.407232046127319,503,None,
2021-05-27T20:26:48.115392,8,3.0006628871307375,0.003836,2.9968268871307373,503,None,
2021-05-27T20:26:48.066110,1,3.0584061278686523,0.003361,3.0550451278686523,503,None,
2021-05-27T20:26:48.115433,17,3.0047448968200685,0.005453,2.9992918968200684,503,None,
2021-05-27T20:26:47.270924,25,3.8668559523925783,0.005936,3.860919952392578,503,None,
2021-05-27T20:26:48.026209,28,3.1048042017974855,0.002654,3.1021502017974854,503,None,
2021-05-27T20:26:48.115464,9,3.09200086177063,0.004357,3.08764386177063,503,None,
2021-05-27T20:26:47.905992,15,3.3040567946472166,0.007579,3.296477794647217,503,None,
2021-05-27T20:26:47.466608,2,3.767833981277466,0.001977,3.765856981277466,503,None,
2021-05-27T20:26:48.033709,0,3.1881867043151857,0.005364,3.1828227043151855,503,None,
2021-05-27T20:26:48.051800,14,3.181242963134766,0.002162,3.1790809631347656,503,None,
2021-05-27T20:26:48.026105,5,3.207377272293091,0.002647,3.204730272293091,503,None,
2021-05-27T20:26:47.298466,16,3.943207068267822,0.003866,3.9393410682678223,503,None,
2021-05-27T20:26:48.074083,24,3.1697987870025637,0.002505,3.1672937870025635,503,None,
2021-05-27T20:26:48.121080,22,3.1537510282745362,0.001799,3.151952028274536,503,None,
2021-05-27T20:26:47.305783,29,4.115218018692016,0.002318,4.112900018692017,503,None,
2021-05-27T20:26:47.305697,6,4.446859248641967,0.002329,4.444530248641968,503,None,
2021-05-27T20:26:48.039882,11,3.7164868497924806,0.005783,3.7107038497924805,503,None,
2021-05-27T20:26:48.115493,18,3.6415658423309325,0.004463,3.6371028423309326,503,None,
2021-05-27T20:26:47.315420,21,4.447707109664917,0.003174,4.444533109664917,503,None,
2021-05-27T20:26:48.080297,20,3.7405330781555177,0.002835,3.7376980781555176,503,None,
2021-05-27T20:26:47.330747,19,4.491307914627075,0.004538,4.486769914627075,503,None,
2021-05-27T20:26:47.298534,7,4.522824863845825,0.003157,4.519667863845825,503,None,
2021-05-27T20:26:48.114416,4,3.712353136123657,0.009514,3.7028391361236572,503,None,
2021-05-27T20:26:48.115279,13,3.7036022565307616,0.003694,3.6999082565307617,503,None,
2021-05-27T20:26:47.289315,26,4.560071969894409,0.002229,4.557842969894409,503,None,
2021-05-27T20:26:47.454978,3,4.432457935134888,0.001642,4.430815935134888,503,None,
2021-05-27T20:26:48.001803,10,3.879881003250122,0.006564,3.873317003250122,503,None,
2021-05-27T20:26:47.370927,12,4.5212461733398435,0.001631,4.519615173339844,503,None,
2021-05-27T20:26:48.073386,23,3.8238620943603516,0.003006,3.8208560943603516,503,None,
2021-05-27T20:26:47.550250,27,4.360636337371826,0.003646,4.356990337371826,503,None,
2021-05-27T20:26:51.438153,29,3.43413080809021,0.003549,3.43058180809021,503,None,
2021-05-27T20:26:51.223117,9,3.7020489416503906,0.00304,3.6990089416503906,503,None,
2021-05-27T20:26:51.845371,13,3.0802630964660644,0.003015,3.0772480964660645,503,None,
2021-05-27T20:26:51.135865,17,3.790631809249878,0.002816,3.787815809249878,503,None,
2021-05-27T20:26:51.772143,11,3.2036390333709717,0.007231,3.1964080333709717,503,None,
2021-05-27T20:26:51.845224,7,3.1335400769958497,0.003076,3.1304640769958496,503,None,
2021-05-27T20:26:51.909838,23,3.1126148502960205,0.002964,3.1096508502960205,503,None,
2021-05-27T20:26:51.242228,0,3.7796730119628905,0.002417,3.7772560119628906,503,None,
2021-05-27T20:26:51.919925,27,3.1074701957702637,0.0055,3.1019701957702637,503,None,
2021-05-27T20:26:51.839285,20,3.1768260400238035,0.002569,3.1742570400238037,503,None,
2021-05-27T20:26:51.874283,26,3.1661518642578126,0.001891,3.1642608642578125,503,None,
2021-05-27T20:26:51.259414,5,3.7928910664367677,0.00313,3.7897610664367676,503,None,
2021-05-27T20:26:51.134693,8,3.914204255142212,0.00429,3.909914255142212,503,None,
2021-05-27T20:26:51.772035,6,3.2759727327423094,0.006858,3.2691147327423096,503,None,
2021-05-27T20:26:51.291437,22,3.8083741373138427,0.002058,3.8063161373138428,503,None,
2021-05-27T20:26:51.224242,15,3.8791181552124026,0.002845,3.8762731552124023,503,None,
2021-05-27T20:26:51.269047,24,4.233594936752319,0.0019,4.231694936752319,503,None,
2021-05-27T20:26:51.841204,19,3.6594060328674316,0.00257,3.6568360328674316,503,None,
2021-05-27T20:26:51.155733,25,4.358114991790772,0.003732,4.3543829917907715,503,None,
2021-05-27T20:26:51.242134,2,4.280267963989258,0.003258,4.277009963989258,503,None,
2021-05-27T20:26:51.897082,12,3.662819042037964,0.002149,3.660670042037964,503,None,
2021-05-27T20:26:51.893106,3,3.6962951783294677,0.001887,3.6944081783294678,503,None,
2021-05-27T20:26:51.772217,18,3.8080738857421874,0.007491,3.8005828857421875,503,None,
2021-05-27T20:26:51.784689,21,3.8237331207122804,0.004859,3.8188741207122803,503,None,
2021-05-27T20:26:51.134812,1,4.470293987258911,0.003309,4.466984987258911,503,None,
2021-05-27T20:26:51.253238,14,4.378624901199341,0.0044,4.374224901199341,503,None,
2021-05-27T20:26:51.162628,28,4.474640170806885,0.002569,4.472071170806885,503,None,
2021-05-27T20:26:51.895521,10,3.763311233383179,0.002781,3.7605302333831787,503,None,
2021-05-27T20:26:51.259494,16,4.3966210678253175,0.004366,4.392255067825317,503,None,
2021-05-27T20:26:51.845312,4,3.8120111933288574,0.003231,3.8087801933288574,503,None,
2021-05-27T20:26:55.667612,16,2.7988490415039062,0.002119,2.7967300415039062,503,None,
2021-05-27T20:26:55.595221,18,2.8679099672698976,0.00259,2.8653199672698975,503,None,
2021-05-27T20:26:55.650940,28,2.8152411278076173,0.002682,2.812559127807617,503,None,
2021-05-27T20:26:55.595057,3,2.869269083831787,0.002248,2.867021083831787,503,None,
2021-05-27T20:26:54.945501,13,3.518294043304443,0.005727,3.5125670433044434,503,None,
2021-05-27T20:26:55.000419,7,3.493050024887085,0.002196,3.490854024887085,503,None,
2021-05-27T20:26:55.620293,21,2.880259943435669,0.002598,2.877661943435669,503,None,
2021-05-27T20:26:55.033043,23,3.597985760940552,0.003464,3.5945217609405518,503,None,
2021-05-27T20:26:55.114179,15,3.5293049292755128,0.002145,3.5271599292755127,503,None,
2021-05-27T20:26:55.666118,10,2.9941660882110597,0.002212,2.9919540882110596,503,None,
2021-05-27T20:26:55.033202,27,4.117420895065307,0.003664,4.113756895065308,503,None,
2021-05-27T20:26:55.645851,14,3.5341948069000244,0.003965,3.5302298069000244,503,None,
2021-05-27T20:26:55.628409,1,3.5543819851837157,0.003796,3.550585985183716,503,None,
2021-05-27T20:26:55.568572,12,3.61201513130188,0.00307,3.60894513130188,503,None,
2021-05-27T20:26:55.066243,6,4.117491833190918,0.003605,4.113886833190918,503,None,
2021-05-27T20:26:54.945556,17,4.23891704359436,0.004229,4.23468804359436,503,None,
2021-05-27T20:26:55.033149,0,4.164011075744629,0.00451,4.159501075744629,503,None,
2021-05-27T20:26:55.523734,25,3.6834130150909425,0.002187,3.6812260150909424,503,None,
2021-05-27T20:26:54.886476,29,4.341954979537964,0.002574,4.339380979537964,503,None,
2021-05-27T20:26:55.673095,4,3.56094598677063,0.002599,3.55834698677063,503,None,
2021-05-27T20:26:55.517464,19,3.7172681480865477,0.002798,3.714470148086548,503,None,
2021-05-27T20:26:55.510796,24,3.7254891446533205,0.002419,3.7230701446533203,503,None,
2021-05-27T20:26:54.945231,9,4.297770953948975,0.003458,4.294312953948975,503,None,
2021-05-27T20:26:55.066190,8,4.180528969558716,0.003234,4.177294969558716,503,None,
2021-05-27T20:26:55.102766,22,4.170714919876098,0.002024,4.168690919876099,503,None,
2021-05-27T20:26:55.033627,20,4.233821982192993,0.00255,4.231271982192993,503,None,
2021-05-27T20:26:55.050789,26,4.224516700912476,0.005601,4.218915700912476,503,None,
2021-05-27T20:26:54.995266,11,4.279695021881103,0.004714,4.2749810218811035,503,None,
2021-05-27T20:26:55.066092,5,4.21134099671936,0.002776,4.20856499671936,503,None,
2021-05-27T20:26:55.535569,2,3.747926140853882,0.002422,3.745504140853882,503,None,
2021-05-27T20:26:59.221309,25,2.8777309497375487,0.002452,2.875278949737549,503,None,
2021-05-27T20:26:59.278922,22,2.8221618872375487,0.002547,2.819614887237549,503,None,
2021-05-27T20:26:58.474724,16,3.6310838434295656,0.004233,3.6268508434295654,503,None,
2021-05-27T20:26:59.263678,8,3.0029119060974123,0.005123,2.997788906097412,503,None,
2021-05-27T20:26:59.289628,11,2.9866189080963137,0.008351,2.9782679080963135,503,None,
2021-05-27T20:26:58.474924,28,3.810782956466675,0.00611,3.804672956466675,503,None,
2021-05-27T20:26:58.649826,15,3.987950773590088,0.005393,3.982557773590088,503,None,
2021-05-27T20:26:58.503231,7,4.140159008270263,0.002056,4.138103008270264,503,None,
2021-05-27T20:26:59.197306,14,3.4472770810546876,0.003994,3.4432830810546875,503,None,
2021-05-27T20:26:59.245850,24,3.4101330744934084,0.002845,3.407288074493408,503,None,
2021-05-27T20:26:58.475122,3,4.241855194702149,0.00839,4.233465194702148,503,None,
2021-05-27T20:26:59.289583,26,3.4560529099578856,0.003837,3.4522159099578857,503,None,
2021-05-27T20:26:59.243474,4,3.529313088699341,0.003721,3.525592088699341,503,None,
2021-05-27T20:26:58.646696,23,4.140922974716187,0.004811,4.1361119747161865,503,None,
2021-05-27T20:26:59.240428,29,3.541638070968628,0.005104,3.536534070968628,503,None,
2021-05-27T20:26:59.215439,17,3.5738072292022705,0.001693,3.5721142292022705,503,None,
2021-05-27T20:26:58.474895,18,4.313045999832154,0.00332,4.309725999832153,503,None,
2021-05-27T20:26:58.511510,21,4.2977389193572995,0.002679,4.2950599193573,503,None,
2021-05-27T20:26:58.483356,13,4.327927897216797,0.002477,4.325450897216797,503,None,
2021-05-27T20:26:59.245782,19,3.5641131604309084,0.002162,3.561951160430908,503,None,
2021-05-27T20:26:59.221219,0,3.5932637630615236,0.002041,3.5912227630615234,503,None,
2021-05-27T20:26:59.259733,9,3.551205039215088,0.00395,3.547255039215088,503,None,
2021-05-27T20:26:59.210773,6,3.6018830271759033,0.002179,3.5997040271759033,503,None,
2021-05-27T20:27:02.113016,22,2.7017309158172607,0.002109,2.6996219158172607,503,None,
2021-05-27T20:27:02.649940,15,2.5386180800476073,0.002604,2.5360140800476074,503,None,
2021-05-27T20:27:02.828039,19,2.367731969680786,0.00234,2.365391969680786,503,None,
2021-05-27T20:27:02.837920,6,2.3665230644989013,0.002255,2.3642680644989014,503,None,
2021-05-27T20:27:02.824356,13,2.43126013911438,0.002857,2.42840313911438,503,None,
2021-05-27T20:27:02.785501,4,2.5064429126586916,0.003909,2.5025339126586914,503,None,
2021-05-27T20:27:02.816301,21,2.486206019485474,0.002238,2.4839680194854736,503,None,
2021-05-27T20:27:02.664191,14,2.6497509096984864,0.001538,2.6482129096984863,503,None,
2021-05-27T20:27:02.125109,16,3.218464774307251,0.003884,3.214580774307251,503,None,
2021-05-27T20:27:02.828638,0,2.5133781970214844,0.002945,2.5104331970214844,503,None,
2021-05-27T20:27:02.808843,18,2.540239891494751,0.002539,2.537700891494751,503,None,
2021-05-27T20:27:02.828725,9,2.526114034454346,0.002142,2.5239720344543457,503,None,
2021-05-27T20:27:02.111759,25,3.24914692666626,0.002326,3.2468209266662598,503,None,
2021-05-27T20:27:02.285986,11,3.0961459577331545,0.002076,3.0940699577331543,503,None,
2021-05-27T20:27:02.297153,28,3.0897662448730467,0.001559,3.088207244873047,503,None,
2021-05-27T20:27:02.672648,24,2.7254792010650637,0.001911,2.7235682010650635,503,None,
2021-05-27T20:27:02.744139,3,2.672171850250244,0.002198,2.669973850250244,503,None,
2021-05-27T20:27:04.824155,22,0.90663003225708,0.002779,0.9038510322570801,503,None,
2021-05-27T20:27:05.356148,16,2.3202937692260743,0.00361,2.316683769226074,503,None,
2021-05-27T20:27:05.209428,6,2.7797808738708496,0.0021,2.7776808738708496,503,None,
2021-05-27T20:27:05.382214,25,2.6683831183929443,0.001477,2.6669061183929443,503,None,
2021-05-27T20:27:05.359322,0,2.7011628552246094,0.002955,2.6982078552246094,503,None,
2021-05-27T20:27:05.734217,22,2.3372540927886964,0.0026,2.3346540927886963,503,None,
2021-05-27T20:27:05.304191,4,2.766717134353638,0.002222,2.7644951343536377,503,None,
2021-05-27T20:27:05.422966,3,2.6548540300445556,0.002058,2.6527960300445557,503,None,
2021-05-27T20:27:05.359423,18,2.714559942565918,0.003261,2.711298942565918,503,None,
2021-05-27T20:27:05.390867,11,2.694192964248657,0.003805,2.6903879642486572,503,None,
2021-05-27T20:27:05.408713,24,2.8410523067474367,0.002975,2.8380773067474365,503,None,
2021-05-27T20:27:05.399209,28,2.8516549067993164,0.002777,2.8488779067993164,503,None,
2021-05-27T20:27:05.311871,21,2.9381559548339844,0.002796,2.9353599548339844,503,None,
2021-05-27T20:27:05.194624,15,3.060508000793457,0.00194,3.058568000793457,503,None,
2021-05-27T20:27:05.375501,9,2.8756790448760987,0.00191,2.8737690448760986,503,None,
2021-05-27T20:27:05.322035,14,2.9323700626525877,0.004866,2.927504062652588,503,None,
2021-05-27T20:27:05.268146,13,2.9835889457092284,0.003011,2.9805779457092285,503,None,
2021-05-27T20:27:05.208362,19,3.0539027376861574,0.002797,3.0511057376861572,503,None,
2021-05-27T20:27:07.688938,16,0.9761488465728759,0.001894,0.974254846572876,503,None,
2021-05-27T20:27:08.191134,11,2.478920932876587,0.004462,2.474458932876587,503,None,
2021-05-27T20:27:08.266075,21,2.7915128597564696,0.002782,2.7887308597564697,503,None,
2021-05-27T20:27:08.273066,14,2.804216133483887,0.002959,2.8012571334838867,503,None,
2021-05-27T20:27:08.075853,0,3.058565875747681,0.004128,3.0544378757476807,503,None,
2021-05-27T20:27:08.273007,9,2.8735398277435302,0.003091,2.8704488277435303,503,None,
2021-05-27T20:27:08.282725,19,2.870825072906494,0.002548,2.868277072906494,503,None,
2021-05-27T20:27:08.076221,22,3.079005883956909,0.003951,3.075054883956909,503,None,
2021-05-27T20:27:08.095573,18,2.9797410334777834,0.00742,2.972321033477783,503,None,
2021-05-27T20:27:08.265974,28,2.9088108558807373,0.002316,2.9064948558807373,503,None,
2021-05-27T20:27:07.996368,6,3.199726089050293,0.006402,3.193324089050293,503,None,
2021-05-27T20:27:08.258011,24,2.9355598336486817,0.003028,2.9325318336486816,503,None,
2021-05-27T20:27:08.668392,16,2.539801856460571,0.001565,2.5382368564605713,503,None,
2021-05-27T20:27:08.090407,3,3.135974824081421,0.002186,3.133788824081421,503,None,
2021-05-27T20:27:08.058990,25,3.1751158150177003,0.003623,3.1714928150177,503,None,
2021-05-27T20:27:08.273101,13,2.955161100402832,0.003191,2.951970100402832,503,None,
2021-05-27T20:27:08.081634,4,3.1499256203308104,0.002839,3.1470866203308105,503,None,
2021-05-27T20:27:08.272905,15,2.9587431161956785,0.005708,2.9530351161956787,503,None,
2021-05-27T20:27:10.678035,11,0.9091139729614258,0.002287,0.9068269729614258,503,None,
2021-05-27T20:27:11.155095,0,2.4327548388671874,0.002045,2.4307098388671875,503,None,
2021-05-27T20:27:11.183603,18,2.5135450963745116,0.003151,2.5103940963745117,503,None,
2021-05-27T20:27:11.166879,9,2.664448856781006,0.001598,2.662850856781006,503,None,
2021-05-27T20:27:11.199352,28,2.707648976501465,0.002259,2.705389976501465,503,None,
2021-05-27T20:27:11.078623,21,2.8290819093933104,0.002674,2.8264079093933105,503,None,
2021-05-27T20:27:11.095586,14,2.815581083969116,0.004529,2.811052083969116,503,None,
2021-05-27T20:27:11.213717,16,2.699887935256958,0.00285,2.697037935256958,503,None,
2021-05-27T20:27:11.173141,22,2.764887225753784,0.002607,2.762280225753784,503,None,
2021-05-27T20:27:11.253152,15,2.712629995559692,0.001924,2.7107059955596924,503,None,
2021-05-27T20:27:11.244997,4,2.7614072218475343,0.002606,2.758801221847534,503,None,
2021-05-27T20:27:11.241407,3,2.809791915008545,0.002797,2.806994915008545,503,None,
2021-05-27T20:27:11.205055,6,2.8827539512786866,0.001891,2.8808629512786865,503,None,
2021-05-27T20:27:11.244180,25,2.8410368875274656,0.002426,2.838610887527466,503,None,
2021-05-27T20:27:11.207096,24,2.8841990897369385,0.00197,2.8822290897369385,503,None,
2021-05-27T20:27:11.244426,13,2.8413899777679443,0.002853,2.8385369777679443,503,None,
2021-05-27T20:27:11.173043,19,2.911006905105591,0.002053,2.908953905105591,503,None,
2021-05-27T20:27:11.591412,11,2.516363790145874,0.001666,2.514697790145874,503,None,
2021-05-27T20:27:13.597552,0,1.112229019165039,0.002875,1.109354019165039,503,None,
2021-05-27T20:27:13.707917,18,1.1269622162780761,0.002821,1.1241412162780762,503,None,
2021-05-27T20:27:13.916539,21,0.9976428029937744,0.002142,0.9955008029937744,503,None,
2021-05-27T20:27:13.923919,14,1.0043151019744874,0.003643,1.0006721019744873,503,None,
2021-05-27T20:27:13.932644,16,1.0081420024261474,0.002136,1.0060060024261475,503,None,
2021-05-27T20:27:13.842137,9,1.1097309621887208,0.001683,1.1080479621887207,503,None,
2021-05-27T20:27:14.948801,16,2.352633809692383,0.002107,2.350526809692383,503,None,
2021-05-27T20:27:14.097975,24,3.280461000152588,0.002371,3.278090000152588,503,None,
2021-05-27T20:27:14.097846,6,3.2825702103271484,0.003939,3.2786312103271484,503,None,
2021-05-27T20:27:13.977787,15,3.41658583291626,0.065761,3.3508248329162598,503,None,
2021-05-27T20:27:13.953673,22,3.441417149291992,0.039411,3.402006149291992,503,None,
2021-05-27T20:27:14.111264,19,3.2800328046417238,0.003035,3.2769978046417236,503,None,
2021-05-27T20:27:13.916435,28,3.484607822860718,0.075539,3.4090688228607178,503,None,
2021-05-27T20:27:02.762966,26,14.644345238555909,11.794064,2.850281238555908,503,None,
2021-05-27T20:27:02.277893,8,15.15585199067688,12.265901,2.88995099067688,503,None,
2021-05-27T20:27:14.937800,14,2.5084988283233645,0.006308,2.5021908283233643,503,None,
2021-05-27T20:27:14.926470,21,2.857848804397583,0.00392,2.853928804397583,503,None,
2021-05-27T20:27:02.808718,17,14.973792141433716,11.752796,3.220996141433716,503,None,
2021-05-27T20:27:14.841538,18,2.9548738152923586,0.004694,2.9501798152923584,503,None,
2021-05-27T20:27:14.060143,3,3.769310077346802,0.002364,3.7669460773468018,503,None,
2021-05-27T20:27:14.714149,0,3.0857490955963134,0.018614,3.0671350955963135,503,None,
2021-05-27T20:27:14.098013,13,3.7346239053344727,0.002285,3.7323389053344727,503,None,
2021-05-27T20:27:14.960479,9,2.9129958168792727,0.00193,2.9110658168792725,503,None,
2021-05-27T20:27:14.040513,4,3.839810805557251,0.003648,3.836162805557251,503,None,
2021-05-27T20:27:14.124240,11,3.7818460009613037,0.001754,3.7800920009613037,503,None,
2021-05-27T20:27:02.802000,23,15.097966038208007,11.754855,3.343111038208008,503,None,
2021-05-27T20:27:02.805740,29,15.104476930877686,11.751122,3.3533549308776855,503,None,
2021-05-27T20:27:02.652588,7,15.256469964035034,11.899158,3.357311964035034,503,None,
2021-05-27T20:27:14.097932,25,3.8197449462127686,0.00272,3.8170249462127686,503,None,
2021-05-27T20:27:17.440998,8,2.8864291993103026,0.001521,2.8849081993103027,503,None,
2021-05-27T20:27:17.837281,3,2.539090078323364,0.001743,2.5373470783233643,503,None,
2021-05-27T20:27:17.451256,14,2.941429132232666,0.00176,2.939669132232666,503,None,
2021-05-27T20:27:17.912357,11,2.501673003692627,0.003145,2.498528003692627,503,None,
2021-05-27T20:27:17.407894,22,3.0320990016021727,0.002779,3.029320001602173,503,None,
2021-05-27T20:27:17.840363,0,2.633130783493042,0.002532,2.630598783493042,503,None,
2021-05-27T20:27:17.804112,18,2.804193850189209,0.001706,2.802487850189209,503,None,
2021-05-27T20:27:17.400748,6,3.485969091003418,0.001843,3.484126091003418,503,None,
2021-05-27T20:27:17.913934,23,2.9938570891723635,0.003061,2.9907960891723633,503,None,
2021-05-27T20:27:17.855914,13,3.062296027114868,0.001953,3.060343027114868,503,None,
2021-05-27T20:27:17.792310,21,3.284512784164429,0.002193,3.2823197841644287,503,None,
2021-05-27T20:27:17.407807,15,3.670053134384155,0.003065,3.6669881343841553,503,None,
2021-05-27T20:27:17.792456,17,3.2910091559906007,0.002727,3.2882821559906006,503,None,
2021-05-27T20:27:17.429131,26,3.6555870448303223,0.002745,3.6528420448303223,503,None,
2021-05-27T20:27:17.924353,29,3.1625541071624754,0.003697,3.1588571071624756,503,None,
2021-05-27T20:27:17.408396,19,3.6719971395721434,0.003074,3.6689231395721436,503,None,
2021-05-27T20:27:17.937151,25,3.188532007873535,0.001588,3.186944007873535,503,None,
2021-05-27T20:27:17.400686,24,3.7189150607452395,0.001911,3.7170040607452393,503,None,
2021-05-27T20:27:17.926380,7,3.2024581259918214,0.002295,3.2001631259918213,503,None,
2021-05-27T20:27:17.311908,16,3.8185430325927734,0.002894,3.8156490325927734,503,None,
2021-05-27T20:27:17.888718,4,3.29273797555542,0.002131,3.29060697555542,503,None,
2021-05-27T20:27:17.878165,9,3.314494038604736,0.004599,3.3098950386047363,503,None,
2021-05-27T20:27:17.419529,28,3.7722668867492675,0.001915,3.7703518867492676,503,None,
2021-05-27T20:27:20.340541,8,1.2039479088287353,0.003348,1.2005999088287354,503,None,
2021-05-27T20:27:20.385164,3,1.1841809968109132,0.002512,1.181668996810913,503,None,
2021-05-27T20:27:20.397676,14,1.1831918796844483,0.004032,1.1791598796844482,503,None,
2021-05-27T20:27:20.422386,11,1.2395318609466552,0.003574,1.2359578609466553,503,None,
2021-05-27T20:27:20.480881,0,1.213708032485962,0.002097,1.211611032485962,503,None,
2021-05-27T20:27:20.455985,22,1.2396201479797364,0.004188,1.2354321479797363,503,None,
2021-05-27T20:27:20.623423,18,1.0551901168518067,0.003243,1.0519471168518066,503,None,
2021-05-27T20:27:20.904368,6,0.8493048080749511,0.002782,0.8465228080749512,503,None,
2021-05-27T20:27:20.917099,23,0.8531051831512452,0.002303,0.8508021831512451,503,None,
2021-05-27T20:27:20.934492,13,3.3407359964904786,0.002431,3.3383049964904785,503,None,
2021-05-27T20:27:21.148047,25,3.1242513173980715,0.003617,3.1206343173980713,503,None,
2021-05-27T20:27:21.201291,9,3.0755818236846926,0.002327,3.0732548236846924,503,None,
2021-05-27T20:27:21.702347,22,2.5837460798034666,0.002051,2.581695079803467,503,None,
2021-05-27T20:27:21.096248,26,3.1716608365020753,0.004471,3.167189836502075,503,None,
2021-05-27T20:27:21.700716,0,2.605036912475586,0.001836,2.603200912475586,503,None,
2021-05-27T20:27:21.553292,8,2.7547858905181886,0.003111,2.7516748905181885,503,None,
2021-05-27T20:27:21.093253,21,3.399781778060913,0.006687,3.393094778060913,503,None,
2021-05-27T20:27:21.189803,4,3.5889100472717286,0.002253,3.5866570472717285,503,None,
2021-05-27T20:27:21.096370,29,3.6546878610076905,0.004369,3.6503188610076904,503,None,
2021-05-27T20:27:21.666667,11,3.112602065124512,0.00504,3.1075620651245117,503,None,
2021-05-27T20:27:21.575621,3,3.2736218215026853,0.002054,3.2715678215026855,503,None,
2021-05-27T20:27:21.155900,16,3.7354440026855467,0.00356,3.731884002685547,503,None,
2021-05-27T20:27:21.758953,6,3.1736080481719973,0.00247,3.171138048171997,503,None,
2021-05-27T20:27:21.155809,7,3.7739868374023438,0.006691,3.7672958374023438,503,None,
2021-05-27T20:27:21.775894,23,3.1618310056762695,0.001258,3.1605730056762695,503,None,
2021-05-27T20:27:21.096106,17,3.8423009898986815,0.004984,3.8373169898986816,503,None,
2021-05-27T20:27:21.203042,28,3.764916865112305,0.002727,3.7621898651123047,503,None,
2021-05-27T20:27:21.095545,15,3.8471538287963867,0.004759,3.8423948287963867,503,None,
2021-05-27T20:27:21.588182,14,3.3858231950073243,0.002428,3.383395195007324,503,None,
2021-05-27T20:27:21.154188,24,3.8113080315704346,0.002612,3.8086960315704346,503,None,
2021-05-27T20:27:21.750403,18,3.236973368637085,0.002467,3.234506368637085,503,None,
2021-05-27T20:27:21.096461,19,3.8657600153503417,0.005531,3.860229015350342,503,None,
2021-05-27T20:27:24.979163,24,2.4400280823669434,0.002046,2.4379820823669434,503,None,
2021-05-27T20:27:24.977057,28,2.445549812255859,0.004361,2.4411888122558594,503,None,
2021-05-27T20:27:24.300914,22,3.147696068115234,0.00207,3.1456260681152344,503,None,
2021-05-27T20:27:24.916228,16,2.5488530503845217,0.00166,2.5471930503845215,503,None,
2021-05-27T20:27:24.522828,21,3.366884113357544,0.001948,3.364936113357544,503,None,
2021-05-27T20:27:24.979027,15,2.935187136672974,0.003099,2.9320881366729736,503,None,
2021-05-27T20:27:24.308000,26,3.612240985015869,0.001929,3.610311985015869,503,None,
2021-05-27T20:27:24.316419,0,3.6035547848205565,0.003573,3.5999817848205566,503,None,
2021-05-27T20:27:24.283568,25,3.6361209765167235,0.002922,3.6331989765167236,503,None,
2021-05-27T20:27:24.292531,9,3.6368359971313478,0.002428,3.6344079971313477,503,None,
2021-05-27T20:27:24.979114,14,2.9812891192321778,0.003638,2.9776511192321777,503,None,
2021-05-27T20:27:24.853841,3,3.113025962036133,0.017443,3.095582962036133,503,None,
2021-05-27T20:27:24.994110,18,3.1173649473724367,0.005606,3.1117589473724365,503,None,
2021-05-27T20:27:24.786456,11,3.364865970352173,0.019628,3.345237970352173,503,None,
2021-05-27T20:27:24.318373,8,3.8305087369537354,0.001735,3.8287737369537354,503,None,
2021-05-27T20:27:24.939726,6,3.212486128707886,0.002946,3.2095401287078857,503,None,
2021-05-27T20:27:24.995884,19,3.1576821664886476,0.005558,3.1521241664886475,503,None,
2021-05-27T20:27:24.976991,17,3.1729672314605715,0.003871,3.1690962314605713,503,None,
2021-05-27T20:27:24.942858,7,3.206565085861206,0.003447,3.203118085861206,503,None,
2021-05-27T20:27:24.283498,13,3.8668159573822023,0.002978,3.863837957382202,503,None,
2021-05-27T20:27:24.784972,29,3.373589970153809,0.011744,3.3618459701538086,503,None,
2021-05-27T20:27:24.947454,23,3.2104326859283447,0.006205,3.2042276859283447,503,None,
2021-05-27T20:27:24.783948,4,3.3765299345855713,0.003088,3.3734419345855713,503,None,
2021-05-27T20:27:27.435644,28,1.1850877820587158,0.00291,1.1821777820587158,503,None,
2021-05-27T20:27:27.459278,22,1.1745199218902589,0.003791,1.1707289218902588,503,None,
2021-05-27T20:27:27.433720,24,1.2736972677612304,0.00324,1.2704572677612305,503,None,
2021-05-27T20:27:27.472053,16,1.2399729769439698,0.003122,1.2368509769439697,503,None,
2021-05-27T20:27:27.932062,0,0.835578789718628,0.002658,0.8329207897186279,503,None,
2021-05-27T20:27:27.946220,9,0.8346148798370361,0.002365,0.8322498798370361,503,None,
2021-05-27T20:27:27.972476,14,2.565114883804321,0.002525,2.5625898838043213,503,None,
2021-05-27T20:27:27.931967,26,2.608564070098877,0.004018,2.604546070098877,503,None,
2021-05-27T20:27:27.940690,25,2.6339230121917723,0.002032,2.6318910121917725,503,None,
2021-05-27T20:27:27.928641,15,2.6537988952026366,0.002261,2.6515378952026367,503,None,
2021-05-27T20:27:27.896752,21,2.721254027359009,0.003467,2.717787027359009,503,None,
2021-05-27T20:27:30.543267,14,0.6567878322906494,0.002382,0.6544058322906494,503,None,
2021-05-27T20:27:30.551415,26,0.6486997676239014,0.001961,0.6467387676239014,503,None,
2021-05-27T20:27:30.582931,25,0.6315678300170898,0.001953,0.6296148300170898,503,None,
2021-05-27T20:27:30.591606,15,0.6484878918914795,0.003378,0.6451098918914795,503,None,
2021-05-27T20:27:30.626206,21,0.6325009289398194,0.001514,0.6309869289398193,503,None,
2021-05-27T20:27:28.628371,28,4.067211937850952,0.002019,4.065192937850952,503,None,
2021-05-27T20:27:28.780165,0,4.035431897628784,0.002888,4.032543897628784,503,None,
2021-05-27T20:27:27.976275,3,5.1120188003540035,0.002475,5.109543800354004,503,None,
2021-05-27T20:27:28.165047,13,4.911402059783936,0.00574,4.9056620597839355,503,None,
2021-05-27T20:27:28.164849,8,4.912392057449341,0.008382,4.904010057449341,503,None,
2021-05-27T20:27:28.787794,9,4.306281125335693,0.001905,4.304376125335693,503,None,
2021-05-27T20:27:28.165084,29,4.9165938465271,0.007016,4.9095778465271,503,None,
2021-05-27T20:27:28.165009,7,5.062321033325195,0.008715,5.053606033325195,503,None,
2021-05-27T20:27:28.122079,18,5.134220089736939,0.001991,5.1322290897369385,503,None,
2021-05-27T20:27:28.175188,4,5.106251669998169,0.00337,5.102881669998169,503,None,
2021-05-27T20:27:28.164744,11,5.112862155563355,0.006357,5.1065051555633545,503,None,
2021-05-27T20:27:28.641276,22,4.652525105773925,0.002412,4.650113105773926,503,None,
2021-05-27T20:27:28.164932,19,5.133382100006104,0.007571,5.1258111000061035,503,None,
2021-05-27T20:27:28.716046,24,4.598907181411743,0.002706,4.596201181411743,503,None,
2021-05-27T20:27:28.175052,23,5.119058950317383,0.002663,5.116395950317383,503,None,
2021-05-27T20:27:28.718193,16,4.599443050231933,0.002215,4.597228050231934,503,None,
2021-05-27T20:27:28.164895,6,5.155480628036499,0.011724,5.143756628036499,503,None,
2021-05-27T20:27:28.164971,17,5.172192837417603,0.008338,5.1638548374176025,503,None,
2021-05-27T20:27:32.700095,28,1.0199290724487304,0.001547,1.0183820724487305,503,None,
2021-05-27T20:27:32.821715,0,0.9823891215667725,0.018711,0.9636781215667725,503,None,
2021-05-27T20:27:31.205382,26,3.4595000752258303,0.001755,3.45774507522583,503,None,
2021-05-27T20:27:31.243912,15,3.446544847702026,0.001924,3.4446208477020264,503,None,
2021-05-27T20:27:31.218549,25,3.490215219345093,0.001465,3.4887502193450928,503,None,
2021-05-27T20:27:31.204258,14,3.533965013702393,0.002108,3.5318570137023926,503,None,
2021-05-27T20:27:31.263246,21,3.4992680862579344,0.001241,3.4980270862579346,503,None,
2021-05-27T20:27:34.712731,25,0.8893880854492188,0.002738,0.8866500854492188,503,None,
2021-05-27T20:27:34.669880,26,0.9491461017150878,0.002477,0.9466691017150879,503,None,
2021-05-27T20:27:34.694214,15,0.9254079197235108,0.003557,0.9218509197235107,503,None,
2021-05-27T20:27:34.765957,21,0.9222710332183838,0.003953,0.9183180332183838,503,None,
2021-05-27T20:27:34.742543,14,0.9466589324951172,0.011175,0.9354839324951172,503,None,
2021-05-27T20:27:33.302223,11,3.489480787384033,0.001962,3.487518787384033,503,None,
2021-05-27T20:27:33.302114,4,3.6770082420806887,0.002848,3.6741602420806885,503,None,
2021-05-27T20:27:33.356506,17,3.6659149635772703,0.002248,3.6636669635772705,503,None,
2021-05-27T20:27:33.723250,28,3.298182852340698,0.002751,3.2954318523406982,503,None,
2021-05-27T20:27:33.325385,16,3.690942150024414,0.004104,3.686838150024414,503,None,
2021-05-27T20:27:33.098792,13,3.9176901507720947,0.002586,3.9151041507720947,503,None,
2021-05-27T20:27:33.822689,0,3.2039870403747557,0.002623,3.201364040374756,503,None,
2021-05-27T20:27:33.344227,6,3.6983330437316893,0.003989,3.6943440437316895,503,None,
2021-05-27T20:27:33.104394,9,3.9353989081420897,0.001829,3.93356990814209,503,None,
2021-05-27T20:27:33.098843,8,3.940053087661743,0.005473,3.934580087661743,503,None,
2021-05-27T20:27:33.253838,7,3.7868887875823973,0.003478,3.7834107875823975,503,None,
2021-05-27T20:27:33.322774,24,3.7168850866088867,0.004251,3.7126340866088867,503,None,
2021-05-27T20:27:33.289891,18,3.7631031411743163,0.00236,3.7607431411743164,503,None,
2021-05-27T20:27:33.302279,22,3.752040014984131,0.002977,3.749063014984131,503,None,
2021-05-27T20:27:33.107452,29,3.9511720741577148,0.002557,3.948615074157715,503,None,
2021-05-27T20:27:33.321460,19,3.7369459436187746,0.006826,3.7301199436187744,503,None,
2021-05-27T20:27:33.325279,23,3.755532045730591,0.002584,3.752948045730591,503,None,
2021-05-27T20:27:33.098667,3,4.01451294152832,0.003601,4.01091194152832,503,None,
2021-05-27T20:27:35.606341,25,1.6835300941619873,0.002316,1.6812140941619873,503,None,
2021-05-27T20:27:35.694760,14,1.7669450471801758,0.012767,1.7541780471801758,503,None,
2021-05-27T20:27:35.625546,15,1.855623908493042,0.035572,1.820051908493042,503,None,
2021-05-27T20:27:35.692386,21,1.789771070449829,0.001868,1.787903070449829,503,None,
2021-05-27T20:27:35.623070,26,1.873330827484131,0.07251,1.8008208274841309,503,None,
2021-05-27T20:27:36.803608,11,0.7602719981689453,0.003602,0.7566699981689453,503,None,
2021-05-27T20:27:37.032106,13,2.9808461854400634,0.005569,2.9752771854400635,503,None,
2021-05-27T20:27:37.083223,18,2.930308185394287,0.004083,2.926225185394287,503,None,
2021-05-27T20:27:36.993343,4,3.028107691268921,0.012605,3.015502691268921,503,None,
2021-05-27T20:27:37.033303,0,3.018024997741699,0.005632,3.012392997741699,503,None,
2021-05-27T20:27:37.031934,28,3.0647508843994142,0.00511,3.059640884399414,503,None,
2021-05-27T20:27:37.487821,21,2.696571862045288,0.002116,2.694455862045288,503,None,
2021-05-27T20:27:37.466145,14,2.7165549904174804,0.005607,2.7109479904174805,503,None,
2021-05-27T20:27:37.067913,9,3.1781760045776366,0.007351,3.1708250045776367,503,None,
2021-05-27T20:27:37.068048,24,3.2245719069824217,0.007611,3.216960906982422,503,None,
2021-05-27T20:27:37.083458,19,3.2204420572052004,0.005126,3.2153160572052,503,None,
2021-05-27T20:27:37.121040,3,3.245324945297241,0.00309,3.242234945297241,503,None,
2021-05-27T20:27:37.083314,22,3.270802901321411,0.005356,3.265446901321411,503,None,
2021-05-27T20:27:37.486569,15,2.8849958016967774,0.00326,2.8817358016967773,503,None,
2021-05-27T20:27:37.031969,16,3.3287281348724367,0.003102,3.3256261348724365,503,None,
2021-05-27T20:27:37.107048,23,3.2758432170562743,0.005318,3.2705252170562744,503,None,
2021-05-27T20:27:37.576750,11,2.8079521543884276,0.002115,2.8058371543884277,503,None,
2021-05-27T20:27:37.083395,29,3.29333192729187,0.006342,3.28698992729187,503,None,
2021-05-27T20:27:37.067970,7,3.3392170450134278,0.005792,3.3334250450134277,503,None,
2021-05-27T20:27:37.067945,8,3.378168804321289,0.007035,3.371133804321289,503,None,
2021-05-27T20:27:37.501482,26,2.9913528489837646,0.001401,2.9899518489837646,503,None,
2021-05-27T20:27:37.031762,17,3.451959086288452,0.004564,3.447395086288452,503,None,
2021-05-27T20:27:37.067849,6,3.4238250040740965,0.011322,3.4125030040740967,503,None,
2021-05-27T20:27:37.294218,25,3.2509408281555174,0.001524,3.2494168281555176,503,None,
2021-05-27T20:27:40.432587,7,2.5648059805908203,0.003479,2.5613269805908203,503,None,
2021-05-27T20:27:40.376841,22,2.655671807296753,0.002408,2.653263807296753,503,None,
2021-05-27T20:27:40.276387,9,2.780820925689697,0.007526,2.7732949256896973,503,None,
2021-05-27T20:27:40.034846,18,3.018062865036011,0.004293,3.0137698650360107,503,None,
2021-05-27T20:27:40.072503,0,3.0045650038604736,0.003263,3.0013020038604736,503,None,
2021-05-27T20:27:40.034732,13,3.1237991629486084,0.004613,3.1191861629486084,503,None,
2021-05-27T20:27:40.034916,4,3.186394140045166,0.005392,3.181002140045166,503,None,
2021-05-27T20:27:40.393248,23,3.02674594682312,0.003611,3.02313494682312,503,None,
2021-05-27T20:27:40.399828,11,3.0424870630950926,0.005397,3.0370900630950928,503,None,
2021-05-27T20:27:40.387537,16,3.052912914993286,0.001852,3.051060914993286,503,None,
2021-05-27T20:27:40.496652,26,2.955421168182373,0.003998,2.951423168182373,503,None,
2021-05-27T20:27:40.376754,3,3.142655032821655,0.003621,3.1390340328216553,503,None,
2021-05-27T20:27:40.116601,28,3.41097296585083,0.003765,3.40720796585083,503,None,
2021-05-27T20:27:40.190611,21,3.3487989495391846,0.003787,3.3450119495391846,503,None,
2021-05-27T20:27:40.510065,6,3.0732133791046143,0.002358,3.0708553791046143,503,None,
2021-05-27T20:27:40.407923,29,3.2039651059417724,0.004203,3.1997621059417725,503,None,
2021-05-27T20:27:40.377871,15,3.232005848876953,0.002342,3.229663848876953,503,None,
2021-05-27T20:27:40.321861,19,3.2898810444946287,0.001962,3.287919044494629,503,None,
2021-05-27T20:27:40.468850,8,3.151974215057373,0.002553,3.149421215057373,503,None,
2021-05-27T20:27:40.500646,17,3.1206589289093016,0.00154,3.1191189289093018,503,None,
2021-05-27T20:27:40.313929,24,3.308971001068115,0.002966,3.3060050010681152,503,None,
2021-05-27T20:27:40.191885,14,3.4314582570800782,0.002301,3.429157257080078,503,None,
2021-05-27T20:27:40.548026,25,3.0950951752166747,0.001848,3.093247175216675,503,None,
2021-05-27T20:27:43.629385,15,2.4284199364471437,0.002905,2.4255149364471436,503,None,
2021-05-27T20:27:43.631439,14,2.577128759963989,0.003008,2.5741207599639893,503,None,
2021-05-27T20:27:43.629912,24,2.780031996246338,0.005421,2.774610996246338,503,None,
2021-05-27T20:27:43.009504,7,3.422597067657471,0.001866,3.4207310676574707,503,None,
2021-05-27T20:27:43.459199,26,2.9722939139404296,0.002554,2.9697399139404297,503,None,
2021-05-27T20:27:43.070970,18,3.363532031463623,0.002624,3.360908031463623,503,None,
2021-05-27T20:27:43.629520,19,2.9557471944580076,0.004726,2.951021194458008,503,None,
2021-05-27T20:27:43.173696,13,3.4523408455810545,0.004421,3.4479198455810547,503,None,
2021-05-27T20:27:43.439194,23,3.19766707611084,0.005125,3.19254207611084,503,None,
2021-05-27T20:27:43.533601,3,3.104363119995117,0.001887,3.102476119995117,503,None,
2021-05-27T20:27:43.653823,25,3.0103079645843507,0.001872,3.0084359645843506,503,None,
2021-05-27T20:27:43.048311,22,3.6132949573669433,0.005391,3.6079039573669434,503,None,
2021-05-27T20:27:43.629607,8,3.03927099559021,0.004197,3.03507399559021,503,None,
2021-05-27T20:27:43.625208,29,3.058737041687012,0.003299,3.0554380416870117,503,None,
2021-05-27T20:27:43.629841,17,3.0618021072235106,0.004209,3.0575931072235107,503,None,
2021-05-27T20:27:43.455661,16,3.2534661193695067,0.003659,3.249807119369507,503,None,
2021-05-27T20:27:43.065315,9,3.6451699800720214,0.004349,3.6408209800720215,503,None,
2021-05-27T20:27:43.086869,0,3.628686209213257,0.001987,3.626699209213257,503,None,
2021-05-27T20:27:43.241987,4,3.398826865371704,0.035759,3.363067865371704,503,None,
2021-05-27T20:27:43.533711,28,3.171492899505615,0.002817,3.1686758995056152,503,None,
2021-05-27T20:27:43.455565,11,3.26058794682312,0.003078,3.25750994682312,503,None,
2021-05-27T20:27:43.560644,21,3.1638639364471435,0.003974,3.1598899364471436,503,None,
2021-05-27T20:27:43.589116,6,3.1491322412872313,0.00229,3.1468422412872314,503,None,
2021-05-27T20:27:46.439633,26,2.8107911195983886,0.003224,2.8075671195983887,503,None,
2021-05-27T20:27:46.745500,21,2.563277189437866,0.002042,2.561235189437866,503,None,
2021-05-27T20:27:46.722280,9,2.6079038643493653,0.001789,2.6061148643493652,503,None,
2021-05-27T20:27:46.691149,22,2.6459328479309083,0.002927,2.643005847930908,503,None,
2021-05-27T20:27:46.426484,24,2.919708061981201,0.0033,2.916408061981201,503,None,
2021-05-27T20:27:46.444715,18,3.021715967178345,0.0045,3.0172159671783447,503,None,
