2021-05-27T20:27:53.523737,15,17.263337992752074,0.035113,17.228224992752075,503,None,
2021-05-27T20:27:53.516056,7,19.350133009002686,0.020948,19.329185009002686,503,None,
2021-05-27T20:27:53.516402,8,16.86959995098877,0.023358,16.84624195098877,503,None,
2021-05-27T20:27:53.548752,21,10.890692879776001,0.019679,10.871013879776001,503,None,
2021-05-27T20:27:53.557072,22,7.975465040939331,0.007668,7.967797040939331,503,None,
2021-05-27T20:27:53.601427,28,4.412121781829834,0.006454,4.405667781829834,503,None,
2021-05-27T20:27:53.514099,3,14.487206951599122,0.04423,14.442976951599121,503,None,
2021-05-27T20:27:53.544293,20,10.646872029632569,0.029294,10.617578029632568,503,None,
2021-05-27T20:27:53.525066,16,25.295218134475707,0.014501,25.280717134475708,503,None,
2021-05-27T20:27:53.577568,24,7.841792006271362,0.012293,7.829499006271362,503,None,
2021-05-27T20:27:53.605843,29,4.231790097976685,0.004576,4.227214097976685,503,None,
2021-05-27T20:27:53.527320,17,20.076185801651,0.024752,20.051433801651,503,None,
2021-05-27T20:27:53.514842,5,20.47433990803528,0.019808,20.45453190803528,503,None,
2021-05-27T20:27:53.518325,11,13.455352937927247,0.01674,13.438612937927246,503,None,
2021-05-27T20:27:53.511938,0,23.782549025024416,0.019539,23.763010025024414,503,None,
2021-05-27T20:27:53.589037,25,7.681553074127197,0.010431,7.671122074127197,503,None,
2021-05-27T20:27:53.518897,12,11.82721207067871,0.012799,11.814413070678711,503,None,
2021-05-27T20:27:53.529989,18,19.51358903755188,0.01939,19.49419903755188,503,None,
2021-05-27T20:27:53.565147,23,10.681877862380981,0.013124,10.668753862380981,503,None,
2021-05-27T20:27:53.515162,6,22.476822285079955,0.01815,22.458672285079956,503,None,
2021-05-27T20:27:53.514591,4,22.861563008544923,0.022898,22.838665008544922,503,None,
2021-05-27T20:27:53.593928,26,7.356852876098633,0.009683,7.347169876098633,503,None,
2021-05-27T20:27:53.512505,1,23.7258170234375,0.017443,23.7083740234375,503,None,
2021-05-27T20:27:53.521196,14,23.336597078079222,0.019194,23.317403078079224,503,None,
2021-05-27T20:27:53.597864,27,5.460211819076538,0.00715,5.453061819076538,503,None,
2021-05-27T20:27:53.517501,10,14.763029285812378,0.019525,14.743504285812378,503,None,
2021-05-27T20:27:53.520572,13,9.155620126113892,0.01736,9.138260126113892,503,None,
2021-05-27T20:27:53.533506,19,16.970129944503785,0.020838,16.949291944503784,503,None,
2021-05-27T20:27:53.513507,2,17.401970897766113,0.034771,17.367199897766113,503,None,
2021-05-27T20:27:53.516906,9,14.45415091255188,0.024405,14.42974591255188,503,None,
2021-05-27T20:28:19.093326,5,3.763787931442261,0.003375,3.7604129314422607,503,None,
2021-05-27T20:28:18.794388,22,4.0923629250183104,0.002039,4.0903239250183105,503,None,
2021-05-27T20:28:19.045255,24,3.841221922241211,0.002761,3.838460922241211,503,None,
2021-05-27T20:28:19.600494,13,3.289300882293701,0.001677,3.287623882293701,503,None,
2021-05-27T20:28:18.760432,21,4.123154761245727,0.003703,4.1194517612457275,503,None,
2021-05-27T20:28:18.874848,20,4.0161711235046385,0.002,4.014171123504639,503,None,
2021-05-27T20:28:19.309673,18,3.5814558124084472,0.002802,3.5786538124084473,503,None,
2021-05-27T20:28:19.469331,14,3.4257317903137205,0.00201,3.4237217903137207,503,None,
2021-05-27T20:28:19.668937,9,3.264828146484375,0.001553,3.263275146484375,503,None,
2021-05-27T20:28:19.081174,17,3.9502658875274657,0.00228,3.947985887527466,503,None,
2021-05-27T20:28:18.832898,28,4.698878374969483,0.001762,4.697116374969482,503,None,
2021-05-27T20:28:19.077593,29,4.506216022628784,0.002969,4.503247022628784,503,None,
2021-05-27T20:28:19.653370,2,3.9699290293273926,0.002281,3.9676480293273926,503,None,
2021-05-27T20:28:19.360460,4,4.262685081268311,0.001951,4.2607340812683105,503,None,
2021-05-27T20:28:19.094943,11,4.5252680099029545,0.002227,4.523041009902954,503,None,
2021-05-27T20:28:19.348201,6,4.272451142684936,0.002367,4.2700841426849365,503,None,
2021-05-27T20:28:18.862911,3,4.762378907012939,0.0023,4.7600789070129395,503,None,
2021-05-27T20:28:18.752982,15,4.881231136535645,0.002549,4.8786821365356445,503,None,
2021-05-27T20:28:19.493276,27,4.26592283807373,0.003156,4.2627668380737305,503,None,
2021-05-27T20:28:19.325055,23,4.478675108215332,0.004122,4.474553108215332,503,None,
2021-05-27T20:28:19.631331,19,4.178974682922363,0.00312,4.175854682922363,503,None,
2021-05-27T20:28:18.893178,16,4.922129930969239,0.001921,4.920208930969238,503,None,
2021-05-27T20:28:19.299466,12,4.5110919745025635,0.004931,4.5061609745025635,503,None,
2021-05-27T20:28:19.389557,26,4.4361992225799565,0.001941,4.434258222579956,503,None,
2021-05-27T20:28:19.122565,0,4.704171761932373,0.00519,4.698981761932373,503,None,
2021-05-27T20:28:18.760338,8,5.07535998387146,0.003848,5.07151198387146,503,None,
2021-05-27T20:28:19.458062,1,4.38769890625,0.002445,4.38525390625,503,None,
2021-05-27T20:28:19.277498,25,4.579427912246704,0.002737,4.576690912246704,503,None,
2021-05-27T20:28:18.753115,7,5.127492851654052,0.005341,5.122151851654053,503,None,
2021-05-27T20:28:19.565946,10,4.327089060379028,0.002501,4.324588060379028,503,None,
2021-05-27T20:28:22.873040,5,1.4777721335296632,0.002463,1.475309133529663,503,None,
2021-05-27T20:28:22.908900,18,1.4443783346557617,0.003015,1.4413633346557617,503,None,
2021-05-27T20:28:22.920389,14,1.4726628837280273,0.002243,1.4704198837280273,503,None,
2021-05-27T20:28:22.902844,22,1.4819008728179932,0.004291,1.4776098728179932,503,None,
2021-05-27T20:28:22.902981,24,1.479867809814453,0.003744,1.4761238098144531,503,None,
2021-05-27T20:28:22.903273,20,1.513310904800415,0.004287,1.509023904800415,503,None,
2021-05-27T20:28:22.903069,13,1.5177330341033937,0.005243,1.5124900341033936,503,None,
2021-05-27T20:28:22.903166,21,1.5285919822998046,0.005782,1.5228099822998047,503,None,
2021-05-27T20:28:23.590969,29,3.6802470886077883,0.002759,3.677488088607788,503,None,
2021-05-27T20:28:24.374398,18,2.9032852596588135,0.002532,2.9007532596588135,503,None,
2021-05-27T20:28:23.898797,1,3.3951719324645997,0.002806,3.3923659324645996,503,None,
2021-05-27T20:28:23.629321,4,3.685475926940918,0.019343,3.666132926940918,503,None,
2021-05-27T20:28:23.881095,0,3.4209058533325196,0.005389,3.4155168533325195,503,None,
2021-05-27T20:28:23.862763,16,3.4483400913238524,0.011475,3.4368650913238525,503,None,
2021-05-27T20:28:24.404857,14,2.934885886077881,0.003755,2.931130886077881,503,None,
2021-05-27T20:28:24.406538,22,2.9427169363250734,0.002174,2.9405429363250732,503,None,
2021-05-27T20:28:24.436788,20,2.9274568832092287,0.002543,2.9249138832092285,503,None,
2021-05-27T20:28:24.407330,24,3.008364868423462,0.005372,3.002992868423462,503,None,
2021-05-27T20:28:24.450882,21,3.386861978530884,0.001625,3.385236978530884,503,None,
2021-05-27T20:28:23.653005,15,4.1786029174041746,0.00247,4.176132917404175,503,None,
2021-05-27T20:28:23.574541,28,4.258611943527222,0.001596,4.257015943527222,503,None,
2021-05-27T20:28:23.917062,10,3.9365618795776367,0.002065,3.9344968795776367,503,None,
2021-05-27T20:28:23.824390,23,4.159240154769898,0.001928,4.1573121547698975,503,None,
2021-05-27T20:28:24.443381,13,3.5898031137695314,0.002149,3.5876541137695312,503,None,
2021-05-27T20:28:23.637031,3,4.395190109451294,0.002483,4.392707109451294,503,None,
2021-05-27T20:28:23.632327,6,4.4099036818695065,0.00287,4.407033681869507,503,None,
2021-05-27T20:28:23.898890,25,4.14445382611084,0.002693,4.14176082611084,503,None,
2021-05-27T20:28:22.939769,9,5.135908041229248,0.00849,5.127418041229248,503,None,
2021-05-27T20:28:23.862862,12,4.220767053894043,0.011879,4.208888053894043,503,None,
2021-05-27T20:28:23.772415,27,4.322363113845825,0.001914,4.320449113845825,503,None,
2021-05-27T20:28:23.916299,7,4.187908071105957,0.004218,4.183690071105957,503,None,
2021-05-27T20:28:23.629223,2,4.479389892059326,0.003381,4.476008892059326,503,None,
2021-05-27T20:28:23.862436,19,4.2404579401855464,0.001738,4.238719940185547,503,None,
2021-05-27T20:28:23.099742,17,5.04117283392334,0.001829,5.03934383392334,503,None,
2021-05-27T20:28:23.881468,8,4.237638855239868,0.002247,4.235391855239868,503,None,
2021-05-27T20:28:23.880847,26,4.239900641372681,0.003578,4.236322641372681,503,None,
2021-05-27T20:28:24.372407,5,3.774396791168213,0.002746,3.771650791168213,503,None,
2021-05-27T20:28:23.629394,11,4.517496192077637,0.007804,4.509692192077637,503,None,
2021-05-27T20:28:27.328602,4,3.527372889007568,0.003789,3.5235838890075684,503,None,
2021-05-27T20:28:28.092691,9,2.777295011154175,0.002041,2.775254011154175,503,None,
2021-05-27T20:28:28.059513,13,2.823798867996216,0.002583,2.821215867996216,503,None,
2021-05-27T20:28:27.365191,22,3.5280698802490233,0.004352,3.5237178802490234,503,None,
2021-05-27T20:28:27.288431,18,3.6118103157196044,0.003291,3.6085193157196045,503,None,
2021-05-27T20:28:28.059619,3,2.8374750242462157,0.002099,2.835376024246216,503,None,
2021-05-27T20:28:27.280067,29,4.318507151321411,0.002279,4.316228151321411,503,None,
2021-05-27T20:28:27.428031,24,4.233573920440674,0.001575,4.231998920440674,503,None,
2021-05-27T20:28:28.148382,17,3.5096380850372313,0.001956,3.5076820850372314,503,None,
2021-05-27T20:28:27.322979,1,4.346063022338867,0.002437,4.343626022338867,503,None,
2021-05-27T20:28:27.352704,14,4.368381788269043,0.005441,4.362940788269043,503,None,
2021-05-27T20:28:28.123829,7,3.6377171666412353,0.004378,3.6333391666412354,503,None,
2021-05-27T20:28:28.148865,8,3.61499509185791,0.00169,3.61330509185791,503,None,
2021-05-27T20:28:27.866829,10,3.984795786087036,0.001667,3.983128786087036,503,None,
2021-05-27T20:28:27.842122,21,4.008250005996704,0.004313,4.003937005996704,503,None,
2021-05-27T20:28:27.842215,15,4.014421286178589,0.003501,4.010920286178589,503,None,
2021-05-27T20:28:28.160624,11,3.6977659133911134,0.00415,3.6936159133911133,503,None,
2021-05-27T20:28:27.370595,20,4.484595787933349,0.002203,4.48239278793335,503,None,
2021-05-27T20:28:28.155043,26,3.7060750628814696,0.002061,3.7040140628814697,503,None,
2021-05-27T20:28:28.119481,27,3.73997522215271,0.003119,3.73685622215271,503,None,
2021-05-27T20:28:27.335941,0,4.5287769648284915,0.003522,4.525254964828491,503,None,
2021-05-27T20:28:28.132371,2,3.7624960428161622,0.002317,3.760179042816162,503,None,
2021-05-27T20:28:28.158734,5,3.74193198626709,0.004407,3.73752498626709,503,None,
2021-05-27T20:28:28.070064,6,3.8341460280914306,0.003402,3.8307440280914307,503,None,
2021-05-27T20:28:28.138421,19,3.773460722137451,0.003476,3.769984722137451,503,None,
2021-05-27T20:28:28.109891,12,3.802860055175781,0.001766,3.8010940551757812,503,None,
2021-05-27T20:28:27.844514,28,4.066486342285156,0.001873,4.064613342285156,503,None,
2021-05-27T20:28:27.341759,16,4.569886249038697,0.002322,4.567564249038696,503,None,
2021-05-27T20:28:28.073339,25,3.8329942256469725,0.002877,3.8301172256469727,503,None,
2021-05-27T20:28:28.025173,23,3.8925930365600587,0.002854,3.8897390365600586,503,None,
2021-05-27T20:28:30.911229,18,1.4338730446624757,0.002555,1.4313180446624756,503,None,
2021-05-27T20:28:30.879828,9,1.4625799464569091,0.003736,1.4588439464569092,503,None,
2021-05-27T20:28:30.896858,13,1.4697989074249267,0.002627,1.4671719074249268,503,None,
2021-05-27T20:28:30.876103,4,1.5031187975006104,0.003233,1.4998857975006104,503,None,
2021-05-27T20:28:30.911331,3,1.4737808446350098,0.003144,1.4706368446350098,503,None,
2021-05-27T20:28:30.902127,22,1.4835140191955567,0.002917,1.4805970191955566,503,None,
2021-05-27T20:28:31.687163,24,3.402471185272217,0.008093,3.394378185272217,503,None,
2021-05-27T20:28:32.355101,9,2.7476428948364258,0.004146,2.743496894836426,503,None,
2021-05-27T20:28:31.889070,0,3.248926191558838,0.00349,3.245436191558838,503,None,
2021-05-27T20:28:31.920797,5,3.2195990024871826,0.002357,3.2172420024871826,503,None,
2021-05-27T20:28:31.875384,11,3.294272737335205,0.004649,3.289623737335205,503,None,
2021-05-27T20:28:31.889007,27,3.7459296383361815,0.002973,3.7429566383361816,503,None,
2021-05-27T20:28:31.932248,25,3.7082711901702883,0.002829,3.705442190170288,503,None,
2021-05-27T20:28:31.925228,6,3.7141250459747313,0.006858,3.7072670459747314,503,None,
2021-05-27T20:28:31.925323,19,3.7151280602874754,0.004269,3.7108590602874756,503,None,
2021-05-27T20:28:31.625554,29,4.0228298642883304,0.002951,4.01987886428833,503,None,
2021-05-27T20:28:31.773055,7,3.878820190246582,0.003083,3.875737190246582,503,None,
2021-05-27T20:28:31.932317,23,3.942651772277832,0.001668,3.940983772277832,503,None,
2021-05-27T20:28:32.393995,22,3.515118867645264,0.00226,3.5128588676452637,503,None,
2021-05-27T20:28:31.925425,16,4.035978009521484,0.005037,4.030941009521484,503,None,
2021-05-27T20:28:31.705763,1,4.2660500292053225,0.002124,4.263926029205322,503,None,
2021-05-27T20:28:31.866081,21,4.112123231506348,0.00335,4.108773231506348,503,None,
2021-05-27T20:28:31.875428,20,4.101609954284668,0.004874,4.096735954284668,503,None,
2021-05-27T20:28:31.875575,26,4.101143966018677,0.003662,4.097481966018677,503,None,
2021-05-27T20:28:32.375302,13,3.6177679849090576,0.002119,3.6156489849090576,503,None,
2021-05-27T20:28:31.911668,2,4.074153956954956,0.001468,4.072685956954956,503,None,
2021-05-27T20:28:32.352834,18,3.6437107900238037,0.00461,3.6391007900238037,503,None,
2021-05-27T20:28:31.875195,15,4.112298922851562,0.005228,4.1070709228515625,503,None,
2021-05-27T20:28:32.391553,4,3.6183660235595703,0.003145,3.6152210235595703,503,None,
2021-05-27T20:28:31.734818,14,4.277181104598999,0.005861,4.271320104598999,503,None,
2021-05-27T20:28:31.925400,28,4.11306764024353,0.003361,4.10970664024353,503,None,
2021-05-27T20:28:31.865990,10,4.172780086135864,0.003475,4.169305086135864,503,None,
2021-05-27T20:28:31.776750,8,4.251933906784058,0.00274,4.249193906784058,503,None,
2021-05-27T20:28:31.687384,17,4.35868797164917,0.00906,4.34962797164917,503,None,
2021-05-27T20:28:32.391635,3,3.6791167998046874,0.001947,3.6771697998046875,503,None,
2021-05-27T20:28:31.925372,12,4.136129110946655,0.00564,4.130489110946655,503,None,
2021-05-27T20:28:36.061048,28,2.889370979690552,0.006275,2.8830959796905518,503,None,
2021-05-27T20:28:35.112685,9,3.842684060699463,0.002857,3.839827060699463,503,None,
2021-05-27T20:28:35.110520,24,3.848714008926392,0.002324,3.8463900089263916,503,None,
2021-05-27T20:28:35.760275,7,3.2119658413848877,0.005271,3.2066948413848877,503,None,
2021-05-27T20:28:35.662962,19,3.3078900121307373,0.09036,3.2175300121307373,503,None,
2021-05-27T20:28:36.078711,12,2.9031071006622313,0.006509,2.8965981006622314,503,None,
2021-05-27T20:28:35.673325,29,3.2302168167572023,0.007248,3.222968816757202,503,None,
2021-05-27T20:28:35.661981,27,3.326871978469849,0.090371,3.2365009784698486,503,None,
2021-05-27T20:28:36.003900,21,2.982752967315674,0.005881,2.976871967315674,503,None,
2021-05-27T20:28:36.003988,20,3.0344488510894774,0.006855,3.0275938510894775,503,None,
2021-05-27T20:28:35.157569,5,4.042209069488526,0.003148,4.039061069488525,503,None,
2021-05-27T20:28:35.920912,22,3.6939089715118407,0.007062,3.686846971511841,503,None,
2021-05-27T20:28:36.018496,18,3.5947832124938963,0.004774,3.5900092124938965,503,None,
2021-05-27T20:28:35.662715,6,3.953677947906494,0.087354,3.866323947906494,503,None,
2021-05-27T20:28:36.078609,3,3.5461319034729004,0.006491,3.5396409034729004,503,None,
2021-05-27T20:28:35.903159,23,3.7222487855529787,0.024935,3.6973137855529785,503,None,
2021-05-27T20:28:35.980927,16,3.6470970703582766,0.004173,3.6429240703582764,503,None,
2021-05-27T20:28:36.063049,10,3.5695981045074463,0.005757,3.5638411045074463,503,None,
2021-05-27T20:28:35.156556,0,4.478786152572632,0.004095,4.474691152572632,503,None,
2021-05-27T20:28:36.022366,15,3.647255811569214,0.004347,3.642908811569214,503,None,
2021-05-27T20:28:36.018425,2,3.7046870433807375,0.0062,3.6984870433807373,503,None,
2021-05-27T20:28:36.067300,17,3.6875369577178954,0.005651,3.6818859577178955,503,None,
2021-05-27T20:28:36.004029,26,3.742560787826538,0.004831,3.737729787826538,503,None,
2021-05-27T20:28:36.004058,13,3.741686252319336,0.007687,3.733999252319336,503,None,
2021-05-27T20:28:36.029108,14,3.7370268716430664,0.01321,3.7238168716430664,503,None,
2021-05-27T20:28:35.662095,25,4.100265894760132,0.089564,4.010701894760132,503,None,
2021-05-27T20:28:35.188696,11,4.586361074829101,0.00165,4.584711074829102,503,None,
2021-05-27T20:28:36.066254,8,3.708167918395996,0.0057,3.702467918395996,503,None,
2021-05-27T20:28:35.986133,1,3.7865642380981446,0.004928,3.7816362380981445,503,None,
2021-05-27T20:28:36.029040,4,3.748958094558716,0.00721,3.741748094558716,503,None,
2021-05-27T20:28:39.015349,27,3.7107259015655516,0.006585,3.7041409015655518,503,None,
2021-05-27T20:28:39.646057,6,3.1064602577667237,0.004023,3.1024372577667236,503,None,
2021-05-27T20:28:39.015442,21,3.7593998987579345,0.00649,3.7529098987579346,503,None,
2021-05-27T20:28:39.789904,8,3.1433819977874755,0.003812,3.1395699977874756,503,None,
2021-05-27T20:28:39.664267,16,3.31990992376709,0.013049,3.30686092376709,503,None,
2021-05-27T20:28:39.646134,3,3.3435526784820557,0.003867,3.3396856784820557,503,None,
2021-05-27T20:28:39.790737,1,3.2011869739532473,0.0024,3.198786973953247,503,None,
2021-05-27T20:28:39.801767,4,3.1993678796081544,0.003003,3.1963648796081543,503,None,
2021-05-27T20:28:38.965250,28,4.057918094833374,0.006233,4.051685094833374,503,None,
2021-05-27T20:28:38.971034,24,4.1377789334411625,0.006262,4.131516933441162,503,None,
2021-05-27T20:28:39.764522,13,3.363830876174927,0.002616,3.3612148761749268,503,None,
2021-05-27T20:28:39.746463,2,3.386702988204956,0.004935,3.381767988204956,503,None,
2021-05-27T20:28:38.989913,7,4.140278983276367,0.003318,4.136960983276367,503,None,
2021-05-27T20:28:39.664430,0,3.4793589669647216,0.013969,3.4653899669647217,503,None,
2021-05-27T20:28:39.637162,22,3.5056801187286375,0.005101,3.5005791187286377,503,None,
2021-05-27T20:28:39.645933,18,3.5047688609313963,0.00912,3.4956488609313965,503,None,
2021-05-27T20:28:38.968363,9,4.197177830368042,0.009206,4.187971830368042,503,None,
2021-05-27T20:28:39.789830,11,3.382728795410156,0.008301,3.3744277954101562,503,None,
2021-05-27T20:28:39.002362,12,4.1711389161376955,0.003153,4.167985916137695,503,None,
2021-05-27T20:28:39.764360,17,3.490242829849243,0.004027,3.486215829849243,503,None,
2021-05-27T20:28:39.007835,29,4.48358693409729,0.003158,4.48042893409729,503,None,
2021-05-27T20:28:39.782197,14,3.725257078277588,0.002587,3.722670078277588,503,None,
2021-05-27T20:28:39.655603,23,3.861326140335083,0.005078,3.856248140335083,503,None,
2021-05-27T20:28:39.211331,5,4.315025058578491,0.003149,4.311876058578491,503,None,
2021-05-27T20:28:39.698737,15,3.824532872528076,0.006544,3.817988872528076,503,None,
2021-05-27T20:28:39.764472,26,3.763544930679321,0.002957,3.7605879306793213,503,None,
2021-05-27T20:28:38.990057,19,4.536406907226563,0.005752,4.5306549072265625,503,None,
2021-05-27T20:28:39.056774,20,4.505162057342529,0.002065,4.503097057342529,503,None,
2021-05-27T20:28:39.664377,10,3.895365167404175,0.012201,3.883164167404175,503,None,
2021-05-27T20:28:39.782285,25,3.7836419704284667,0.002484,3.781157970428467,503,None,
2021-05-27T20:28:43.539282,5,3.0010970127258303,0.005266,2.99583101272583,503,None,
2021-05-27T20:28:42.785014,6,3.752111808959961,0.092667,3.659444808959961,503,None,
2021-05-27T20:28:43.565682,20,3.021365097320557,0.002438,3.0189270973205566,503,None,
2021-05-27T20:28:43.264063,17,3.325168853897095,0.002594,3.3225748538970947,503,None,
2021-05-27T20:28:43.185360,11,3.4016049800109864,0.00327,3.3983349800109863,503,None,
2021-05-27T20:28:43.584092,25,3.0072489478607176,0.002477,3.0047719478607178,503,None,
2021-05-27T20:28:42.921607,21,3.663806898803711,0.00247,3.661336898803711,503,None,
2021-05-27T20:28:43.151246,2,3.4396759340667726,0.002365,3.4373109340667725,503,None,
2021-05-27T20:28:43.165414,0,3.433984966156006,0.001847,3.432137966156006,503,None,
2021-05-27T20:28:43.005816,16,3.588359889968872,0.003434,3.584925889968872,503,None,
2021-05-27T20:28:43.128985,24,4.159079977172851,0.005094,4.153985977172852,503,None,
2021-05-27T20:28:43.512200,29,3.832187993774414,0.00326,3.828927993774414,503,None,
2021-05-27T20:28:42.948583,8,4.42520280682373,0.002768,4.4224348068237305,503,None,
2021-05-27T20:28:43.539204,23,3.8419967974090574,0.002715,3.8392817974090576,503,None,
2021-05-27T20:28:42.745447,27,4.584603925216674,0.104638,4.479965925216675,503,None,
2021-05-27T20:28:43.017467,4,4.4365009314880375,0.002036,4.434464931488037,503,None,
2021-05-27T20:28:43.182222,9,4.276297649139404,0.003944,4.272353649139404,503,None,
2021-05-27T20:28:43.176570,18,4.284275722930908,0.002598,4.281677722930908,503,None,
2021-05-27T20:28:43.523038,14,3.939402833618164,0.003114,3.936288833618164,503,None,
2021-05-27T20:28:43.165502,22,4.296205828994751,0.001669,4.294536828994751,503,None,
2021-05-27T20:28:43.151324,7,4.308894096572876,0.002608,4.306286096572876,503,None,
2021-05-27T20:28:43.011623,1,4.447095825881958,0.00372,4.443375825881958,503,None,
2021-05-27T20:28:43.186339,12,4.277638233016968,0.003274,4.274364233016968,503,None,
2021-05-27T20:28:43.540642,26,3.939303970062256,0.003687,3.935616970062256,503,None,
2021-05-27T20:28:43.005925,3,4.4967399256134035,0.003115,4.493624925613403,503,None,
2021-05-27T20:28:43.577135,10,3.932977792098999,0.002478,3.930499792098999,503,None,
2021-05-27T20:28:43.144148,13,4.3610180001983645,0.002626,4.358392000198364,503,None,
2021-05-27T20:28:43.041296,28,4.469367982879639,0.002316,4.467051982879639,503,None,
2021-05-27T20:28:43.539314,15,3.979898176116943,0.005295,3.9746031761169434,503,None,
2021-05-27T20:28:43.548204,19,3.981006183441162,0.001833,3.979173183441162,503,None,
2021-05-27T20:28:47.297089,24,3.0223721629333498,0.00287,3.0195021629333496,503,None,
2021-05-27T20:28:47.472162,18,2.874861896774292,0.002747,2.872114896774292,503,None,
2021-05-27T20:28:47.401232,23,2.961132983261108,0.001981,2.9591519832611084,503,None,
2021-05-27T20:28:46.609964,21,3.777915856628418,0.00253,3.775385856628418,503,None,
2021-05-27T20:28:46.606960,25,3.788361948944092,0.002901,3.785460948944092,503,None,
2021-05-27T20:28:47.471989,9,2.9345560422058106,0.005487,2.9290690422058105,503,None,
2021-05-27T20:28:47.414188,27,3.0512100486602782,0.002684,3.0485260486602783,503,None,
2021-05-27T20:28:47.471713,4,2.9998698026733397,0.003983,2.99588680267334,503,None,
2021-05-27T20:28:46.610025,2,3.873697186416626,0.003019,3.870678186416626,503,None,
2021-05-27T20:28:46.552840,5,3.948546064147949,0.00201,3.946536064147949,503,None,
2021-05-27T20:28:46.594779,6,4.020240042877197,0.00195,4.018290042877197,503,None,
2021-05-27T20:28:47.357753,29,3.290438819595337,0.010621,3.279817819595337,503,None,
2021-05-27T20:28:47.508755,26,3.472327947250366,0.001791,3.470536947250366,503,None,
2021-05-27T20:28:46.619066,0,4.388312047470093,0.005763,4.382549047470093,503,None,
2021-05-27T20:28:47.518173,3,3.5501948584136964,0.002406,3.5477888584136963,503,None,
2021-05-27T20:28:46.597881,20,4.490680856613159,0.002479,4.488201856613159,503,None,
2021-05-27T20:28:47.523581,13,3.5837420440826415,0.002916,3.5808260440826416,503,None,
2021-05-27T20:28:47.490206,1,3.6237929436187746,0.003048,3.6207449436187744,503,None,
2021-05-27T20:28:46.598014,11,4.517440898147583,0.001891,4.515549898147583,503,None,
2021-05-27T20:28:46.628682,16,4.4868530488586424,0.00181,4.485043048858643,503,None,
2021-05-27T20:28:47.536215,15,3.608745907180786,0.002143,3.606602907180786,503,None,
2021-05-27T20:28:47.392583,8,3.7789470497283935,0.002541,3.7764060497283936,503,None,
2021-05-27T20:28:47.472232,14,3.6879990668029787,0.005822,3.6821770668029785,503,None,
2021-05-27T20:28:47.544471,19,3.634954241607666,0.004123,3.630831241607666,503,None,
2021-05-27T20:28:46.597965,17,4.576602998062134,0.002096,4.574506998062134,503,None,
2021-05-27T20:28:47.472330,7,3.7002231702575683,0.004276,3.6959471702575684,503,None,
2021-05-27T20:28:47.523497,10,3.6644791683959963,0.00498,3.659499168395996,503,None,
2021-05-27T20:28:47.472291,22,3.7060341209716796,0.005032,3.7010021209716797,503,None,
2021-05-27T20:28:47.528750,28,3.6594040501861573,0.001853,3.6575510501861572,503,None,
2021-05-27T20:28:47.492004,12,3.7051739980316163,0.00191,3.703263998031616,503,None,
2021-05-27T20:28:51.159119,15,2.8231500029144287,0.002256,2.8208940029144287,503,None,
2021-05-27T20:28:50.988899,26,3.0314140142974852,0.002506,3.0289080142974854,503,None,
2021-05-27T20:28:51.197910,17,2.811145845336914,0.005045,2.806100845336914,503,None,
2021-05-27T20:28:51.108497,20,2.913129049026489,0.003437,2.9096920490264893,503,None,
2021-05-27T20:28:51.201264,10,2.8212219666595457,0.005762,2.815459966659546,503,None,
2021-05-27T20:28:51.138768,16,2.9814772178344726,0.002068,2.9794092178344727,503,None,
2021-05-27T20:28:51.184079,14,3.0098330247650145,0.003951,3.0058820247650146,503,None,
2021-05-27T20:28:51.096310,3,3.4870990862579347,0.004697,3.4824020862579346,503,None,
2021-05-27T20:28:50.657873,29,3.9660589672546385,0.012923,3.9531359672546387,503,None,
2021-05-27T20:28:50.432450,9,4.202639074676513,0.005393,4.197246074676514,503,None,
2021-05-27T20:28:51.138321,11,3.5027940451202393,0.002831,3.4999630451202393,503,None,
2021-05-27T20:28:51.183013,8,3.4915940820159914,0.002594,3.489000082015991,503,None,
2021-05-27T20:28:51.124347,13,3.638106813598633,0.002851,3.635255813598633,503,None,
2021-05-27T20:28:50.378337,18,4.375518014373779,0.00444,4.371078014373779,503,None,
2021-05-27T20:28:50.328023,24,4.4874031630249025,0.010422,4.476981163024902,503,None,
2021-05-27T20:28:50.504310,2,4.317849173095703,0.002553,4.315296173095703,503,None,
2021-05-27T20:28:51.200888,7,3.6145970027770997,0.003359,3.6112380027770996,503,None,
2021-05-27T20:28:51.203330,22,3.627929010284424,0.003413,3.624516010284424,503,None,
2021-05-27T20:28:51.136578,1,3.717813113052368,0.002807,3.715006113052368,503,None,
2021-05-27T20:28:50.519950,5,4.344286945755005,0.002157,4.342129945755005,503,None,
2021-05-27T20:28:50.416201,25,4.451981891693115,0.009014,4.442967891693115,503,None,
2021-05-27T20:28:50.496210,4,4.377011985534668,0.002444,4.374567985534668,503,None,
2021-05-27T20:28:51.220412,12,3.6546949153289794,0.004336,3.6503589153289795,503,None,
2021-05-27T20:28:50.412643,21,4.456785160217285,0.00916,4.447625160217285,503,None,
2021-05-27T20:28:50.378441,23,4.48127400982666,0.003528,4.47774600982666,503,None,
2021-05-27T20:28:50.627811,6,4.247819891098023,0.005028,4.2427918910980225,503,None,
2021-05-27T20:28:50.490688,27,4.387328817657471,0.001754,4.385574817657471,503,None,
2021-05-27T20:28:51.203439,28,3.6696058710479735,0.00534,3.6642658710479736,503,None,
2021-05-27T20:28:51.026376,0,3.854082111114502,0.002069,3.852013111114502,503,None,
2021-05-27T20:28:51.185052,19,3.696573066268921,0.003336,3.693237066268921,503,None,
2021-05-27T20:28:54.890389,12,2.872667151855469,0.004999,2.8676681518554688,503,None,
2021-05-27T20:28:54.030682,17,3.7650321825256348,0.001274,3.7637581825256348,503,None,
2021-05-27T20:28:54.868669,1,2.9179361397247314,0.002173,2.9157631397247314,503,None,
2021-05-27T20:28:54.777231,18,3.0868801217956543,0.002942,3.0839381217956543,503,None,
2021-05-27T20:28:54.204041,14,3.726998058746338,0.006098,3.720900058746338,503,None,
2021-05-27T20:28:54.905455,0,3.016780741607666,0.003137,3.013643741607666,503,None,
2021-05-27T20:28:54.890471,23,3.028657183944702,0.009912,3.018745183944702,503,None,
2021-05-27T20:28:53.992771,15,3.9389700432281494,0.002948,3.9360220432281494,503,None,
2021-05-27T20:28:54.037806,20,3.8952470388183595,0.002276,3.8929710388183594,503,None,
2021-05-27T20:28:54.687963,8,3.6518592295532226,0.021388,3.6304712295532227,503,None,
2021-05-27T20:28:54.890516,6,3.4885328969879152,0.002092,3.486440896987915,503,None,
2021-05-27T20:28:54.647556,9,3.9125509353179933,0.019902,3.892648935317993,503,None,
2021-05-27T20:28:54.890244,25,3.664490045593262,0.011823,3.6526670455932617,503,None,
2021-05-27T20:28:54.641379,29,3.941615006820679,0.007867,3.9337480068206787,503,None,
2021-05-27T20:28:54.027891,26,4.561216844299317,0.002378,4.558838844299316,503,None,
2021-05-27T20:28:54.845073,7,3.731648935409546,0.006521,3.725127935409546,503,None,
2021-05-27T20:28:54.905266,27,3.704409953186035,0.003672,3.700737953186035,503,None,
2021-05-27T20:28:54.655766,11,3.9987118571777343,0.072202,3.9265098571777344,503,None,
2021-05-27T20:28:54.905383,28,3.75675781791687,0.00468,3.75207781791687,503,None,
2021-05-27T20:28:54.040344,10,4.632080091537476,0.002764,4.629316091537476,503,None,
2021-05-27T20:28:54.881808,5,3.7875660491485594,0.002277,3.7852890491485596,503,None,
2021-05-27T20:28:54.777113,13,3.899110045211792,0.004168,3.894942045211792,503,None,
2021-05-27T20:28:54.131351,16,4.55149409791565,0.004266,4.547228097915649,503,None,
2021-05-27T20:28:54.592020,3,4.092510860290528,0.00234,4.090170860290527,503,None,
2021-05-27T20:28:54.829535,2,3.812307970977783,0.005026,3.807281970977783,503,None,
2021-05-27T20:28:54.829410,24,3.8297658846740723,0.007063,3.8227028846740723,503,None,
2021-05-27T20:28:54.857303,22,3.8120759637908934,0.002833,3.8092429637908936,503,None,
2021-05-27T20:28:54.890338,4,3.780182986190796,0.009828,3.770354986190796,503,None,
2021-05-27T20:28:54.922517,19,3.7630911932373046,0.00554,3.7575511932373047,503,None,
2021-05-27T20:28:54.890429,21,3.9144580383758547,0.006073,3.9083850383758545,503,None,
2021-05-27T20:28:57.808041,17,1.3906619966125489,0.004885,1.3857769966125488,503,None,
2021-05-27T20:28:57.808140,1,1.4356239266357422,0.013171,1.4224529266357422,503,None,
2021-05-27T20:28:57.878018,18,1.3804679823303223,0.00204,1.3784279823303223,503,None,
2021-05-27T20:28:57.795479,12,1.4608619909667968,0.00504,1.4558219909667969,503,None,
2021-05-27T20:28:57.943426,23,1.377103955795288,0.005402,1.371701955795288,503,None,
2021-05-27T20:28:57.944468,20,1.3920518733520508,0.003627,1.3884248733520508,503,None,
2021-05-27T20:28:57.943463,15,1.3988490769958497,0.00276,1.3960890769958496,503,None,
2021-05-27T20:28:57.943301,14,1.4057559560699462,0.005367,1.4003889560699463,503,None,
2021-05-27T20:28:57.943384,0,1.421316822921753,0.004137,1.417179822921753,503,None,
2021-05-27T20:28:58.609143,26,3.5791191781463625,0.002794,3.5763251781463623,503,None,
2021-05-27T20:28:58.574914,9,3.613908008239746,0.003298,3.610610008239746,503,None,
2021-05-27T20:28:58.609395,7,3.5835421728515624,0.003815,3.5797271728515625,503,None,
2021-05-27T20:28:59.355167,15,2.842135935058594,0.00349,2.8386459350585938,503,None,
2021-05-27T20:28:58.731220,4,3.4306748881835936,0.008777,3.4218978881835938,503,None,
2021-05-27T20:28:59.349673,20,2.8492629124603273,0.001996,2.847266912460327,503,None,
2021-05-27T20:28:59.266868,18,2.9317287691955567,0.001913,2.9298157691955566,503,None,
2021-05-27T20:28:58.723913,13,3.45369317729187,0.006547,3.44714617729187,503,None,
2021-05-27T20:28:58.731746,19,3.4267381654205322,0.002494,3.4242441654205322,503,None,
2021-05-27T20:28:58.723791,28,3.4585459544677732,0.009352,3.4491939544677734,503,None,
2021-05-27T20:28:59.264891,1,2.9380370615081786,0.002458,2.9355790615081787,503,None,
2021-05-27T20:28:58.724064,24,3.5963732206726076,0.01324,3.5831332206726074,503,None,
2021-05-27T20:28:58.630459,27,4.23811695753479,0.002439,4.23567795753479,503,None,
2021-05-27T20:28:58.724101,22,4.105755748260498,0.004888,4.100867748260498,503,None,
2021-05-27T20:28:58.829545,21,4.054150114440918,0.002275,4.051875114440918,503,None,
2021-05-27T20:28:59.332280,23,3.5719027950286866,0.002075,3.5698277950286865,503,None,
2021-05-27T20:28:58.593047,29,4.3176199969940185,0.002243,4.3153769969940186,503,None,
2021-05-27T20:28:58.723987,3,4.177046000640869,0.005943,4.171103000640869,503,None,
2021-05-27T20:28:59.294775,12,3.6324800750274657,0.001877,3.630603075027466,503,None,
2021-05-27T20:28:58.401817,8,4.544581139205933,0.002449,4.542132139205933,503,None,
2021-05-27T20:28:59.376246,0,3.616268737930298,0.001469,3.614799737930298,503,None,
2021-05-27T20:28:58.723836,10,4.247811956054687,0.009607,4.2382049560546875,503,None,
2021-05-27T20:28:59.362137,14,3.6326749528045656,0.002162,3.6305129528045654,503,None,
2021-05-27T20:28:58.723950,16,4.2421918045501705,0.016423,4.225768804550171,503,None,
2021-05-27T20:28:58.412567,6,4.613567718627929,0.005278,4.60828971862793,503,None,
2021-05-27T20:28:59.229114,17,3.80785921144104,0.002296,3.80556321144104,503,None,
2021-05-27T20:28:58.724026,2,4.277475063644409,0.011136,4.266339063644409,503,None,
2021-05-27T20:28:58.723691,11,4.282281762069702,0.014269,4.268012762069702,503,None,
2021-05-27T20:28:58.723875,5,4.2836169436340334,0.016313,4.267303943634033,503,None,
2021-05-27T20:28:58.579715,25,4.456507966812134,0.003583,4.452924966812134,503,None,
2021-05-27T20:29:02.215323,1,3.5776133116912843,0.00442,3.573193311691284,503,None,
2021-05-27T20:29:03.034164,6,2.7990188219299315,0.001924,2.7970948219299316,503,None,
2021-05-27T20:29:02.207388,20,3.6139650463256836,0.004591,3.6093740463256836,503,None,
2021-05-27T20:29:02.959966,8,2.9010560555877687,0.002244,2.8988120555877686,503,None,
2021-05-27T20:29:02.212542,19,3.6732138871307374,0.004512,3.6687018871307373,503,None,
2021-05-27T20:29:02.207339,15,3.6814200559692383,0.009258,3.6721620559692383,503,None,
2021-05-27T20:29:02.207257,9,3.684889236618042,0.010101,3.674788236618042,503,None,
2021-05-27T20:29:02.207432,18,4.190830818939209,0.009925,4.180905818939209,503,None,
2021-05-27T20:29:03.045218,25,3.3845931295928957,0.002756,3.3818371295928955,503,None,
2021-05-27T20:29:02.998620,10,3.43517709967041,0.002414,3.43276309967041,503,None,
2021-05-27T20:29:03.044636,5,3.3896358753509523,0.005107,3.384528875350952,503,None,
2021-05-27T20:29:02.878808,22,3.589372908370972,0.004293,3.5850799083709717,503,None,
2021-05-27T20:29:02.925251,29,3.8049520319519043,0.004156,3.8007960319519043,503,None,
2021-05-27T20:29:03.044574,2,3.683225880203247,0.005435,3.677790880203247,503,None,
2021-05-27T20:29:02.207367,4,4.509146848449707,0.008135,4.501011848449707,503,None,
2021-05-27T20:29:02.207197,26,4.507256061264038,0.010371,4.496885061264038,503,None,
2021-05-27T20:29:03.044605,11,3.6857367487487793,0.004356,3.6813807487487793,503,None,
2021-05-27T20:29:02.891992,21,3.8416029808197023,0.003766,3.837836980819702,503,None,
2021-05-27T20:29:02.936869,3,3.7905400558624267,0.003666,3.7868740558624268,503,None,
2021-05-27T20:29:02.998139,0,3.7423416359558104,0.003214,3.7391276359558105,503,None,
2021-05-27T20:29:03.044494,17,3.6901400766601564,0.002724,3.6874160766601562,503,None,
2021-05-27T20:29:02.877208,27,3.8617217763214113,0.004478,3.857243776321411,503,None,
2021-05-27T20:29:02.936968,12,3.7938929572296143,0.00502,3.7888729572296143,503,None,
2021-05-27T20:29:03.005104,14,3.7362569145812987,0.001664,3.734592914581299,503,None,
2021-05-27T20:29:02.357184,24,4.3890460537109375,0.001366,4.3876800537109375,503,None,
2021-05-27T20:29:03.010383,16,3.7227580053100584,0.001476,3.7212820053100586,503,None,
2021-05-27T20:29:02.207284,7,4.538424026107788,0.01035,4.528074026107788,503,None,
2021-05-27T20:29:02.207454,13,4.539795782348633,0.010497,4.529298782348633,503,None,
2021-05-27T20:29:02.215263,28,4.5399839984893795,0.00245,4.53753399848938,503,None,
2021-05-27T20:29:02.913687,23,3.864898956451416,0.00366,3.861238956451416,503,None,
2021-05-27T20:29:05.845882,6,1.3372518209381103,0.003992,1.3332598209381104,503,None,
2021-05-27T20:29:05.824226,1,1.359802237564087,0.004606,1.355196237564087,503,None,
2021-05-27T20:29:05.858050,20,1.3498039626007081,0.003413,1.346390962600708,503,None,
2021-05-27T20:29:05.874774,8,1.3310322548522948,0.002614,1.328418254852295,503,None,
2021-05-27T20:29:06.787366,13,3.356206860595703,0.006731,3.349475860595703,503,None,
2021-05-27T20:29:06.444898,10,3.7712569299316407,0.020185,3.7510719299316406,503,None,
2021-05-27T20:29:05.931317,9,4.289267728973389,0.001476,4.287791728973389,503,None,
2021-05-27T20:29:06.468051,5,3.7496400142974853,0.001982,3.7476580142974854,503,None,
2021-05-27T20:29:05.919790,19,4.301147136245728,0.003961,4.2971861362457275,503,None,
2021-05-27T20:29:07.215007,20,3.0176518803863526,0.003028,3.0146238803863525,503,None,
2021-05-27T20:29:06.767352,27,3.4511271936798096,0.005865,3.4452621936798096,503,None,
2021-05-27T20:29:06.767464,16,3.4543270633087158,0.006036,3.448291063308716,503,None,
2021-05-27T20:29:06.749160,4,3.477022075302124,0.005232,3.471790075302124,503,None,
2021-05-27T20:29:06.813379,28,3.4361791462402342,0.002223,3.4339561462402344,503,None,
2021-05-27T20:29:07.194227,1,3.059052130203247,0.002355,3.056697130203247,503,None,
2021-05-27T20:29:06.427690,18,3.824892135986328,0.003584,3.821308135986328,503,None,
2021-05-27T20:29:07.215984,8,3.039775833114624,0.002434,3.037341833114624,503,None,
2021-05-27T20:29:06.767403,14,3.472089786529541,0.004375,3.467714786529541,503,None,
2021-05-27T20:29:06.767242,3,3.475908136734009,0.004459,3.471449136734009,503,None,
2021-05-27T20:29:06.767438,24,3.479339785385132,0.00355,3.475789785385132,503,None,
2021-05-27T20:29:06.813884,23,3.452105089263916,0.00383,3.448275089263916,503,None,
2021-05-27T20:29:06.767327,17,3.5163241779785155,0.005273,3.5110511779785156,503,None,
2021-05-27T20:29:06.767299,0,3.7601908607177736,0.003868,3.7563228607177734,503,None,
2021-05-27T20:29:06.749127,2,3.7926220800933836,0.004431,3.788191080093384,503,None,
2021-05-27T20:29:06.440975,25,4.173855302703857,0.002038,4.171817302703857,503,None,
2021-05-27T20:29:06.787308,7,3.834207059906006,0.006073,3.828134059906006,503,None,
2021-05-27T20:29:06.522303,22,4.09889074005127,0.003015,4.0958757400512695,503,None,
2021-05-27T20:29:06.749401,21,3.8685932258148195,0.004452,3.8641412258148193,503,None,
2021-05-27T20:29:06.767374,12,3.89262885559082,0.00513,3.8874988555908203,503,None,
2021-05-27T20:29:06.749294,11,3.9057449535369875,0.006025,3.8997199535369873,503,None,
2021-05-27T20:29:06.748924,29,3.906529819107056,0.0041,3.9024298191070557,503,None,
2021-05-27T20:29:05.921176,15,4.7566610530853275,0.0029,4.753761053085327,503,None,
2021-05-27T20:29:06.749238,26,3.903931007461548,0.002205,3.901726007461548,503,None,
2021-05-27T20:29:07.192340,6,3.4938487325897216,0.002824,3.4910247325897217,503,None,
2021-05-27T20:29:10.261423,16,3.2812291207275393,0.003296,3.277933120727539,503,None,
2021-05-27T20:29:10.236469,9,3.906517070465088,0.003305,3.903212070465088,503,None,
2021-05-27T20:29:10.293745,24,3.8082381474609375,0.008937,3.7993011474609375,503,None,
2021-05-27T20:29:10.319916,17,3.806350186767578,0.002315,3.804035186767578,503,None,
2021-05-27T20:29:10.653036,21,3.695211899887085,0.003186,3.692025899887085,503,None,
2021-05-27T20:29:10.273879,28,4.110552980102539,0.004739,4.105813980102539,503,None,
2021-05-27T20:29:10.693281,15,3.6973481031951905,0.003206,3.6941421031951904,503,None,
2021-05-27T20:29:10.261208,27,4.137959164596557,0.002901,4.135058164596558,503,None,
2021-05-27T20:29:10.651739,7,3.8208239757843017,0.003707,3.8171169757843018,503,None,
2021-05-27T20:29:10.290348,14,4.185054241928101,0.007734,4.177320241928101,503,None,
2021-05-27T20:29:10.274097,8,4.193226940582275,0.003348,4.189878940582275,503,None,
2021-05-27T20:29:10.694811,6,3.7871250146331787,0.002669,3.7844560146331787,503,None,
2021-05-27T20:29:10.652087,22,3.8225690108642576,0.003811,3.818758010864258,503,None,
2021-05-27T20:29:10.176885,13,4.303323959030151,0.001739,4.301584959030151,503,None,
2021-05-27T20:29:10.273965,1,4.2004990505218505,0.00615,4.194349050521851,503,None,
2021-05-27T20:29:10.592098,2,3.8917278868865965,0.00547,3.8862578868865967,503,None,
2021-05-27T20:29:10.236361,10,4.232969897567749,0.005412,4.227557897567749,503,None,
2021-05-27T20:29:10.693366,26,3.793840840637207,0.002912,3.790928840637207,503,None,
2021-05-27T20:29:10.689254,12,3.8032230320281983,0.004007,3.7992160320281982,503,None,
2021-05-27T20:29:10.274056,18,4.19913242060852,0.003422,4.1957104206085205,503,None,
2021-05-27T20:29:10.628675,25,3.8617230386505126,0.002776,3.8589470386505127,503,None,
2021-05-27T20:29:10.293609,3,4.186585054870606,0.004171,4.1824140548706055,503,None,
2021-05-27T20:29:10.239872,19,4.243098803222656,0.002338,4.240760803222656,503,None,
2021-05-27T20:29:10.273793,4,4.199883839752197,0.003127,4.196756839752197,503,None,
2021-05-27T20:29:10.557082,0,3.9948491259002687,0.002165,3.9926841259002686,503,None,
2021-05-27T20:29:10.691991,29,3.8611306730194093,0.005192,3.855938673019409,503,None,
2021-05-27T20:29:10.249085,20,4.306100225219726,0.00151,4.304590225219727,503,None,
2021-05-27T20:29:10.691896,11,3.880591042831421,0.005103,3.875488042831421,503,None,
2021-05-27T20:29:10.293860,23,4.276959058288575,0.015329,4.261630058288574,503,None,
2021-05-27T20:29:10.239750,5,4.330118091323852,0.002628,4.3274900913238525,503,None,
2021-05-27T20:29:14.504580,1,2.8862878869171142,0.019412,2.8668758869171143,503,None,
2021-05-27T20:29:14.504701,18,2.90460900189209,0.012543,2.89206600189209,503,None,
2021-05-27T20:29:14.503792,14,2.9157392121887207,0.00691,2.9088292121887207,503,None,
2021-05-27T20:29:14.597954,5,2.868081052444458,0.004173,2.863908052444458,503,None,
2021-05-27T20:29:14.575220,0,2.8881769943237305,0.001875,2.8863019943237305,503,None,
2021-05-27T20:29:14.504551,13,2.9409798510284424,0.015247,2.9257328510284424,503,None,
2021-05-27T20:29:14.504048,6,2.9798138851623537,0.014098,2.9657158851623535,503,None,
2021-05-27T20:29:14.504652,26,3.069265941116333,0.015447,3.053818941116333,503,None,
2021-05-27T20:29:14.405091,28,3.2301887973632812,0.002459,3.2277297973632812,503,None,
2021-05-27T20:29:14.197044,24,3.5527070634918214,0.001958,3.5507490634918213,503,None,
2021-05-27T20:29:14.467354,27,3.427583032272339,0.002173,3.425410032272339,503,None,
2021-05-27T20:29:13.557432,16,4.4713470535583495,0.002382,4.46896505355835,503,None,
2021-05-27T20:29:14.589575,20,3.533043956802368,0.004073,3.528970956802368,503,None,
2021-05-27T20:29:14.504630,10,3.6073199810180663,0.004841,3.6024789810180664,503,None,
2021-05-27T20:29:14.514610,19,3.6200359923706054,0.008911,3.6111249923706055,503,None,
2021-05-27T20:29:14.504606,2,3.6485639928741453,0.013492,3.6350719928741455,503,None,
2021-05-27T20:29:14.159413,9,4.034562673873902,0.00257,4.031992673873901,503,None,
2021-05-27T20:29:14.337860,17,3.8743487226409914,0.002292,3.872056722640991,503,None,
2021-05-27T20:29:14.408533,15,3.809992024093628,0.002706,3.807286024093628,503,None,
2021-05-27T20:29:14.591263,23,3.6270789299163817,0.006941,3.620137929916382,503,None,
2021-05-27T20:29:14.521701,4,3.6693818751525877,0.00262,3.666761875152588,503,None,
2021-05-27T20:29:14.591152,11,3.6281523034210204,0.005562,3.6225903034210205,503,None,
2021-05-27T20:29:14.504731,25,3.6923619691314697,0.009344,3.6830179691314697,503,None,
2021-05-27T20:29:14.504429,22,3.6919629839630126,0.006722,3.6852409839630127,503,None,
2021-05-27T20:29:14.504674,12,3.715700249267578,0.012251,3.703449249267578,503,None,
2021-05-27T20:29:14.584265,29,3.6606799988403322,0.002289,3.658390998840332,503,None,
2021-05-27T20:29:14.503439,7,3.72082606942749,0.018001,3.7028250694274902,503,None,
2021-05-27T20:29:14.503987,8,3.7431251373443604,0.018691,3.7244341373443604,503,None,
2021-05-27T20:29:14.391642,21,3.875173857040405,0.00207,3.8731038570404053,503,None,
2021-05-27T20:29:14.504758,3,3.7442499531402587,0.014439,3.729810953140259,503,None,
2021-05-27T20:29:18.253341,22,2.81268213571167,0.004436,2.80824613571167,503,None,
2021-05-27T20:29:17.613139,26,3.4638581419677736,0.003922,3.4599361419677734,503,None,
2021-05-27T20:29:18.278962,21,2.793298109954834,0.001644,2.791654109954834,503,None,
2021-05-27T20:29:18.205435,9,2.877947017272949,0.004409,2.873538017272949,503,None,
2021-05-27T20:29:18.277237,8,2.8138830615081787,0.003304,2.8105790615081787,503,None,
2021-05-27T20:29:18.263058,29,2.8488462399902343,0.003269,2.8455772399902344,503,None,
2021-05-27T20:29:18.229868,17,3.0308838169403076,0.002332,3.0285518169403076,503,None,
2021-05-27T20:29:17.474443,14,3.8146879635925295,0.004462,3.8102259635925293,503,None,
2021-05-27T20:29:18.233287,4,3.054110935119629,0.004229,3.049881935119629,503,None,
2021-05-27T20:29:17.430628,1,4.102505023803711,0.001715,4.100790023803711,503,None,
2021-05-27T20:29:18.283470,3,3.2526199969024656,0.004097,3.248522996902466,503,None,
2021-05-27T20:29:17.889430,24,3.818511655517578,0.003246,3.815265655517578,503,None,
2021-05-27T20:29:18.273525,7,3.4896018647613527,0.004519,3.4850828647613525,503,None,
2021-05-27T20:29:18.233422,11,3.571435036331177,0.005081,3.5663540363311768,503,None,
2021-05-27T20:29:17.494413,13,4.314208859786987,0.01361,4.300598859786987,503,None,
2021-05-27T20:29:17.644115,28,4.172719942703247,0.001765,4.170954942703247,503,None,
2021-05-27T20:29:18.148138,20,3.6647001833496096,0.002381,3.6623191833496094,503,None,
2021-05-27T20:29:17.477764,5,4.332883654830932,0.003398,4.329485654830933,503,None,
2021-05-27T20:29:18.233463,25,3.574417873855591,0.005796,3.568621873855591,503,None,
2021-05-27T20:29:18.262928,12,3.5529022553405762,0.003346,3.549556255340576,503,None,
2021-05-27T20:29:17.479207,0,4.33291127305603,0.003356,4.32955527305603,503,None,
2021-05-27T20:29:18.198828,2,3.6163260697174073,0.00388,3.6124460697174072,503,None,
2021-05-27T20:29:17.443001,18,4.372497892791748,0.002282,4.370215892791748,503,None,
2021-05-27T20:29:18.175864,19,3.654202868484497,0.002474,3.651728868484497,503,None,
2021-05-27T20:29:18.233245,23,3.627157994491577,0.003707,3.623450994491577,503,None,
2021-05-27T20:29:17.504422,6,4.364204974685669,0.005586,4.358618974685669,503,None,
2021-05-27T20:29:18.233069,15,3.6345728012542726,0.003048,3.6315248012542725,503,None,
2021-05-27T20:29:18.037848,16,3.8432482367248535,0.001922,3.8413262367248535,503,None,
2021-05-27T20:29:18.169367,10,3.7100121043548584,0.002386,3.7076261043548584,503,None,
2021-05-27T20:29:17.901634,27,3.982241095291138,0.002536,3.9797050952911377,503,None,
2021-05-27T20:29:21.826180,11,2.776706012710571,0.005559,2.7711470127105713,503,None,
2021-05-27T20:29:21.303270,14,3.335374903503418,0.002616,3.332758903503418,503,None,
2021-05-27T20:29:21.304696,4,3.6331450700073242,0.001703,3.631442070007324,503,None,
2021-05-27T20:29:21.889132,6,3.0452357240753174,0.006008,3.0392277240753174,503,None,
2021-05-27T20:29:21.085863,26,3.8509571992950438,0.003233,3.847724199295044,503,None,
2021-05-27T20:29:21.826542,0,3.3308560875396727,0.006248,3.324608087539673,503,None,
2021-05-27T20:29:21.107761,8,4.068342967987061,0.00225,4.0660929679870605,503,None,
2021-05-27T20:29:21.896698,27,3.3233158704071046,0.002028,3.3212878704071045,503,None,
2021-05-27T20:29:21.891835,16,3.341319957229614,0.005572,3.3357479572296143,503,None,
2021-05-27T20:29:21.826338,28,3.436676058837891,0.008297,3.4283790588378906,503,None,
2021-05-27T20:29:21.275032,17,4.007841930862427,0.004171,4.003670930862427,503,None,
2021-05-27T20:29:21.862784,19,3.420173805969238,0.001918,3.4182558059692383,503,None,
2021-05-27T20:29:21.720119,24,3.5592250713806153,0.003098,3.5561270713806152,503,None,
2021-05-27T20:29:21.826279,13,3.589570145614624,0.008283,3.581287145614624,503,None,
2021-05-27T20:29:21.826438,5,3.644585061248779,0.013009,3.6315760612487793,503,None,
2021-05-27T20:29:21.826374,20,3.64651316255188,0.009736,3.63677716255188,503,None,
2021-05-27T20:29:21.772925,7,3.70118609664917,0.005855,3.69533109664917,503,None,
2021-05-27T20:29:21.096335,9,4.394660976776123,0.004334,4.390326976776123,503,None,
2021-05-27T20:29:21.544203,1,3.936781874755859,0.002429,3.9343528747558594,503,None,
2021-05-27T20:29:21.546083,3,3.935850301651001,0.001604,3.934246301651001,503,None,
2021-05-27T20:29:21.086041,21,4.405020858001709,0.001825,4.403195858001709,503,None,
2021-05-27T20:29:21.123679,29,4.36713910017395,0.004179,4.36296010017395,503,None,
2021-05-27T20:29:21.085649,22,4.406923080993653,0.003001,4.403922080993652,503,None,
2021-05-27T20:29:21.891884,10,3.5967096532592775,0.003426,3.5932836532592773,503,None,
2021-05-27T20:29:21.845029,18,3.640311696472168,0.007565,3.632746696472168,503,None,
2021-05-27T20:29:21.837297,2,3.640127150817871,0.004096,3.636031150817871,503,None,
2021-05-27T20:29:21.878649,23,3.617354061645508,0.003369,3.613985061645508,503,None,
2021-05-27T20:29:21.826479,25,3.651158151107788,0.011756,3.639402151107788,503,None,
2021-05-27T20:29:21.891747,15,3.6029227760620115,0.002807,3.6001157760620117,503,None,
2021-05-27T20:29:21.826511,12,3.6592418951416015,0.015815,3.6434268951416016,503,None,
2021-05-27T20:29:24.633867,11,1.2563671208190919,0.020955,1.2354121208190918,503,None,
2021-05-27T20:29:24.645261,14,1.2716860600585937,0.024837,1.2468490600585938,503,None,
2021-05-27T20:29:25.202492,8,3.4413029800720216,0.003607,3.4376959800720215,503,None,
2021-05-27T20:29:25.513505,25,3.106229962646484,0.007662,3.0985679626464844,503,None,
2021-05-27T20:29:25.509271,23,3.1612390878601073,0.008892,3.1523470878601074,503,None,
2021-05-27T20:29:25.513607,15,3.1598379365386964,0.011219,3.1486189365386963,503,None,
2021-05-27T20:29:25.509116,21,3.2120858756866455,0.009509,3.2025768756866455,503,None,
2021-05-27T20:29:25.299787,24,3.49147588192749,0.002518,3.4889578819274902,503,None,
2021-05-27T20:29:25.249284,16,3.548189906768799,0.008055,3.540134906768799,503,None,
2021-05-27T20:29:25.509085,3,3.294615211090088,0.016159,3.278456211090088,503,None,
2021-05-27T20:29:25.509240,2,3.305215304885864,0.019211,3.2860043048858643,503,None,
2021-05-27T20:29:25.515164,12,3.404218763153076,0.011767,3.392451763153076,503,None,
2021-05-27T20:29:24.955874,26,4.422695998596192,0.140499,4.282196998596191,503,None,
2021-05-27T20:29:25.508915,20,3.917880212341309,0.012211,3.9056692123413086,503,None,
2021-05-27T20:29:25.509166,22,3.9146540277709962,0.005399,3.909255027770996,503,None,
2021-05-27T20:29:25.509216,18,3.928025694091797,0.017858,3.910167694091797,503,None,
2021-05-27T20:29:24.946104,6,4.50789811026001,0.144439,4.36345911026001,503,None,
2021-05-27T20:29:25.509044,1,3.929015671432495,0.018338,3.910677671432495,503,None,
2021-05-27T20:29:25.290861,17,4.200378911392212,0.002867,4.197511911392212,503,None,
2021-05-27T20:29:25.292060,19,4.200628105010987,0.003465,4.197163105010986,503,None,
2021-05-27T20:29:25.200073,0,4.2916182459106444,0.003024,4.2885942459106445,503,None,
2021-05-27T20:29:25.509002,9,3.9746300095367433,0.01588,3.958750009536743,503,None,
2021-05-27T20:29:25.509191,10,3.967998921081543,0.018022,3.949976921081543,503,None,
2021-05-27T20:29:25.244199,27,4.26153836946106,0.003471,4.25806736946106,503,None,
2021-05-27T20:29:25.909849,11,3.600427828689575,0.002696,3.597731828689575,503,None,
2021-05-27T20:29:25.508961,7,3.975373681274414,0.018516,3.956857681274414,503,None,
2021-05-27T20:29:25.445482,13,4.059481921356201,0.002693,4.056788921356201,503,None,
2021-05-27T20:29:25.932434,14,3.6222829911499024,0.001503,3.6207799911499023,503,None,
2021-05-27T20:29:25.509141,29,4.0202990167694095,0.014458,4.005841016769409,503,None,
2021-05-27T20:29:25.290765,28,4.258301044128418,0.003423,4.254878044128418,503,None,
2021-05-27T20:29:25.508814,5,4.019037008865356,0.008883,4.0101540088653564,503,None,
2021-05-27T20:29:24.944689,4,4.606649146270752,0.1452,4.461449146270752,503,None,
2021-05-27T20:29:29.477691,6,2.8682281682434083,0.002444,2.865784168243408,503,None,
2021-05-27T20:29:29.516554,0,2.865024086105347,0.004462,2.8605620861053467,503,None,
2021-05-27T20:29:29.528995,27,2.8738247418060303,0.001789,2.8720357418060303,503,None,
2021-05-27T20:29:29.561122,29,2.864942311508179,0.003582,2.8613603115081787,503,None,
2021-05-27T20:29:28.712183,23,3.70630901864624,0.001836,3.7044730186462402,503,None,
2021-05-27T20:29:29.570927,28,3.1745410087127683,0.004977,3.1695640087127686,503,None,
2021-05-27T20:29:29.529084,11,3.4431951452941894,0.002147,3.4410481452941895,503,None,
2021-05-27T20:29:29.571087,5,3.4384681122131346,0.002957,3.4355111122131348,503,None,
2021-05-27T20:29:29.473916,18,3.5433209019470215,0.00333,3.5399909019470215,503,None,
2021-05-27T20:29:29.561018,14,3.476882136779785,0.003256,3.473626136779785,503,None,
2021-05-27T20:29:28.764106,21,4.282354997344971,0.002371,4.279983997344971,503,None,
2021-05-27T20:29:29.516623,10,3.5180450737609865,0.004964,3.5130810737609863,503,None,
2021-05-27T20:29:28.957291,12,3.863657767227173,0.074328,3.789329767227173,503,None,
2021-05-27T20:29:28.840224,3,4.211100093109131,0.001832,4.209268093109131,503,None,
2021-05-27T20:29:28.804514,16,4.268212783843994,0.001132,4.267080783843994,503,None,
2021-05-27T20:29:29.472952,20,3.591592176651001,0.003049,3.588543176651001,503,None,
2021-05-27T20:29:29.406372,26,3.667017015930176,0.003171,3.663846015930176,503,None,
2021-05-27T20:29:29.529140,7,3.5427567738189696,0.002439,3.5403177738189697,503,None,
2021-05-27T20:29:29.516590,9,3.5759849386291505,0.005033,3.5709519386291504,503,None,
2021-05-27T20:29:29.548508,13,3.559171903152466,0.00352,3.555651903152466,503,None,
2021-05-27T20:29:28.841467,2,4.273118916122437,0.001692,4.2714269161224365,503,None,
2021-05-27T20:29:28.714809,15,4.438116014862061,0.00215,4.4359660148620605,503,None,
2021-05-27T20:29:29.473060,22,3.7075769055023193,0.003714,3.7038629055023193,503,None,
2021-05-27T20:29:29.514061,17,3.662697952590942,0.005886,3.6568119525909424,503,None,
2021-05-27T20:29:29.516482,19,3.6602690231018067,0.004318,3.6559510231018066,503,None,
2021-05-27T20:29:29.575531,4,3.6166228637695315,0.001625,3.6149978637695312,503,None,
2021-05-27T20:29:28.672318,25,4.518592122665405,0.002666,4.515926122665405,503,None,
2021-05-27T20:29:29.477761,1,3.714006803070068,0.001336,3.7126708030700684,503,None,
2021-05-27T20:29:28.799805,24,4.402649119796753,0.002315,4.400334119796753,503,None,
2021-05-27T20:29:28.659862,8,4.535827036407471,0.002303,4.533524036407471,503,None,
2021-05-27T20:29:33.198664,17,3.127799865966797,0.002056,3.125743865966797,503,None,
2021-05-27T20:29:33.210315,1,3.272722920776367,0.003926,3.268796920776367,503,None,
2021-05-27T20:29:33.059516,21,3.460918987701416,0.009348,3.451570987701416,503,None,
2021-05-27T20:29:32.434020,29,4.157345751052857,0.001806,4.1555397510528564,503,None,
2021-05-27T20:29:33.088219,16,3.5192351390533445,0.005193,3.5140421390533447,503,None,
2021-05-27T20:29:32.362023,6,4.272845138748169,0.002483,4.270362138748169,503,None,
2021-05-27T20:29:33.209995,25,3.4274019717559816,0.004986,3.4224159717559814,503,None,
2021-05-27T20:29:33.033037,18,3.5938372350616454,0.008692,3.5851452350616455,503,None,
2021-05-27T20:29:33.093823,20,3.5311181134948733,0.003401,3.527717113494873,503,None,
2021-05-27T20:29:33.210522,24,3.4388711461639403,0.003335,3.4355361461639404,503,None,
2021-05-27T20:29:33.125097,13,3.518038949417114,0.001749,3.5162899494171143,503,None,
2021-05-27T20:29:32.434351,23,4.2600040957641605,0.002595,4.25740909576416,503,None,
2021-05-27T20:29:33.166196,15,3.5466403139801024,0.005222,3.5414183139801025,503,None,
2021-05-27T20:29:33.221484,8,3.5183279149017332,0.002871,3.5154569149017334,503,None,
2021-05-27T20:29:33.198716,19,3.642413962310791,0.002519,3.639894962310791,503,None,
2021-05-27T20:29:32.400986,0,4.445581036773682,0.004016,4.441565036773682,503,None,
2021-05-27T20:29:33.093926,26,3.7344031383209226,0.005193,3.729210138320923,503,None,
2021-05-27T20:29:32.753538,28,4.1597826481781,0.026896,4.132886648178101,503,None,
2021-05-27T20:29:33.135857,2,3.7776759541015625,0.002148,3.7755279541015625,503,None,
2021-05-27T20:29:33.070055,3,3.9291929762268065,0.00249,3.9267029762268066,503,None,
2021-05-27T20:29:33.209924,4,3.8012299960632325,0.004077,3.7971529960632324,503,None,
2021-05-27T20:29:33.124989,9,3.9731581992340086,0.008545,3.964613199234009,503,None,
2021-05-27T20:29:32.417911,27,4.696693997528076,0.001752,4.694941997528076,503,None,
2021-05-27T20:29:33.093978,7,4.035635957122802,0.007051,4.028584957122803,503,None,
2021-05-27T20:29:33.057715,14,4.097240147644043,0.007981,4.089259147644043,503,None,
2021-05-27T20:29:32.991825,11,4.1457637759094235,0.011238,4.134525775909424,503,None,
2021-05-27T20:29:33.059679,10,4.126615921340942,0.013261,4.113354921340942,503,None,
2021-05-27T20:29:33.059889,12,4.12985331539917,0.005323,4.12453031539917,503,None,
2021-05-27T20:29:33.195989,22,4.026204768310547,0.003061,4.023143768310547,503,None,
2021-05-27T20:29:33.019083,5,4.187873919418335,0.009703,4.178170919418335,503,None,
2021-05-27T20:29:36.932705,2,3.1627620108795167,0.041195,3.1215670108795166,503,None,
2021-05-27T20:29:36.853390,19,3.29857604888916,0.00479,3.29378604888916,503,None,
2021-05-27T20:29:36.339252,17,3.808806065185547,0.036883,3.771923065185547,503,None,
2021-05-27T20:29:37.171738,11,2.9868270401763914,0.00323,2.9835970401763916,503,None,
2021-05-27T20:29:36.661703,20,3.490737997909546,0.006821,3.483916997909546,503,None,
2021-05-27T20:29:37.222115,12,2.9471560054016113,0.00277,2.9443860054016113,503,None,
2021-05-27T20:29:36.626045,29,3.5352950161743166,0.01088,3.5244150161743164,503,None,
2021-05-27T20:29:36.651799,6,3.559954766784668,0.020836,3.539118766784668,503,None,
2021-05-27T20:29:36.664806,13,3.5455017644958495,0.005858,3.5396437644958496,503,None,
2021-05-27T20:29:36.651676,16,3.556778190475464,0.013906,3.542872190475464,503,None,
2021-05-27T20:29:37.205993,10,3.0413821686859133,0.003512,3.037870168685913,503,None,
2021-05-27T20:29:36.661623,18,3.6362909498291014,0.006658,3.6296329498291016,503,None,
2021-05-27T20:29:36.570975,21,4.08489816960144,0.003488,4.08141016960144,503,None,
2021-05-27T20:29:36.858829,26,3.8840620370483396,0.00756,3.87650203704834,503,None,
2021-05-27T20:29:37.167400,14,3.624701842208862,0.003821,3.6208808422088623,503,None,
2021-05-27T20:29:36.854708,0,3.943768024673462,0.00474,3.939028024673462,503,None,
2021-05-27T20:29:37.116953,9,3.7198221582946775,0.004256,3.7155661582946777,503,None,
2021-05-27T20:29:36.726575,15,4.149579091079712,0.010783,4.138796091079712,503,None,
2021-05-27T20:29:37.120914,27,3.765578901992798,0.004661,3.760917901992798,503,None,
2021-05-27T20:29:37.234003,22,3.673005027114868,0.003287,3.669718027114868,503,None,
2021-05-27T20:29:37.024212,3,3.883115039703369,0.005347,3.877768039703369,503,None,
2021-05-27T20:29:36.661491,25,4.230866024566651,0.005251,4.22561502456665,503,None,
2021-05-27T20:29:37.159991,7,3.7496518102264402,0.003935,3.7457168102264404,503,None,
2021-05-27T20:29:36.663735,24,4.238477764587403,0.00698,4.231497764587402,503,None,
2021-05-27T20:29:36.932596,28,3.977868955001831,0.039735,3.938133955001831,503,None,
2021-05-27T20:29:37.024335,4,3.9261260684204102,0.00557,3.92055606842041,503,None,
2021-05-27T20:29:36.512027,1,4.4449901480255125,0.004256,4.440734148025513,503,None,
2021-05-27T20:29:36.705983,23,4.254367901245117,0.002966,4.251401901245117,503,None,
2021-05-27T20:29:37.236003,5,3.7297969940338134,0.003116,3.7266809940338135,503,None,
2021-05-27T20:29:40.229422,6,3.451916146148682,0.006689,3.4452271461486816,503,None,
2021-05-27T20:29:40.193218,29,3.4831289021148684,0.002864,3.480264902114868,503,None,
2021-05-27T20:29:40.131069,2,3.5417068796844484,0.003172,3.5385348796844482,503,None,
2021-05-27T20:29:40.944314,28,2.738837836959839,0.003003,2.735834836959839,503,None,
2021-05-27T20:29:40.925097,7,2.7551630409088137,0.002359,2.7528040409088135,503,None,
2021-05-27T20:29:40.917000,22,2.76904492237854,0.002178,2.76686692237854,503,None,
2021-05-27T20:29:40.253357,10,3.4345332971801756,0.004574,3.429959297180176,503,None,
2021-05-27T20:29:40.899490,27,2.788874893661499,0.002296,2.786578893661499,503,None,
2021-05-27T20:29:40.963866,1,2.729979997329712,0.002805,2.727174997329712,503,None,
2021-05-27T20:29:40.971970,5,2.8028319161987305,0.001735,2.8010969161987305,503,None,
2021-05-27T20:29:40.321834,18,4.080707907669067,0.002967,4.077740907669067,503,None,
2021-05-27T20:29:40.899391,15,3.503069853866577,0.004863,3.498206853866577,503,None,
2021-05-27T20:29:40.234112,13,4.17831297605896,0.004384,4.17392897605896,503,None,
2021-05-27T20:29:40.756140,26,3.663829054046631,0.004976,3.658853054046631,503,None,
2021-05-27T20:29:40.164813,19,4.291390895553588,0.003371,4.288019895553589,503,None,
2021-05-27T20:29:40.672393,21,3.796645268218994,0.004418,3.792227268218994,503,None,
2021-05-27T20:29:40.957425,4,3.514283213821411,0.001766,3.512517213821411,503,None,
2021-05-27T20:29:40.798876,14,3.671887028945923,0.055714,3.616173028945923,503,None,
2021-05-27T20:29:40.167025,17,4.361586067657471,0.003355,4.358231067657471,503,None,
2021-05-27T20:29:40.933046,24,3.627366916976929,0.008011,3.6193559169769287,503,None,
2021-05-27T20:29:40.922251,25,3.690305790176392,0.00749,3.6828157901763916,503,None,
2021-05-27T20:29:40.809307,0,3.81712293371582,0.047544,3.7695789337158203,503,None,
2021-05-27T20:29:40.175101,11,4.444071025482177,0.003041,4.441030025482178,503,None,
2021-05-27T20:29:40.182453,20,4.449803716384888,0.010687,4.439116716384888,503,None,
2021-05-27T20:29:40.234601,16,4.407451951812744,0.006399,4.401052951812744,503,None,
2021-05-27T20:29:40.851520,9,3.7920531794128416,0.004456,3.787597179412842,503,None,
2021-05-27T20:29:40.922157,3,3.7198270530700683,0.00325,3.7165770530700684,503,None,
2021-05-27T20:29:40.970439,23,3.6828252350616455,0.00393,3.6788952350616455,503,None,
2021-05-27T20:29:40.182541,12,4.46256502998352,0.00538,4.4571850299835205,503,None,
2021-05-27T20:29:43.698874,28,1.4740370444641113,0.010486,1.4635510444641113,503,None,
2021-05-27T20:29:43.698573,6,1.4902910555267335,0.00584,1.4844510555267334,503,None,
2021-05-27T20:29:43.700264,22,1.5301731558685303,0.008113,1.5220601558685303,503,None,
2021-05-27T20:29:43.700350,27,1.5465160699005127,0.003487,1.5430290699005127,503,None,
2021-05-27T20:29:43.700180,7,1.5639610786132812,0.007618,1.5563430786132812,503,None,
2021-05-27T20:29:43.698643,29,1.591736151977539,0.004721,1.587015151977539,503,None,
2021-05-27T20:29:43.698672,2,1.5945099243621825,0.009348,1.5851619243621826,503,None,
2021-05-27T20:29:43.700310,10,1.5988647652435304,0.00283,1.5960347652435303,503,None,
2021-05-27T20:29:43.700417,1,1.6160159748535157,0.004623,1.6113929748535156,503,None,
2021-05-27T20:29:43.781644,5,1.575133152496338,0.005112,1.570021152496338,503,None,
2021-05-27T20:29:44.429062,26,3.635270130218506,0.010139,3.625131130218506,503,None,
2021-05-27T20:29:44.488067,14,3.599535993637085,0.011514,3.588021993637085,503,None,
2021-05-27T20:29:44.478345,21,3.613708820526123,0.003167,3.610541820526123,503,None,
2021-05-27T20:29:44.667989,0,3.883738898391724,0.00762,3.8761188983917236,503,None,
2021-05-27T20:29:44.487958,4,4.1151950981750485,0.013964,4.101231098175049,503,None,
2021-05-27T20:29:44.668326,3,3.9238327772827146,0.005247,3.918585777282715,503,None,
2021-05-27T20:29:44.571341,24,4.076752231048584,0.005374,4.071378231048584,503,None,
2021-05-27T20:29:44.542592,17,4.106666307632446,0.002542,4.104124307632446,503,None,
2021-05-27T20:29:44.668151,11,3.952587291519165,0.005392,3.947195291519165,503,None,
2021-05-27T20:29:44.668288,9,3.9512980127563475,0.006099,3.9451990127563477,503,None,
2021-05-27T20:29:45.345478,1,3.340330869125366,0.001874,3.338456869125366,503,None,
2021-05-27T20:29:45.280211,27,3.40779301663208,0.002233,3.40556001663208,503,None,
2021-05-27T20:29:45.304108,29,3.3877310567169188,0.002928,3.384803056716919,503,None,
2021-05-27T20:29:44.406022,18,4.303746600967407,0.015031,4.288715600967407,503,None,
2021-05-27T20:29:45.364201,5,3.347696132110596,0.002374,3.3453221321105957,503,None,
2021-05-27T20:29:44.668248,16,4.02359498538208,0.005242,4.01835298538208,503,None,
2021-05-27T20:29:44.416312,15,4.295047846740722,0.005519,4.289528846740723,503,None,
2021-05-27T20:29:45.333085,10,3.4864241501464845,0.002114,3.4843101501464844,503,None,
2021-05-27T20:29:44.468639,19,4.349117795822144,0.001972,4.3471457958221436,503,None,
2021-05-27T20:29:45.257136,22,3.5973879576568604,0.001738,3.5956499576568604,503,None,
2021-05-27T20:29:44.668207,20,4.157848952209473,0.008762,4.149086952209473,503,None,
2021-05-27T20:29:44.424006,13,4.429994895065308,0.003738,4.426256895065308,503,None,
2021-05-27T20:29:45.198046,28,3.658522877655029,0.00296,3.6555628776550293,503,None,
2021-05-27T20:29:45.216868,6,3.6430400267181398,0.002606,3.6404340267181396,503,None,
2021-05-27T20:29:45.289697,7,3.569643930541992,0.003087,3.566556930541992,503,None,
2021-05-27T20:29:44.718788,12,4.140674961380005,0.034629,4.106045961380005,503,None,
2021-05-27T20:29:45.318410,2,3.5440161639556886,0.001936,3.5420801639556885,503,None,
2021-05-27T20:29:44.631288,25,4.209950950714111,0.001771,4.208179950714111,503,None,
2021-05-27T20:29:44.686865,23,4.124213343917846,0.002787,4.121426343917847,503,None,
2021-05-27T20:29:48.586894,0,3.276273681930542,0.001754,3.274519681930542,503,None,
2021-05-27T20:29:48.658471,17,3.1751857702178956,0.066542,3.1086437702178955,503,None,
2021-05-27T20:29:48.870884,23,2.983534085083008,0.004925,2.978609085083008,503,None,
2021-05-27T20:29:48.621868,4,3.2816249366302492,0.003652,3.277972936630249,503,None,
2021-05-27T20:29:48.698021,29,3.18669520173645,0.030156,3.15653920173645,503,None,
2021-05-27T20:29:48.719246,15,3.2544780132904054,0.007839,3.2466390132904053,503,None,
2021-05-27T20:29:48.660465,11,3.8026581283721925,0.067416,3.7352421283721924,503,None,
2021-05-27T20:29:48.638977,3,3.9609218852233887,0.00272,3.9582018852233887,503,None,
2021-05-27T20:29:48.866394,28,3.7202130964050295,0.010451,3.7097620964050293,503,None,
2021-05-27T20:29:48.870517,25,3.713132957824707,0.005334,3.707798957824707,503,None,
2021-05-27T20:29:48.717970,16,3.873225277496338,0.004376,3.868849277496338,503,None,
2021-05-27T20:29:48.866343,20,3.7854550754089353,0.006502,3.7789530754089355,503,None,
2021-05-27T20:29:48.654322,24,4.052160060455322,0.072902,3.9792580604553223,503,None,
2021-05-27T20:29:48.866440,7,3.86329703666687,0.010145,3.85315203666687,503,None,
2021-05-27T20:29:48.666012,9,4.042865947479248,0.061444,3.981421947479248,503,None,
2021-05-27T20:29:48.866417,6,3.8667081361999514,0.009199,3.857509136199951,503,None,
2021-05-27T20:29:48.128359,21,4.631766119125366,0.023778,4.607988119125366,503,None,
2021-05-27T20:29:48.866370,13,3.9211649291381834,0.009911,3.9112539291381836,503,None,
2021-05-27T20:29:48.716108,18,4.050370197937012,0.012022,4.038348197937012,503,None,
2021-05-27T20:29:48.691421,1,4.130363062484741,0.033758,4.096605062484741,503,None,
2021-05-27T20:29:48.866287,22,3.972183051940918,0.007222,3.964961051940918,503,None,
2021-05-27T20:29:48.867572,12,3.975645974472046,0.012603,3.963042974472046,503,None,
2021-05-27T20:29:48.694945,27,4.1266290287322995,0.031032,4.0955970287323,503,None,
2021-05-27T20:29:48.716427,5,4.1066170899963375,0.014135,4.092482089996338,503,None,
2021-05-27T20:29:48.825130,10,4.021231136291504,0.003118,4.018113136291504,503,None,
2021-05-27T20:29:48.071583,26,4.792610051208496,0.003106,4.789504051208496,503,None,
2021-05-27T20:29:48.867683,2,3.98150179838562,0.012444,3.96905779838562,503,None,
2021-05-27T20:29:48.108209,14,4.75844282232666,0.010189,4.74825382232666,503,None,
2021-05-27T20:29:48.826770,19,4.031947162536621,0.010479,4.021468162536621,503,None,
2021-05-27T20:29:51.873320,17,1.401219329925537,0.002521,1.398698329925537,503,None,
2021-05-27T20:29:51.868133,0,1.4211570862121583,0.003432,1.4177250862121582,503,None,
2021-05-27T20:29:51.930290,29,1.3744510242614747,0.001891,1.3725600242614746,503,None,
2021-05-27T20:29:51.908160,4,1.3974350624847411,0.003955,1.3934800624847412,503,None,
2021-05-27T20:29:51.882458,23,1.4323537660980226,0.004015,1.4283387660980225,503,None,
2021-05-27T20:29:52.870779,22,3.165207232421875,0.012894,3.152313232421875,503,None,
2021-05-27T20:29:52.829489,18,3.2258051669921874,0.002859,3.2229461669921875,503,None,
2021-05-27T20:29:52.873501,5,3.17525212197876,0.004481,3.1707711219787598,503,None,
2021-05-27T20:29:53.320732,23,2.749007175491333,0.002073,2.746934175491333,503,None,
2021-05-27T20:29:52.020486,15,4.0523259307403565,0.002377,4.0499489307403564,503,None,
2021-05-27T20:29:52.642500,25,3.4769450815887453,0.013472,3.463473081588745,503,None,
2021-05-27T20:29:52.874983,2,3.2522471011505125,0.009511,3.2427361011505127,503,None,
2021-05-27T20:29:52.829340,21,3.303470200820923,0.002971,3.300499200820923,503,None,
2021-05-27T20:29:52.826125,6,3.333534789352417,0.002405,3.331129789352417,503,None,
2021-05-27T20:29:52.623281,3,3.531100910797119,0.002515,3.528585910797119,503,None,
2021-05-27T20:29:52.810633,9,3.732451338165283,0.004393,3.728058338165283,503,None,
2021-05-27T20:29:52.667606,16,4.002832992004395,0.002874,3.9999589920043945,503,None,
2021-05-27T20:29:52.810520,24,3.920802807815552,0.003283,3.9175198078155518,503,None,
2021-05-27T20:29:52.873535,10,3.9146131110992433,0.006034,3.908579111099243,503,None,
2021-05-27T20:29:53.298400,0,3.5231590782775877,0.003614,3.519545078277588,503,None,
2021-05-27T20:29:52.690578,20,4.130533825149536,0.00324,4.127293825149536,503,None,
2021-05-27T20:29:53.309231,29,3.5162661808776856,0.002755,3.5135111808776855,503,None,
2021-05-27T20:29:52.829444,13,3.9901752452545165,0.003618,3.9865572452545166,503,None,
2021-05-27T20:29:52.509068,11,4.320024941635132,0.00195,4.318074941635132,503,None,
2021-05-27T20:29:52.873563,26,3.941436160751343,0.004871,3.9365651607513428,503,None,
2021-05-27T20:29:52.870642,1,3.9560779204559324,0.01502,3.9410579204559326,503,None,
2021-05-27T20:29:52.873435,27,3.9624552637786867,0.006397,3.9560582637786865,503,None,
2021-05-27T20:29:52.810598,7,4.025016827728272,0.004252,4.0207648277282715,503,None,
2021-05-27T20:29:53.284984,17,3.6008301923828125,0.003708,3.5971221923828125,503,None,
2021-05-27T20:29:53.312227,4,3.5774571509399413,0.003329,3.5741281509399414,503,None,
2021-05-27T20:29:52.876623,19,4.000626042053223,0.005897,3.9947290420532227,503,None,
2021-05-27T20:29:52.642354,28,4.2455909797515865,0.010634,4.234956979751587,503,None,
2021-05-27T20:29:52.870807,12,4.025090973526001,0.008081,4.017009973526001,503,None,
2021-05-27T20:29:52.876439,14,4.023172121948242,0.004894,4.018278121948242,503,None,
