2021-05-27T15:03:46.639787,5,31.225967163131713,0.332448,30.893519163131714,200,None,
2021-05-27T15:03:46.685154,25,32.59508995179748,0.262471,32.332618951797485,200,None,
2021-05-27T15:03:46.636537,0,16.921452318130495,0.640986,16.280466318130493,200,None,
2021-05-27T15:03:46.655346,22,24.428609813247682,0.445461,23.98314881324768,200,None,
2021-05-27T15:03:46.648001,19,36.46542702337646,0.202664,36.262763023376465,200,None,
2021-05-27T15:03:46.641814,8,20.822078893676757,0.529566,20.292512893676758,200,None,
2021-05-27T15:03:46.708687,29,27.70182814341736,0.381287,27.32054114341736,200,None,
2021-05-27T15:03:46.647620,18,24.59533798487854,0.475932,24.11940598487854,200,None,
2021-05-27T15:03:46.646400,14,8.995867000183106,0.971534,8.024333000183105,200,None,
2021-05-27T15:03:46.699614,27,30.590987052337645,0.331117,30.259870052337646,200,None,
2021-05-27T15:03:46.637888,2,12.329757285949707,0.876597,11.453160285949707,200,None,
2021-05-27T15:03:46.643346,11,20.827795899993898,0.594232,20.233563899993896,200,None,
2021-05-27T15:03:46.643890,12,16.958624906707765,0.770351,16.188273906707764,200,None,
2021-05-27T15:03:46.637339,1,11.867641817474365,0.897025,10.970616817474365,200,None,
2021-05-27T15:03:46.638943,4,14.423151896026612,0.857428,13.565723896026611,200,None,
2021-05-27T15:03:46.678922,24,25.617165011901854,0.488645,25.128520011901855,200,None,
2021-05-27T15:03:46.640274,6,28.84557813066101,0.407736,28.43784213066101,200,None,
2021-05-27T15:03:46.638255,3,41.55219117100525,0.190478,41.36171317100525,200,None,
2021-05-27T15:03:46.647351,17,21.700063089172364,0.537392,21.162671089172363,200,None,
2021-05-27T15:03:46.647137,16,11.71134494215393,0.957139,10.75420594215393,200,None,
2021-05-27T15:03:46.703591,28,32.01603495199585,0.309399,31.70663595199585,200,None,
2021-05-27T15:03:46.645872,13,32.11620301719665,0.334835,31.781368017196655,200,None,
2021-05-27T15:03:46.651650,21,15.85750303024292,0.846315,15.01118803024292,200,None,
2021-05-27T15:03:46.649457,20,25.65155105871582,0.536269,25.11528205871582,200,None,
2021-05-27T15:04:25.783663,5,3.3489601133728026,1.556215,1.7927451133728027,200,None,
2021-05-27T15:03:46.642962,10,34.981862879318236,0.288869,34.69299387931824,200,None,
2021-05-27T15:04:26.541258,22,2.646032046417236,0.344804,2.3012280464172363,200,None,
2021-05-27T15:03:46.642469,9,38.027719714752195,0.270416,37.7573037147522,200,None,
2021-05-27T15:03:46.666228,23,38.623399005508425,0.262475,38.36092400550842,200,None,
2021-05-27T15:03:46.646746,15,19.09154822061157,0.704026,18.387522220611572,200,None,
2021-05-27T15:03:46.690891,26,18.596463081817628,0.715855,17.880608081817627,200,None,
2021-05-27T15:03:46.640982,7,29.404621887802126,0.443574,28.961047887802124,200,None,
2021-05-27T15:04:26.344076,25,3.307941953048706,0.894985,2.412956953048706,200,None,
2021-05-27T15:04:29.193110,22,4.247116908096314,0.206349,4.0407679080963135,200,None,
2021-05-27T15:04:28.091072,1,5.391714181640625,0.472128,4.919586181640625,200,None,
2021-05-27T15:04:28.101484,4,5.406030789993286,0.528798,4.877232789993286,200,None,
2021-05-27T15:04:27.653600,14,5.89066401385498,1.268217,4.6224470138549805,200,None,
2021-05-27T15:04:28.060683,12,5.663382882568359,0.518947,5.144435882568359,200,None,
2021-05-27T15:04:28.119622,24,5.702701070205689,0.603492,5.0992090702056885,200,None,
2021-05-27T15:04:29.142326,10,4.743625039794922,0.674003,4.069622039794922,200,None,
2021-05-27T15:04:27.994575,2,5.919582120834351,0.834486,5.085096120834351,200,None,
2021-05-27T15:04:26.862212,8,7.0683428651733395,1.454292,5.61405086517334,200,None,
2021-05-27T15:04:28.040450,11,6.330826045013428,0.684901,5.645925045013428,200,None,
2021-05-27T15:04:28.411613,16,6.0916658947753906,0.934405,5.157260894775391,200,None,
2021-05-27T15:04:28.462113,28,6.071086035064697,0.841004,5.230082035064697,200,None,
2021-05-27T15:04:28.138449,6,6.516381108932495,0.91918,5.597201108932495,200,None,
2021-05-27T15:04:29.226572,23,5.489437856628418,0.807802,4.681635856628418,200,None,
2021-05-27T15:04:29.074186,20,5.705681189682007,0.924502,4.781179189682007,200,None,
2021-05-27T15:04:29.236105,15,5.640413915924072,0.539879,5.100534915924072,200,None,
2021-05-27T15:04:29.141978,5,6.0806431178436275,0.830486,5.250157117843628,200,None,
2021-05-27T15:04:29.564501,7,5.859402806060791,0.280543,5.578859806060791,200,None,
2021-05-27T15:04:27.482021,29,8.273252683563232,1.832545,6.440707683563232,200,None,
2021-05-27T15:04:29.021413,21,7.152776838607788,0.260445,6.892331838607788,200,None,
2021-05-27T15:04:26.490953,0,9.742744166824341,3.397572,6.345172166824341,200,None,
2021-05-27T15:04:29.656110,25,6.721326028274536,0.288124,6.433202028274536,200,None,
2021-05-27T15:04:27.617741,18,8.769552731521607,1.162658,7.6068947315216064,200,None,
2021-05-27T15:04:26.651886,19,9.810746965652466,1.793181,8.017565965652466,200,None,
2021-05-27T15:04:28.350552,17,8.116190786834716,0.404796,7.711394786834717,200,None,
2021-05-27T15:04:29.216791,9,7.372674047088623,0.232225,7.140449047088623,200,None,
2021-05-27T15:04:29.244764,26,7.387971877044678,0.297894,7.090077877044678,200,None,
2021-05-27T15:04:27.921657,27,8.818227833251953,0.743105,8.075122833251953,200,None,
2021-05-27T15:04:29.012032,13,7.8467000521240235,0.763656,7.083044052124023,200,None,
2021-05-27T15:04:28.215762,3,8.669923067443847,1.269768,7.400155067443848,200,None,
2021-05-27T15:04:35.762157,29,6.982877131408691,2.004269,4.978608131408691,200,None,
2021-05-27T15:04:36.238699,0,6.539857873443603,1.631454,4.9084038734436035,200,None,
2021-05-27T15:04:33.449938,22,9.360302898025513,3.34535,6.014952898025513,200,None,
2021-05-27T15:04:35.227292,5,7.5966422602539065,2.245713,5.350929260253906,200,None,
2021-05-27T15:04:34.537778,28,8.72494268421936,2.966573,5.75836968421936,200,None,
2021-05-27T15:04:36.638324,26,6.669945184783936,1.184205,5.4857401847839355,200,None,
2021-05-27T15:04:33.491892,1,9.901499810714721,3.51277,6.388729810714722,200,None,
2021-05-27T15:04:33.552715,14,10.265031828338623,3.366282,6.898749828338623,200,None,
2021-05-27T15:04:36.391951,18,7.492322814208984,1.244707,6.247615814208984,200,None,
2021-05-27T15:04:33.935767,8,10.030940888320924,3.149387,6.881553888320923,200,None,
2021-05-27T15:04:33.729110,12,10.24471603364563,3.566496,6.67822003364563,200,None,
2021-05-27T15:04:36.470390,19,7.521999858917236,1.325264,6.196735858917236,200,None,
2021-05-27T15:04:34.783898,20,9.322753850402833,2.327815,6.994938850402832,200,None,
2021-05-27T15:04:33.512985,4,10.606526229736328,2.326722,8.279804229736328,200,None,
2021-05-27T15:04:34.508593,16,9.699851144500732,2.567371,7.132480144500732,200,None,
2021-05-27T15:04:36.471435,17,7.775307055267334,1.297984,6.477323055267334,200,None,
2021-05-27T15:04:34.721327,23,9.544387999267578,2.14172,7.402667999267578,200,None,
2021-05-27T15:04:36.381619,25,8.294780887084961,0.753256,7.541524887084961,200,None,
2021-05-27T15:04:33.826797,24,10.945440835983277,3.308132,7.637308835983276,200,None,
2021-05-27T15:04:36.745671,27,8.058358058898925,1.074993,6.983365058898926,200,None,
2021-05-27T15:04:36.595049,9,8.236596152435302,1.080936,7.155660152435303,200,None,
2021-05-27T15:04:36.178387,21,8.724366040969848,1.666576,7.057790040969849,200,None,
2021-05-27T15:04:33.893463,10,11.309654281845093,3.405865,7.903789281845093,200,None,
2021-05-27T15:04:33.921795,2,11.496655862579345,3.18826,8.308395862579346,200,None,
2021-05-27T15:04:36.890854,3,8.690930913787842,0.936781,7.754149913787842,200,None,
2021-05-27T15:04:34.377186,11,11.3692649402771,2.673066,8.6961989402771,200,None,
2021-05-27T15:04:36.866582,13,8.905274217300414,0.289805,8.615469217300415,200,None,
2021-05-27T15:04:35.431697,7,10.343281992340088,1.400275,8.943006992340088,200,None,
2021-05-27T15:04:34.660754,6,11.186954181747437,2.741455,8.445499181747437,200,None,
2021-05-27T15:04:34.884621,15,10.970832250595093,2.45425,8.516582250595093,200,None,
2021-05-27T15:04:45.587258,3,2.5363440875701904,0.371743,2.1646010875701904,200,None,
2021-05-27T15:04:44.127225,4,4.1518178154602055,1.511364,2.640453815460205,200,None,
2021-05-27T15:04:44.686432,25,3.810884066421509,1.214557,2.596327066421509,200,None,
2021-05-27T15:04:45.859845,15,2.6783060627441406,0.168323,2.5099830627441406,200,None,
2021-05-27T15:04:43.888706,18,4.686671330322266,1.008689,3.6779823303222656,200,None,
2021-05-27T15:04:42.828133,5,5.926949057830811,0.265214,5.6617350578308105,200,None,
2021-05-27T15:04:43.971695,8,4.799793874877929,1.067969,3.7318248748779297,200,None,
2021-05-27T15:04:44.835945,9,4.121522917892456,1.083627,3.037895917892456,200,None,
2021-05-27T15:04:43.822413,14,5.166437730575561,1.255576,3.9108617305755615,200,None,
2021-05-27T15:04:43.997555,19,5.0491528701171875,1.231236,3.8179168701171875,200,None,
2021-05-27T15:04:43.314554,26,6.062294206680297,1.733139,4.329155206680298,200,None,
2021-05-27T15:04:42.749608,29,6.716104134246827,1.993147,4.722957134246826,200,None,
2021-05-27T15:04:45.752325,11,3.843928029129028,0.265922,3.5780060291290283,200,None,
2021-05-27T15:04:44.809457,27,4.7885519759368895,1.005845,3.7827069759368896,200,None,
2021-05-27T15:04:45.424371,2,4.2102332615051274,0.513341,3.696892261505127,200,None,
2021-05-27T15:04:44.908549,21,4.829969174041748,0.63114,4.198829174041748,200,None,
2021-05-27T15:04:43.982067,12,5.769933924163818,1.652539,4.117394924163818,200,None,
2021-05-27T15:04:42.782695,0,7.002852049133301,2.582872,4.419980049133301,200,None,
2021-05-27T15:04:45.210402,10,4.802486950134277,0.616674,4.185812950134277,200,None,
2021-05-27T15:04:44.112107,20,5.912149838073731,1.602508,4.3096418380737305,200,None,
2021-05-27T15:04:42.827009,22,7.282198021118164,0.178917,7.103281021118164,200,None,
2021-05-27T15:04:44.251325,17,5.895814921218872,0.939307,4.956507921218872,200,None,
2021-05-27T15:04:44.777693,24,5.433940027526855,0.369629,5.0643110275268555,200,None,
2021-05-27T15:04:43.428421,1,7.007819923370361,2.120868,4.886951923370361,200,None,
2021-05-27T15:04:45.778651,13,4.938773751052857,0.220734,4.7180397510528564,200,None,
2021-05-27T15:04:45.852910,6,5.013223232833862,0.106942,4.906281232833862,200,None,
2021-05-27T15:04:43.268298,28,7.6992700108184815,1.867064,5.8322060108184814,200,None,
2021-05-27T15:04:44.212946,16,6.83519815335083,0.651623,6.18357515335083,200,None,
2021-05-27T15:04:44.269637,23,6.779120073776245,1.52573,5.253390073776245,200,None,
2021-05-27T15:04:45.780468,7,5.3743252146759035,0.185754,5.188571214675903,200,None,
2021-05-27T15:04:49.757511,12,4.563118054580689,0.86845,3.6946680545806885,200,None,
2021-05-27T15:04:48.580342,18,5.752342919036865,1.847522,3.9048209190368652,200,None,
2021-05-27T15:04:49.052100,19,5.309931973052978,0.273751,5.0361809730529785,200,None,
2021-05-27T15:04:50.029791,20,4.406336948501587,0.558587,3.847749948501587,200,None,
2021-05-27T15:04:48.542481,15,5.930539820999146,2.261044,3.6694958209991455,200,None,
2021-05-27T15:04:49.603016,11,5.201743193786621,1.121193,4.080550193786621,200,None,
2021-05-27T15:04:49.797988,0,5.085855111740113,1.318673,3.7671821117401123,200,None,
2021-05-27T15:04:50.151976,17,4.866731922973633,0.962189,3.904542922973633,200,None,
2021-05-27T15:04:50.872262,6,4.201835048995972,0.397761,3.8040740489959717,200,None,
2021-05-27T15:04:48.961664,9,6.235130141723633,0.995138,5.239992141723633,200,None,
2021-05-27T15:04:51.160723,7,4.083701076141358,0.160541,3.9231600761413574,200,None,
2021-05-27T15:04:49.604192,27,5.660810965881348,0.91361,4.747200965881348,200,None,
2021-05-27T15:04:49.638146,2,5.739890921951294,0.686051,5.053839921951294,200,None,
2021-05-27T15:04:51.054910,16,4.329392134979248,0.227853,4.101539134979248,200,None,
2021-05-27T15:04:50.976546,28,4.553841096481324,0.236284,4.317557096481323,200,None,
2021-05-27T15:04:49.381966,26,6.239914810409546,1.54799,4.691924810409546,200,None,
2021-05-27T15:04:48.760158,5,6.896313078079224,0.57891,6.317403078079224,200,None,
2021-05-27T15:04:50.722501,13,5.063692132629394,0.391614,4.6720781326293945,200,None,
2021-05-27T15:04:50.020857,10,5.8098681074676515,0.766706,5.043162107467651,200,None,
2021-05-27T15:04:48.776906,8,7.0563067341156005,0.675007,6.381299734115601,200,None,
2021-05-27T15:04:48.993999,14,6.907721096878052,1.18588,5.721841096878052,200,None,
2021-05-27T15:04:48.501889,25,7.610618088241577,1.981796,5.628822088241577,200,None,
2021-05-27T15:04:51.056713,23,5.179405092529297,0.242504,4.936901092529297,200,None,
2021-05-27T15:04:48.128870,3,8.20030030783081,0.925284,7.2750163078308105,200,None,
2021-05-27T15:04:50.218297,24,6.125145838134766,0.557393,5.567752838134766,200,None,
2021-05-27T15:04:49.470129,29,6.920996872802735,0.793071,6.127925872802734,200,None,
2021-05-27T15:04:48.284042,4,8.429540894424438,0.377512,8.052028894424438,200,None,
2021-05-27T15:04:50.113990,22,6.6786880163269045,0.251183,6.427505016326904,200,None,
2021-05-27T15:04:49.743234,21,7.091142089202881,0.572853,6.518289089202881,200,None,
2021-05-27T15:04:50.442775,1,6.4196389433746335,0.753213,5.666425943374634,200,None,
2021-05-27T15:04:55.024415,17,4.746108003692627,1.575705,3.170403003692627,200,None,
2021-05-27T15:04:54.477400,15,5.316736771118164,1.170487,4.146249771118164,200,None,
2021-05-27T15:04:55.837537,10,4.003566970672607,0.98684,3.0167269706726074,200,None,
2021-05-27T15:04:54.326629,12,5.567756996826172,0.489529,5.078227996826172,200,None,
2021-05-27T15:04:56.838758,21,3.094701927612305,0.167473,2.9272289276123047,200,None,
2021-05-27T15:04:56.797065,22,3.4098332192840575,0.179194,3.2306392192840576,200,None,
2021-05-27T15:04:55.079783,6,5.217175989242554,1.541271,3.6759049892425537,200,None,
2021-05-27T15:04:55.248294,7,5.065837095428467,1.438976,3.626861095428467,200,None,
2021-05-27T15:04:55.660491,5,5.141340115951538,0.876999,4.264341115951538,200,None,
2021-05-27T15:04:56.348825,24,4.536235130447388,0.665844,3.8703911304473877,200,None,
2021-05-27T15:04:54.891613,0,6.008178998931885,1.017309,4.990869998931885,200,None,
2021-05-27T15:04:54.338890,18,6.575999820358277,1.749482,4.826517820358276,200,None,
2021-05-27T15:04:55.270122,27,5.731324011627198,1.365866,4.365458011627197,200,None,
2021-05-27T15:04:56.394999,29,4.679949879608154,0.608585,4.071364879608154,200,None,
2021-05-27T15:04:54.440470,20,6.6672139754333495,2.111579,4.55563497543335,200,None,
2021-05-27T15:04:55.794227,13,5.478818845565796,0.380583,5.098235845565796,200,None,
2021-05-27T15:04:55.201802,9,6.074249088241578,1.414177,4.660072088241577,200,None,
2021-05-27T15:04:54.810956,11,6.536164893859864,1.828694,4.707470893859863,200,None,
2021-05-27T15:04:55.626904,26,5.924494925628662,0.628061,5.296433925628662,200,None,
2021-05-27T15:04:55.535137,28,6.105118132614136,1.126474,4.978644132614136,200,None,
2021-05-27T15:04:55.382140,2,6.282989144897461,0.57435,5.708639144897461,200,None,
2021-05-27T15:04:55.838708,8,5.929956167388916,0.943351,4.986605167388916,200,None,
2021-05-27T15:04:56.868720,1,4.918201076019287,0.151888,4.766313076019287,200,None,
2021-05-27T15:04:55.910311,14,5.930698771377563,1.027321,4.9033777713775635,200,None,
2021-05-27T15:04:55.389938,16,6.496536994262695,1.055846,5.440690994262695,200,None,
2021-05-27T15:04:56.118498,25,5.8462970806427,0.578857,5.2674400806427,200,None,
2021-05-27T15:04:56.720463,4,5.256045842575073,0.148999,5.107046842575073,200,None,
2021-05-27T15:04:56.333949,3,5.7173087399902345,0.410794,5.306514739990234,200,None,
2021-05-27T15:04:54.370101,19,8.002346035598755,2.220824,5.781522035598755,200,None,
2021-05-27T15:04:56.240201,23,6.3039080292053224,0.743107,5.560801029205322,200,None,
2021-05-27T15:05:01.773906,8,3.7997627551574706,0.688602,3.1111607551574707,200,None,
2021-05-27T15:05:00.806520,5,4.868276073516846,1.543889,3.3243870735168457,200,None,
2021-05-27T15:04:59.942030,21,5.7980179130401615,1.365884,4.432133913040161,200,None,
2021-05-27T15:05:01.079243,29,4.854689820419312,1.254436,3.6002538204193115,200,None,
2021-05-27T15:05:01.969903,25,3.9758861271209716,0.258482,3.7174041271209717,200,None,
2021-05-27T15:05:02.055880,3,4.223437001159668,0.303703,3.919734001159668,200,None,
2021-05-27T15:05:00.919203,18,5.37507501852417,1.061824,4.31325101852417,200,None,
2021-05-27T15:05:00.302285,6,6.0924579375762935,1.774702,4.317755937576294,200,None,
2021-05-27T15:05:01.009510,27,5.3957577879180905,0.559924,4.835833787918091,200,None,
2021-05-27T15:05:00.319673,7,6.152560985687256,1.921778,4.230782985687256,200,None,
2021-05-27T15:05:01.556567,26,5.219144111846924,0.754174,4.464970111846924,200,None,
2021-05-27T15:04:59.845827,10,7.029454001464844,0.662915,6.366539001464844,200,None,
2021-05-27T15:05:01.846739,14,5.050395067977905,0.25505,4.795345067977905,200,None,
2021-05-27T15:05:02.548038,23,4.395739981628418,0.071526,4.324213981628418,200,None,
2021-05-27T15:05:01.669935,2,5.381816029541016,0.784217,4.597599029541016,200,None,
2021-05-27T15:05:01.280604,13,5.832081030899047,0.956356,4.875725030899048,200,None,
2021-05-27T15:04:59.801298,15,7.503121947265625,1.495401,6.007720947265625,200,None,
2021-05-27T15:05:01.791586,1,5.706345936614991,0.637432,5.06891393661499,200,None,
2021-05-27T15:05:01.356031,11,6.356885200515747,1.096941,5.259944200515747,200,None,
2021-05-27T15:05:01.112675,20,6.651102425857544,1.164096,5.487006425857544,200,None,
2021-05-27T15:04:59.899282,12,7.887225288436889,1.138698,6.74852728843689,200,None,
2021-05-27T15:05:01.981122,4,5.873101236434937,0.488271,5.3848302364349365,200,None,
2021-05-27T15:05:01.891294,16,5.986280807037353,0.402645,5.5836358070373535,200,None,
2021-05-27T15:05:00.905599,0,7.34783389654541,1.220979,6.12685489654541,200,None,
2021-05-27T15:05:00.210912,22,8.096955904006958,2.005875,6.091080904006958,200,None,
2021-05-27T15:05:00.889483,24,7.4999138708648685,1.359981,6.139932870864868,200,None,
2021-05-27T15:05:02.377068,19,6.341743146850586,0.154802,6.186941146850586,200,None,
2021-05-27T15:04:59.776098,17,8.955608135009765,2.232826,6.722782135009766,200,None,
2021-05-27T15:05:01.281786,9,7.481187335021973,1.147408,6.333779335021973,200,None,
2021-05-27T15:05:01.646350,28,7.135619997711181,0.666345,6.469274997711182,200,None,
2021-05-27T15:05:08.787365,28,2.756814933380127,0.305284,2.451530933380127,200,None,
2021-05-27T15:05:05.939207,29,5.640939993087769,0.485292,5.1556479930877686,200,None,
2021-05-27T15:05:07.881792,16,3.773791905593872,0.596825,3.176966905593872,200,None,
2021-05-27T15:05:06.902779,14,4.9602232516632085,1.778261,3.181962251663208,200,None,
2021-05-27T15:05:06.478882,7,5.572806109741211,1.973603,3.599203109741211,200,None,
2021-05-27T15:05:06.411259,27,5.645473109710693,2.089388,3.5560851097106934,200,None,
2021-05-27T15:05:08.736579,17,3.3705632812805177,0.280082,3.0904812812805176,200,None,
2021-05-27T15:05:08.258286,0,3.878738919418335,0.528693,3.350045919418335,200,None,
2021-05-27T15:05:07.859238,4,4.325019709518433,0.665578,3.6594417095184326,200,None,
2021-05-27T15:05:08.313791,22,4.089576953231812,0.558537,3.5310399532318115,200,None,
2021-05-27T15:05:07.505842,1,4.928585078277588,1.299665,3.628920078277588,200,None,
2021-05-27T15:05:07.791503,12,4.822979998931885,1.08211,3.7408699989318848,200,None,
2021-05-27T15:05:06.781056,26,5.949814931030273,1.427745,4.522069931030273,200,None,
2021-05-27T15:05:07.769055,20,5.0315550593261715,1.178913,3.852642059326172,200,None,
2021-05-27T15:05:05.679368,5,7.167785271484375,0.761932,6.405853271484375,200,None,
2021-05-27T15:05:06.283884,3,6.584141984664917,0.719687,5.864454984664917,200,None,
2021-05-27T15:05:06.399176,6,6.6825490480499266,0.433883,6.248666048049927,200,None,
2021-05-27T15:05:06.880293,10,6.361075851486206,1.054198,5.306877851486206,200,None,
2021-05-27T15:05:06.947730,23,6.327545924911499,1.59126,4.736285924911499,200,None,
2021-05-27T15:05:05.750710,21,7.718307119628906,0.695747,7.022560119628906,200,None,
2021-05-27T15:05:07.061338,2,6.4524810085906985,1.580389,4.872092008590698,200,None,
2021-05-27T15:05:05.950333,25,7.583021031723023,1.91811,5.6649110317230225,200,None,
2021-05-27T15:05:08.724360,19,4.917837070434571,0.323368,4.59446907043457,200,None,
2021-05-27T15:05:08.396535,24,5.277803735290528,0.517711,4.760092735290527,200,None,
2021-05-27T15:05:07.308907,15,6.369076978256226,0.637527,5.731549978256226,200,None,
2021-05-27T15:05:06.299509,18,7.431912993286133,0.495998,6.935914993286133,200,None,
2021-05-27T15:05:05.582248,8,8.168464952041626,2.459652,5.708812952041626,200,None,
2021-05-27T15:05:07.119653,13,7.122571964416504,1.538785,5.583786964416504,200,None,
2021-05-27T15:05:08.769239,9,5.565129243560791,0.299746,5.265383243560791,200,None,
2021-05-27T15:05:07.717360,11,6.964995025482178,1.07084,5.894155025482178,200,None,
2021-05-27T15:05:12.059830,7,4.994834772186279,0.308205,4.686629772186279,200,None,
2021-05-27T15:05:12.620768,12,4.682249907531738,1.626665,3.0555849075317383,200,None,
2021-05-27T15:05:12.062612,27,5.37693203604126,0.220199,5.15673303604126,200,None,
2021-05-27T15:05:13.538446,25,3.945778051208496,0.437524,3.508254051208496,200,None,
2021-05-27T15:05:12.188814,4,5.353408072891235,2.25669,3.0967180728912354,200,None,
2021-05-27T15:05:13.681219,24,3.933039047393799,0.252035,3.681004047393799,200,None,
2021-05-27T15:05:11.868415,14,5.898984751281739,1.98256,3.9164247512817383,200,None,
2021-05-27T15:05:13.280452,23,4.521685057647705,0.462408,4.059277057647705,200,None,
2021-05-27T15:05:12.409329,22,5.503730978820801,1.927623,3.576107978820801,200,None,
2021-05-27T15:05:12.438911,1,5.480090952133178,1.141924,4.338166952133179,200,None,
2021-05-27T15:05:13.518916,2,4.60183191355896,0.936692,3.66513991355896,200,None,
2021-05-27T15:05:13.682371,15,4.464994875289917,0.963577,3.501417875289917,200,None,
2021-05-27T15:05:13.475320,21,4.693883290634155,0.59086,4.103023290634155,200,None,
2021-05-27T15:05:11.660688,16,6.559638137207031,2.122985,4.436653137207031,200,None,
2021-05-27T15:05:12.143518,0,6.171448151489258,0.664946,5.506502151489258,200,None,
2021-05-27T15:05:12.805017,20,5.578341062271118,0.564812,5.013529062271118,200,None,
2021-05-27T15:05:13.736186,18,4.953308872924804,0.402911,4.550397872924805,200,None,
2021-05-27T15:05:13.758380,8,5.071440910842895,0.306303,4.7651379108428955,200,None,
2021-05-27T15:05:13.245648,10,5.661695191726684,1.225985,4.435710191726685,200,None,
2021-05-27T15:05:12.874457,3,6.117514955291748,1.379135,4.738379955291748,200,None,
2021-05-27T15:05:11.584565,29,7.441990076873779,0.765248,6.676742076873779,200,None,
2021-05-27T15:05:12.112621,17,7.117183992095947,1.831621,5.285562992095947,200,None,
2021-05-27T15:05:12.851956,5,6.407499143310547,1.409746,4.997753143310547,200,None,
2021-05-27T15:05:14.342496,9,4.979910022293091,0.263461,4.716449022293091,200,None,
2021-05-27T15:05:13.646515,19,5.791089050842285,0.737751,5.053338050842285,200,None,
2021-05-27T15:05:14.246759,13,5.360417157821655,0.172555,5.187862157821655,200,None,
2021-05-27T15:05:14.689002,11,5.030092142608643,0.164678,4.865414142608643,200,None,
2021-05-27T15:05:12.736918,26,7.202724817764282,1.181862,6.020862817764282,200,None,
2021-05-27T15:05:11.550214,28,8.471331912704468,2.747871,5.723460912704468,200,None,
2021-05-27T15:05:13.087336,6,6.988358792266846,0.742585,6.245773792266846,200,None,
2021-05-27T15:05:17.546529,4,6.424266083267212,0.995553,5.428713083267212,200,None,
2021-05-27T15:05:19.442872,19,4.7366280390625,0.545588,4.1910400390625,200,None,
2021-05-27T15:05:17.618783,24,6.856062107269287,0.655667,6.200395107269287,200,None,
2021-05-27T15:05:18.152513,15,6.343964032348633,0.217009,6.126955032348633,200,None,
2021-05-27T15:05:19.234226,17,5.4111949765167235,0.981121,4.430073976516724,200,None,
2021-05-27T15:05:18.224780,16,6.4446311547851565,1.60951,4.835121154785156,200,None,
2021-05-27T15:05:20.027413,28,4.651870094482422,0.236667,4.415203094482422,200,None,
2021-05-27T15:05:20.080800,6,4.648434950897217,0.197172,4.451262950897217,200,None,
2021-05-27T15:05:18.174910,21,6.5929841336669925,0.189269,6.403715133666992,200,None,
2021-05-27T15:05:18.389314,20,6.400084061828613,1.621141,4.778943061828613,200,None,
2021-05-27T15:05:18.996465,3,5.941752959564209,0.979353,4.962399959564209,200,None,
2021-05-27T15:05:17.917432,22,7.033913803314209,2.038799,4.995114803314209,200,None,
2021-05-27T15:05:17.059005,7,8.044016090835571,0.500164,7.543852090835571,200,None,
2021-05-27T15:05:17.806540,23,7.579047913070679,0.541296,7.037751913070679,200,None,
2021-05-27T15:05:18.834074,8,6.681213989334107,1.188455,5.4927589893341064,200,None,
2021-05-27T15:05:17.444985,27,8.168740003540039,0.651427,7.517313003540039,200,None,
2021-05-27T15:05:18.693780,18,6.985400214691162,0.822145,6.163255214691162,200,None,
2021-05-27T15:05:19.944581,26,5.806438167404175,0.204524,5.601914167404175,200,None,
2021-05-27T15:05:17.923261,1,7.899480808700561,1.544039,6.3554418087005615,200,None,
2021-05-27T15:05:18.913500,10,7.167620076812744,1.061489,6.106131076812744,200,None,
2021-05-27T15:05:17.489478,25,8.941671823394776,1.684288,7.257383823394775,200,None,
2021-05-27T15:05:19.263898,5,7.257219182250976,0.787773,6.469446182250977,200,None,
2021-05-27T15:05:17.772576,14,8.767285129760742,0.773299,7.993986129760742,200,None,
2021-05-27T15:05:18.125447,2,8.44891396296692,1.756982,6.691931962966919,200,None,
2021-05-27T15:05:19.328275,9,7.2614859550628665,0.768366,6.493119955062866,200,None,
2021-05-27T15:05:18.319019,0,8.3038319581604,0.29361,8.0102219581604,200,None,
2021-05-27T15:05:19.031145,29,7.660775784988403,1.073645,6.587130784988403,200,None,
2021-05-27T15:05:19.724507,11,7.184861869277954,0.380815,6.804046869277954,200,None,
2021-05-27T15:05:19.611178,13,7.763427797103882,0.558451,7.204976797103882,200,None,
2021-05-27T15:05:17.309142,12,10.07696129989624,1.40325,8.67371129989624,200,None,
2021-05-27T15:05:25.520936,8,4.30053580418396,1.482808,2.81772780418396,200,None,
2021-05-27T15:05:26.436279,25,3.432056022338867,1.05718,2.374876022338867,200,None,
2021-05-27T15:05:24.796473,20,5.303834071685791,2.207152,3.096682071685791,200,None,
2021-05-27T15:05:24.955509,22,5.438318197097779,0.97634,4.461978197097778,200,None,
2021-05-27T15:05:24.733911,6,5.6880018639221195,0.966789,4.721212863922119,200,None,
2021-05-27T15:05:25.389702,23,5.041757121963501,0.65817,4.383587121963501,200,None,
2021-05-27T15:05:26.630245,0,3.896807004760742,0.779774,3.117033004760742,200,None,
2021-05-27T15:05:25.108179,7,5.421165045639038,2.219446,3.201719045639038,200,None,
2021-05-27T15:05:26.593945,9,4.030758822494507,0.810981,3.219777822494507,200,None,
2021-05-27T15:05:25.618303,27,5.047925006912232,1.219198,3.8287270069122314,200,None,
2021-05-27T15:05:26.546190,14,4.474205879348755,0.878719,3.595486879348755,200,None,
2021-05-27T15:05:24.773571,21,6.285519856384277,2.480078,3.8054418563842773,200,None,
2021-05-27T15:05:25.826997,1,5.301393160598755,1.189793,4.111600160598755,200,None,
2021-05-27T15:05:24.673994,16,6.470457881958008,1.063382,5.407075881958008,200,None,
2021-05-27T15:05:24.183801,19,6.989160837432861,1.725622,5.263538837432861,200,None,
2021-05-27T15:05:26.696647,29,4.4982259794921875,0.598522,3.8997039794921875,200,None,
2021-05-27T15:05:25.683106,18,5.523646985427856,1.331242,4.1924049854278564,200,None,
2021-05-27T15:05:23.978597,4,7.3742801714324955,1.033915,6.340365171432495,200,None,
2021-05-27T15:05:24.479916,24,7.187957960144043,1.515691,5.672266960144043,200,None,
2021-05-27T15:05:26.918047,11,4.884251053741455,0.531578,4.352673053741455,200,None,
2021-05-27T15:05:26.089040,10,5.787166809967041,1.423578,4.363588809967041,200,None,
2021-05-27T15:05:24.684989,28,7.2005631495666504,2.347995,4.85256814956665,200,None,
2021-05-27T15:05:25.755173,26,6.352853979690551,1.251008,5.101845979690552,200,None,
2021-05-27T15:05:26.526389,5,5.69554503578186,0.811565,4.88398003578186,200,None,
2021-05-27T15:05:24.943150,3,7.306790163238525,1.027983,6.278807163238525,200,None,
2021-05-27T15:05:27.391418,12,4.873088319381714,0.137284,4.735804319381714,200,None,
2021-05-27T15:05:24.501220,15,7.801193008926392,2.501678,5.299515008926392,200,None,
2021-05-27T15:05:26.579061,2,5.774970291534424,0.571841,5.203129291534424,200,None,
2021-05-27T15:05:24.649980,17,7.755250316574097,2.158177,5.597073316574097,200,None,
2021-05-27T15:05:27.378644,13,5.554613711593628,0.103773,5.450840711593628,200,None,
2021-05-27T15:05:31.200233,29,5.709756019607544,1.193941,4.515815019607544,200,None,
2021-05-27T15:05:31.139613,1,5.778028994216919,1.01139,4.766638994216919,200,None,
2021-05-27T15:05:31.216376,18,5.87978680506897,1.764762,4.11502480506897,200,None,
2021-05-27T15:05:31.024561,14,6.140709942153931,1.964629,4.176080942153931,200,None,
2021-05-27T15:05:31.363993,4,5.876943003341674,1.046147,4.830796003341675,200,None,
2021-05-27T15:05:32.409427,17,5.124660183059692,0.262587,4.862073183059692,200,None,
2021-05-27T15:05:32.254585,3,5.330836978103638,0.611752,4.719084978103638,200,None,
2021-05-27T15:05:30.535657,7,7.106696965454102,0.728773,6.377923965454102,200,None,
2021-05-27T15:05:29.872323,25,7.8511021640625,1.689359,6.1617431640625,200,None,
2021-05-27T15:05:32.120571,26,5.617628751235962,0.719006,4.898622751235962,200,None,
2021-05-27T15:05:30.398295,22,7.411305274017334,2.145408,5.265897274017334,200,None,
2021-05-27T15:05:32.268325,12,5.785950004516602,0.701361,5.084589004516602,200,None,
2021-05-27T15:05:31.179339,19,6.994640055145264,1.361664,5.632976055145264,200,None,
2021-05-27T15:05:31.806277,11,6.560441904647827,1.220133,5.340308904647827,200,None,
2021-05-27T15:05:32.227616,5,6.150563975479126,0.827127,5.323436975479126,200,None,
2021-05-27T15:05:30.670155,27,7.72164382800293,2.219067,5.50257682800293,200,None,
2021-05-27T15:05:32.307333,15,6.106772261245728,0.448258,5.6585142612457275,200,None,
2021-05-27T15:05:30.111660,20,8.3346139291687,0.989617,7.344996929168701,200,None,
2021-05-27T15:05:31.151066,16,7.353379985580444,1.164135,6.189244985580444,200,None,
2021-05-27T15:05:32.359982,2,6.560371742935181,0.43672,6.123651742935181,200,None,
2021-05-27T15:05:31.894820,28,7.0366542532806395,0.866313,6.17034125328064,200,None,
2021-05-27T15:05:30.631115,9,8.31936997543335,2.27936,6.04000997543335,200,None,
2021-05-27T15:05:30.534172,0,8.515536056747436,0.556365,7.9591710567474365,200,None,
2021-05-27T15:05:31.676166,24,7.403960045837403,1.203224,6.200736045837402,200,None,
2021-05-27T15:05:31.065223,21,8.095778812698365,1.545004,6.550774812698364,200,None,
2021-05-27T15:05:31.881586,10,7.681673920211792,1.21056,6.471113920211792,200,None,
2021-05-27T15:05:30.426982,6,9.23044592805481,1.646756,7.58368992805481,200,None,
2021-05-27T15:05:30.439403,23,9.235305115631103,0.673703,8.561602115631104,200,None,
2021-05-27T15:05:29.830751,8,10.611884318634033,1.401221,9.210663318634033,200,None,
2021-05-27T15:05:32.939861,13,7.944409080627441,0.182903,7.761506080627441,200,None,
2021-05-27T15:05:37.727696,25,7.34276390637207,2.488163,4.85460090637207,200,None,
2021-05-27T15:05:38.419377,15,6.735043997909546,2.110502,4.624541997909546,200,None,
2021-05-27T15:05:37.246767,4,8.327878965545654,2.554976,5.772902965545654,200,None,
2021-05-27T15:05:39.054160,0,6.677786057693481,1.116332,5.5614540576934814,200,None,
2021-05-27T15:05:36.923062,1,8.949696252212524,2.17911,6.770586252212524,200,None,
2021-05-27T15:05:39.662205,6,6.3540201641387934,0.615732,5.738288164138794,200,None,
2021-05-27T15:05:38.451262,20,7.576476128067016,2.272414,5.304062128067017,200,None,
2021-05-27T15:05:38.938530,28,7.264640875839233,1.612099,5.652541875839233,200,None,
2021-05-27T15:05:39.165888,21,7.092309883590699,0.987796,6.104513883590698,200,None,
2021-05-27T15:05:38.059288,12,8.265482997650146,1.694944,6.5705389976501465,200,None,
2021-05-27T15:05:40.888363,13,5.6756018282318115,0.09964,5.5759618282318115,200,None,
2021-05-27T15:05:39.679295,23,6.988950977127075,0.696517,6.292433977127075,200,None,
